#
# There is insufficient memory for the Java Runtime Environment to continue.
# Native memory allocation (malloc) failed to allocate 65552 bytes. Error detail: Chunk::new
# Possible reasons:
#   The system is out of physical RAM or swap space
#   This process is running with CompressedOops enabled, and the Java Heap may be blocking the growth of the native heap
# Possible solutions:
#   Reduce memory load on the system
#   Increase physical memory or swap space
#   Check if swap backing store is full
#   Decrease Java heap size (-Xmx/-Xms)
#   Decrease number of Java threads
#   Decrease Java thread stack sizes (-Xss)
#   Set larger code cache with -XX:ReservedCodeCacheSize=
#   JVM is running with Unscaled Compressed Oops mode in which the Java heap is
#     placed in the first 4GB address space. The Java Heap base address is the
#     maximum limit for the native heap growth. Please use -XX:HeapBaseMinAddress
#     to set the Java Heap base and to place the Java Heap above 4GB virtual address.
# This output file may be truncated or incomplete.
#
#  Out of Memory Error (arena.cpp:168), pid=6168, tid=12464
#
# JRE version: OpenJDK Runtime Environment Temurin-21.0.8+9 (21.0.8+9) (build 21.0.8+9-LTS)
# Java VM: OpenJDK 64-Bit Server VM Temurin-21.0.8+9 (21.0.8+9-LTS, mixed mode, sharing, tiered, compressed oops, compressed class ptrs, parallel gc, windows-amd64)
# No core dump will be written. Minidumps are not enabled by default on client versions of Windows
#

---------------  S U M M A R Y ------------

Command Line: --add-modules=ALL-SYSTEM --add-opens=java.base/java.util=ALL-UNNAMED --add-opens=java.base/java.lang=ALL-UNNAMED --add-opens=java.base/sun.nio.fs=ALL-UNNAMED -Declipse.application=org.eclipse.jdt.ls.core.id1 -Dosgi.bundles.defaultStartLevel=4 -Declipse.product=org.eclipse.jdt.ls.core.product -Djava.import.generatesMetadataFilesAtProjectRoot=false -DDetectVMInstallationsJob.disabled=true -Dfile.encoding=utf8 -XX:+UseParallelGC -XX:GCTimeRatio=4 -XX:AdaptiveSizePolicyWeight=90 -Dsun.zip.disableMemoryMapping=true -Xmx2G -Xms100m -Xlog:disable -javaagent:c:\Users\LUIGGI\.vscode\extensions\redhat.java-1.46.0-win32-x64\lombok\lombok-1.18.39-4050.jar -XX:+HeapDumpOnOutOfMemoryError -XX:HeapDumpPath=c:\Users\LUIGGI\AppData\Roaming\Code\User\workspaceStorage\cdaab95eed81a43ac8717f4e79673a67\redhat.java -Daether.dependencyCollector.impl=bf c:\Users\LUIGGI\.vscode\extensions\redhat.java-1.46.0-win32-x64\server\plugins\org.eclipse.equinox.launcher_1.7.0.v20250519-0528.jar -configuration c:\Users\LUIGGI\AppData\Roaming\Code\User\globalStorage\redhat.java\1.46.0\config_win -data c:\Users\LUIGGI\AppData\Roaming\Code\User\workspaceStorage\cdaab95eed81a43ac8717f4e79673a67\redhat.java\jdt_ws --pipe=\\.\pipe\lsp-8601ab050e80a83ac7778dca13129299-sock

Host: Intel(R) Core(TM) i3-3220 CPU @ 3.30GHz, 4 cores, 7G,  Windows 10 , 64 bit Build 19041 (10.0.19041.5915)
Time: Sat Oct 11 20:16:34 2025 Hora est. Pacífico, Sudamérica elapsed time: 47.728723 seconds (0d 0h 0m 47s)

---------------  T H R E A D  ---------------

Current thread (0x0000027ff95e6cb0):  JavaThread "C2 CompilerThread0" daemon [_thread_in_native, id=12464, stack(0x000000c1d8600000,0x000000c1d8700000) (1024K)]


Current CompileTask:
C2:47728 6111       4       java.lang.invoke.MethodType::methodType (69 bytes)

Stack: [0x000000c1d8600000,0x000000c1d8700000]
Native frames: (J=compiled Java code, j=interpreted, Vv=VM code, C=native code)
V  [jvm.dll+0x6d2449]
V  [jvm.dll+0x8ae341]
V  [jvm.dll+0x8b08be]
V  [jvm.dll+0x8b0fa3]
V  [jvm.dll+0x280c96]
V  [jvm.dll+0xc581d]
V  [jvm.dll+0xc5d53]
V  [jvm.dll+0xd310d]
V  [jvm.dll+0x5ea16f]
V  [jvm.dll+0x5e8c5d]
V  [jvm.dll+0x5e836e]
V  [jvm.dll+0x5e8381]
V  [jvm.dll+0x5e8381]
V  [jvm.dll+0x5e8381]
V  [jvm.dll+0x5e8381]
V  [jvm.dll+0x5e8381]
V  [jvm.dll+0x5e8381]
V  [jvm.dll+0x5e8381]
V  [jvm.dll+0x5fa775]
V  [jvm.dll+0x252092]
V  [jvm.dll+0x24aa06]
V  [jvm.dll+0x2483a4]
V  [jvm.dll+0x1c89ee]
V  [jvm.dll+0x257d4d]
V  [jvm.dll+0x2562ea]
V  [jvm.dll+0x3f2d16]
V  [jvm.dll+0x857e6b]
V  [jvm.dll+0x6d0b0d]
C  [ucrtbase.dll+0x21bb2]
C  [KERNEL32.DLL+0x17374]
C  [ntdll.dll+0x4cc91]


---------------  P R O C E S S  ---------------

Threads class SMR info:
_java_thread_list=0x0000027fd8e7f920, length=36, elements={
0x0000027ff96ef710, 0x0000027ff95dc2a0, 0x0000027ff95de1b0, 0x0000027ff95e0750,
0x0000027ff95e1660, 0x0000027ff95e3420, 0x0000027ff95e5e80, 0x0000027ff95e6cb0,
0x0000027ff96597d0, 0x0000027ffdca0090, 0x0000027ffdefd1e0, 0x0000027ffe5af540,
0x0000027ffe4092f0, 0x0000027ffe2c40f0, 0x0000027ffdcb8330, 0x0000027ffe858890,
0x0000027ffe756550, 0x0000027ffe3e1320, 0x0000027ffe3e2040, 0x0000027ffe3e4110,
0x0000027ffe3e47a0, 0x0000027ffe3e33f0, 0x0000027ffe3e26d0, 0x0000027ffe3e2d60,
0x0000027ffe3e3a80, 0x0000027fdb3a5c80, 0x0000027fdb3a4f60, 0x0000027fdb3a00a0,
0x0000027fdb3a2800, 0x0000027fdb3a3520, 0x0000027fdb3a0dc0, 0x0000027fdb3a4240,
0x0000027fdb3a48d0, 0x0000027fdb3a2e90, 0x0000027fdb3a6310, 0x0000027fdb3a3bb0
}
_to_delete_list=0x0000027fd91f30a0, length=35, elements={
0x0000027ff96ef710, 0x0000027ff95dc2a0, 0x0000027ff95de1b0, 0x0000027ff95e0750,
0x0000027ff95e1660, 0x0000027ff95e3420, 0x0000027ff95e5e80, 0x0000027ff95e6cb0,
0x0000027ff96597d0, 0x0000027ffdca0090, 0x0000027ffdefd1e0, 0x0000027ffe5af540,
0x0000027ffe4092f0, 0x0000027ffe2c40f0, 0x0000027ffdcb8330, 0x0000027ffe858890,
0x0000027ffe756550, 0x0000027ffe3e1320, 0x0000027ffe3e2040, 0x0000027ffe3e4110,
0x0000027ffe3e47a0, 0x0000027ffe3e33f0, 0x0000027ffe3e26d0, 0x0000027ffe3e2d60,
0x0000027ffe3e3a80, 0x0000027fdb3a5c80, 0x0000027fdb3a4f60, 0x0000027fdb3a00a0,
0x0000027fdb3a2800, 0x0000027fdb3a3520, 0x0000027fdb3a0dc0, 0x0000027fdb3a4240,
0x0000027fdb3a48d0, 0x0000027fdb3a2e90, 0x0000027fdb3a6310
}

Java Threads: ( => current thread )
  0x0000027ff96ef710 JavaThread "main"                              [_thread_blocked, id=8180, stack(0x000000c1d7c00000,0x000000c1d7d00000) (1024K)]
  0x0000027ff95dc2a0 JavaThread "Reference Handler"          daemon [_thread_blocked, id=13796, stack(0x000000c1d8000000,0x000000c1d8100000) (1024K)]
  0x0000027ff95de1b0 JavaThread "Finalizer"                  daemon [_thread_blocked, id=13928, stack(0x000000c1d8100000,0x000000c1d8200000) (1024K)]
  0x0000027ff95e0750 JavaThread "Signal Dispatcher"          daemon [_thread_blocked, id=14256, stack(0x000000c1d8200000,0x000000c1d8300000) (1024K)]
  0x0000027ff95e1660 JavaThread "Attach Listener"            daemon [_thread_blocked, id=14076, stack(0x000000c1d8300000,0x000000c1d8400000) (1024K)]
  0x0000027ff95e3420 JavaThread "Service Thread"             daemon [_thread_blocked, id=12376, stack(0x000000c1d8400000,0x000000c1d8500000) (1024K)]
  0x0000027ff95e5e80 JavaThread "Monitor Deflation Thread"   daemon [_thread_blocked, id=14080, stack(0x000000c1d8500000,0x000000c1d8600000) (1024K)]
=>0x0000027ff95e6cb0 JavaThread "C2 CompilerThread0"         daemon [_thread_in_native, id=12464, stack(0x000000c1d8600000,0x000000c1d8700000) (1024K)]
  0x0000027ff96597d0 JavaThread "C1 CompilerThread0"         daemon [_thread_blocked, id=13800, stack(0x000000c1d8700000,0x000000c1d8800000) (1024K)]
  0x0000027ffdca0090 JavaThread "Common-Cleaner"             daemon [_thread_blocked, id=13548, stack(0x000000c1d8800000,0x000000c1d8900000) (1024K)]
  0x0000027ffdefd1e0 JavaThread "Notification Thread"        daemon [_thread_blocked, id=13432, stack(0x000000c1d8900000,0x000000c1d8a00000) (1024K)]
  0x0000027ffe5af540 JavaThread "Active Thread: Equinox Container: b4cb705e-0af0-4888-b4e4-bf87c75e4c5f"        [_thread_blocked, id=14264, stack(0x000000c1d8d00000,0x000000c1d8e00000) (1024K)]
  0x0000027ffe4092f0 JavaThread "Refresh Thread: Equinox Container: b4cb705e-0af0-4888-b4e4-bf87c75e4c5f" daemon [_thread_blocked, id=10772, stack(0x000000c1d8e00000,0x000000c1d8f00000) (1024K)]
  0x0000027ffe2c40f0 JavaThread "Framework Event Dispatcher: Equinox Container: b4cb705e-0af0-4888-b4e4-bf87c75e4c5f" daemon [_thread_blocked, id=6184, stack(0x000000c1d8f00000,0x000000c1d9000000) (1024K)]
  0x0000027ffdcb8330 JavaThread "Start Level: Equinox Container: b4cb705e-0af0-4888-b4e4-bf87c75e4c5f" daemon [_thread_blocked, id=6728, stack(0x000000c1d9000000,0x000000c1d9100000) (1024K)]
  0x0000027ffe858890 JavaThread "Bundle File Closer"         daemon [_thread_blocked, id=13088, stack(0x000000c1d9100000,0x000000c1d9200000) (1024K)]
  0x0000027ffe756550 JavaThread "SCR Component Actor"        daemon [_thread_blocked, id=4640, stack(0x000000c1d9300000,0x000000c1d9400000) (1024K)]
  0x0000027ffe3e1320 JavaThread "Worker-JM"                         [_thread_blocked, id=10888, stack(0x000000c1d9200000,0x000000c1d9300000) (1024K)]
  0x0000027ffe3e2040 JavaThread "JNA Cleaner"                daemon [_thread_blocked, id=12648, stack(0x000000c1d9400000,0x000000c1d9500000) (1024K)]
  0x0000027ffe3e4110 JavaThread "Worker-0: Repository registry initialization"        [_thread_in_Java, id=11604, stack(0x000000c1d9500000,0x000000c1d9600000) (1024K)]
  0x0000027ffe3e47a0 JavaThread "Worker-1"                          [_thread_blocked, id=10088, stack(0x000000c1d9600000,0x000000c1d9700000) (1024K)]
  0x0000027ffe3e33f0 JavaThread "Worker-2"                          [_thread_blocked, id=11024, stack(0x000000c1d9800000,0x000000c1d9900000) (1024K)]
  0x0000027ffe3e26d0 JavaThread "Java indexing"              daemon [_thread_blocked, id=2644, stack(0x000000c1d9900000,0x000000c1d9a00000) (1024K)]
  0x0000027ffe3e2d60 JavaThread "Worker-3"                          [_thread_blocked, id=7512, stack(0x000000c1d9a00000,0x000000c1d9b00000) (1024K)]
  0x0000027ffe3e3a80 JavaThread "Worker-4"                          [_thread_blocked, id=4964, stack(0x000000c1d9b00000,0x000000c1d9c00000) (1024K)]
  0x0000027fdb3a5c80 JavaThread "Thread-1"                   daemon [_thread_in_native, id=12504, stack(0x000000c1d9c00000,0x000000c1d9d00000) (1024K)]
  0x0000027fdb3a4f60 JavaThread "Thread-2"                   daemon [_thread_in_native, id=248, stack(0x000000c1d9d00000,0x000000c1d9e00000) (1024K)]
  0x0000027fdb3a00a0 JavaThread "Thread-3"                   daemon [_thread_in_native, id=2084, stack(0x000000c1d9e00000,0x000000c1d9f00000) (1024K)]
  0x0000027fdb3a2800 JavaThread "Thread-4"                   daemon [_thread_in_native, id=2572, stack(0x000000c1d9f00000,0x000000c1da000000) (1024K)]
  0x0000027fdb3a3520 JavaThread "Thread-5"                   daemon [_thread_in_native, id=6372, stack(0x000000c1da000000,0x000000c1da100000) (1024K)]
  0x0000027fdb3a0dc0 JavaThread "pool-2-thread-1"                   [_thread_blocked, id=8780, stack(0x000000c1da100000,0x000000c1da200000) (1024K)]
  0x0000027fdb3a4240 JavaThread "WorkspaceEventsHandler"            [_thread_blocked, id=11572, stack(0x000000c1da200000,0x000000c1da300000) (1024K)]
  0x0000027fdb3a48d0 JavaThread "pool-1-thread-1"                   [_thread_blocked, id=10640, stack(0x000000c1da300000,0x000000c1da400000) (1024K)]
  0x0000027fdb3a2e90 JavaThread "ForkJoinPool.commonPool-worker-1" daemon [_thread_blocked, id=8740, stack(0x000000c1d9700000,0x000000c1d9800000) (1024K)]
  0x0000027fdb3a6310 JavaThread "ForkJoinPool.commonPool-worker-2" daemon [_thread_blocked, id=12652, stack(0x000000c1da400000,0x000000c1da500000) (1024K)]
  0x0000027fdb3a3bb0 JavaThread "ForkJoinPool.commonPool-worker-3" daemon [_thread_blocked, id=12444, stack(0x000000c1da500000,0x000000c1da600000) (1024K)]
Total: 36

Other Threads:
  0x0000027ff97b3310 VMThread "VM Thread"                           [id=14212, stack(0x000000c1d7f00000,0x000000c1d8000000) (1024K)]
  0x0000027ff975d710 WatcherThread "VM Periodic Task Thread"        [id=14172, stack(0x000000c1d7e00000,0x000000c1d7f00000) (1024K)]
  0x0000027ff970ed80 WorkerThread "GC Thread#0"                     [id=13528, stack(0x000000c1d7d00000,0x000000c1d7e00000) (1024K)]
  0x0000027ffdf4afe0 WorkerThread "GC Thread#1"                     [id=13408, stack(0x000000c1d8a00000,0x000000c1d8b00000) (1024K)]
  0x0000027ffe2f4040 WorkerThread "GC Thread#2"                     [id=13924, stack(0x000000c1d8b00000,0x000000c1d8c00000) (1024K)]
  0x0000027ffe2f43e0 WorkerThread "GC Thread#3"                     [id=7644, stack(0x000000c1d8c00000,0x000000c1d8d00000) (1024K)]
Total: 6

Threads with active compile tasks:
C2 CompilerThread0  47793 6111       4       java.lang.invoke.MethodType::methodType (69 bytes)
Total: 1

VM state: not at safepoint (normal execution)

VM Mutex/Monitor currently owned by a thread: None

Heap address: 0x0000000080000000, size: 2048 MB, Compressed Oops mode: 32-bit

CDS archive(s) mapped at: [0x0000027f93000000-0x0000027f93ba0000-0x0000027f93ba0000), size 12189696, SharedBaseAddress: 0x0000027f93000000, ArchiveRelocationMode: 1.
Compressed class space mapped at: 0x0000027f94000000-0x0000027fd4000000, reserved size: 1073741824
Narrow klass base: 0x0000027f93000000, Narrow klass shift: 0, Narrow klass range: 0x100000000

GC Precious Log:
 CardTable entry size: 512
 CPUs: 4 total, 4 available
 Memory: 8079M
 Large Page Support: Disabled
 NUMA Support: Disabled
 Compressed Oops: Enabled (32-bit)
 Alignments: Space 512K, Generation 512K, Heap 2M
 Heap Min Capacity: 100M
 Heap Initial Capacity: 100M
 Heap Max Capacity: 2G
 Pre-touch: Disabled
 Parallel Workers: 4

Heap:
 PSYoungGen      total 23552K, used 10692K [0x00000000d5580000, 0x00000000d7d00000, 0x0000000100000000)
  eden space 22016K, 41% used [0x00000000d5580000,0x00000000d5e71270,0x00000000d6b00000)
  from space 1536K, 100% used [0x00000000d6c00000,0x00000000d6d80000,0x00000000d6d80000)
  to   space 9216K, 0% used [0x00000000d7400000,0x00000000d7400000,0x00000000d7d00000)
 ParOldGen       total 68608K, used 28392K [0x0000000080000000, 0x0000000084300000, 0x00000000d5580000)
  object space 68608K, 41% used [0x0000000080000000,0x0000000081bba180,0x0000000084300000)
 Metaspace       used 44550K, committed 45760K, reserved 1114112K
  class space    used 4851K, committed 5376K, reserved 1048576K

Card table byte_map: [0x0000027ff90a0000,0x0000027ff94b0000] _byte_map_base: 0x0000027ff8ca0000

Marking Bits: (ParMarkBitMap*) 0x00007ffd811ba340
 Begin Bits: [0x0000027f8f000000, 0x0000027f91000000)
 End Bits:   [0x0000027f91000000, 0x0000027f93000000)

Polling page: 0x0000027ff7510000

Metaspace:

Usage:
  Non-class:     38.77 MB used.
      Class:      4.74 MB used.
       Both:     43.51 MB used.

Virtual space:
  Non-class space:       64.00 MB reserved,      39.44 MB ( 62%) committed,  1 nodes.
      Class space:        1.00 GB reserved,       5.25 MB ( <1%) committed,  1 nodes.
             Both:        1.06 GB reserved,      44.69 MB (  4%) committed. 

Chunk freelists:
   Non-Class:  7.73 MB
       Class:  10.64 MB
        Both:  18.38 MB

MaxMetaspaceSize: unlimited
CompressedClassSpaceSize: 1.00 GB
Initial GC threshold: 21.00 MB
Current GC threshold: 58.38 MB
CDS: on
 - commit_granule_bytes: 65536.
 - commit_granule_words: 8192.
 - virtual_space_node_default_size: 8388608.
 - enlarge_chunks_in_place: 1.
 - use_allocation_guard: 0.


Internal statistics:

num_allocs_failed_limit: 6.
num_arena_births: 968.
num_arena_deaths: 14.
num_vsnodes_births: 2.
num_vsnodes_deaths: 0.
num_space_committed: 715.
num_space_uncommitted: 0.
num_chunks_returned_to_freelist: 20.
num_chunks_taken_from_freelist: 2979.
num_chunk_merges: 12.
num_chunk_splits: 1859.
num_chunks_enlarged: 1032.
num_inconsistent_stats: 0.

CodeHeap 'non-profiled nmethods': size=120000Kb used=2730Kb max_used=2730Kb free=117270Kb
 bounds [0x0000027f87ad0000, 0x0000027f87d80000, 0x0000027f8f000000]
CodeHeap 'profiled nmethods': size=120000Kb used=11864Kb max_used=11864Kb free=108135Kb
 bounds [0x0000027f80000000, 0x0000027f80ba0000, 0x0000027f87530000]
CodeHeap 'non-nmethods': size=5760Kb used=1359Kb max_used=1413Kb free=4400Kb
 bounds [0x0000027f87530000, 0x0000027f877a0000, 0x0000027f87ad0000]
CodeCache: size=245760Kb, used=15953Kb, max_used=16007Kb, free=229805Kb
 total_blobs=6213, nmethods=5556, adapters=563, full_count=0
Compilation: enabled, stopped_count=0, restarted_count=0

Compilation events (20 events):
Event: 47.717 Thread 0x0000027ff96597d0 nmethod 6146 0x0000027f80b87910 code [0x0000027f80b87ac0, 0x0000027f80b87cc8]
Event: 47.718 Thread 0x0000027ff96597d0 6147       3       com.google.inject.internal.SingletonScope::scope (11 bytes)
Event: 47.718 Thread 0x0000027ff96597d0 nmethod 6147 0x0000027f80b87d90 code [0x0000027f80b87f40, 0x0000027f80b88100]
Event: 47.718 Thread 0x0000027ff96597d0 6150       3       org.eclipse.sisu.bean.DeclaredMembers$MemberIterator::hasNext (97 bytes)
Event: 47.719 Thread 0x0000027ff96597d0 nmethod 6150 0x0000027f80b88210 code [0x0000027f80b88400, 0x0000027f80b88820]
Event: 47.719 Thread 0x0000027ff96597d0 6148       3       com.google.inject.internal.SingletonScope$1::<init> (77 bytes)
Event: 47.719 Thread 0x0000027ff96597d0 nmethod 6148 0x0000027f80b88a10 code [0x0000027f80b88c00, 0x0000027f80b89230]
Event: 47.720 Thread 0x0000027ff96597d0 6149       3       com.google.inject.internal.ConstructionContext::<init> (5 bytes)
Event: 47.720 Thread 0x0000027ff96597d0 nmethod 6149 0x0000027f80b89410 code [0x0000027f80b895c0, 0x0000027f80b89728]
Event: 47.721 Thread 0x0000027ff96597d0 6151       3       java.util.HashSet::toArray (16 bytes)
Event: 47.721 Thread 0x0000027ff96597d0 nmethod 6151 0x0000027f80b89810 code [0x0000027f80b899c0, 0x0000027f80b89be0]
Event: 47.722 Thread 0x0000027ff96597d0 6152       1       com.google.common.cache.LocalCache$WeakEntry::getNext (5 bytes)
Event: 47.722 Thread 0x0000027ff96597d0 nmethod 6152 0x0000027f87d7a510 code [0x0000027f87d7a6a0, 0x0000027f87d7a768]
Event: 47.723 Thread 0x0000027ff96597d0 6153   !   3       jdk.internal.reflect.MethodHandleObjectFieldAccessorImpl::get (46 bytes)
Event: 47.725 Thread 0x0000027ff96597d0 nmethod 6153 0x0000027f80b89d10 code [0x0000027f80b89fc0, 0x0000027f80b8aca0]
Event: 47.725 Thread 0x0000027ff96597d0 6155       3       org.eclipse.sisu.bean.DeclaredMembers$MemberIterator::next (5 bytes)
Event: 47.726 Thread 0x0000027ff96597d0 nmethod 6155 0x0000027f80b8b410 code [0x0000027f80b8b5e0, 0x0000027f80b8b8c8]
Event: 47.726 Thread 0x0000027ff96597d0 6156       3       org.eclipse.sisu.bean.DeclaredMembers$MemberIterator::next (32 bytes)
Event: 47.726 Thread 0x0000027ff96597d0 nmethod 6156 0x0000027f80b8ba90 code [0x0000027f80b8bc60, 0x0000027f80b8bef0]
Event: 47.726 Thread 0x0000027ff96597d0 6157       3       java.lang.AbstractStringBuilder::delete (55 bytes)

GC Heap History (20 events):
Event: 40.826 GC heap before
{Heap before GC invocations=10 (full 1):
 PSYoungGen      total 27648K, used 27175K [0x00000000d5580000, 0x00000000d7680000, 0x0000000100000000)
  eden space 24064K, 100% used [0x00000000d5580000,0x00000000d6d00000,0x00000000d6d00000)
  from space 3584K, 86% used [0x00000000d7300000,0x00000000d7609e70,0x00000000d7680000)
  to   space 3584K, 0% used [0x00000000d6f80000,0x00000000d6f80000,0x00000000d7300000)
 ParOldGen       total 68608K, used 13282K [0x0000000080000000, 0x0000000084300000, 0x00000000d5580000)
  object space 68608K, 19% used [0x0000000080000000,0x0000000080cf8960,0x0000000084300000)
 Metaspace       used 26450K, committed 27392K, reserved 1114112K
  class space    used 2649K, committed 3008K, reserved 1048576K
}
Event: 40.828 GC heap after
{Heap after GC invocations=10 (full 1):
 PSYoungGen      total 25088K, used 1388K [0x00000000d5580000, 0x00000000d7380000, 0x0000000100000000)
  eden space 23552K, 0% used [0x00000000d5580000,0x00000000d5580000,0x00000000d6c80000)
  from space 1536K, 90% used [0x00000000d6f80000,0x00000000d70db028,0x00000000d7100000)
  to   space 2560K, 0% used [0x00000000d7100000,0x00000000d7100000,0x00000000d7380000)
 ParOldGen       total 68608K, used 13290K [0x0000000080000000, 0x0000000084300000, 0x00000000d5580000)
  object space 68608K, 19% used [0x0000000080000000,0x0000000080cfa960,0x0000000084300000)
 Metaspace       used 26450K, committed 27392K, reserved 1114112K
  class space    used 2649K, committed 3008K, reserved 1048576K
}
Event: 41.288 GC heap before
{Heap before GC invocations=11 (full 1):
 PSYoungGen      total 25088K, used 24940K [0x00000000d5580000, 0x00000000d7380000, 0x0000000100000000)
  eden space 23552K, 100% used [0x00000000d5580000,0x00000000d6c80000,0x00000000d6c80000)
  from space 1536K, 90% used [0x00000000d6f80000,0x00000000d70db028,0x00000000d7100000)
  to   space 2560K, 0% used [0x00000000d7100000,0x00000000d7100000,0x00000000d7380000)
 ParOldGen       total 68608K, used 13290K [0x0000000080000000, 0x0000000084300000, 0x00000000d5580000)
  object space 68608K, 19% used [0x0000000080000000,0x0000000080cfa960,0x0000000084300000)
 Metaspace       used 28007K, committed 28992K, reserved 1114112K
  class space    used 2797K, committed 3200K, reserved 1048576K
}
Event: 41.292 GC heap after
{Heap after GC invocations=11 (full 1):
 PSYoungGen      total 25600K, used 2534K [0x00000000d5580000, 0x00000000d7500000, 0x0000000100000000)
  eden space 23040K, 0% used [0x00000000d5580000,0x00000000d5580000,0x00000000d6c00000)
  from space 2560K, 99% used [0x00000000d7100000,0x00000000d7379b38,0x00000000d7380000)
  to   space 4608K, 0% used [0x00000000d6c00000,0x00000000d6c00000,0x00000000d7080000)
 ParOldGen       total 68608K, used 14598K [0x0000000080000000, 0x0000000084300000, 0x00000000d5580000)
  object space 68608K, 21% used [0x0000000080000000,0x0000000080e41ab0,0x0000000084300000)
 Metaspace       used 28007K, committed 28992K, reserved 1114112K
  class space    used 2797K, committed 3200K, reserved 1048576K
}
Event: 42.482 GC heap before
{Heap before GC invocations=12 (full 1):
 PSYoungGen      total 25600K, used 25574K [0x00000000d5580000, 0x00000000d7500000, 0x0000000100000000)
  eden space 23040K, 100% used [0x00000000d5580000,0x00000000d6c00000,0x00000000d6c00000)
  from space 2560K, 99% used [0x00000000d7100000,0x00000000d7379b38,0x00000000d7380000)
  to   space 4608K, 0% used [0x00000000d6c00000,0x00000000d6c00000,0x00000000d7080000)
 ParOldGen       total 68608K, used 14598K [0x0000000080000000, 0x0000000084300000, 0x00000000d5580000)
  object space 68608K, 21% used [0x0000000080000000,0x0000000080e41ab0,0x0000000084300000)
 Metaspace       used 30862K, committed 31872K, reserved 1114112K
  class space    used 3150K, committed 3584K, reserved 1048576K
}
Event: 42.486 GC heap after
{Heap after GC invocations=12 (full 1):
 PSYoungGen      total 24064K, used 1242K [0x00000000d5580000, 0x00000000d7180000, 0x0000000100000000)
  eden space 22528K, 0% used [0x00000000d5580000,0x00000000d5580000,0x00000000d6b80000)
  from space 1536K, 80% used [0x00000000d6c00000,0x00000000d6d369c8,0x00000000d6d80000)
  to   space 2560K, 0% used [0x00000000d6f00000,0x00000000d6f00000,0x00000000d7180000)
 ParOldGen       total 68608K, used 16990K [0x0000000080000000, 0x0000000084300000, 0x00000000d5580000)
  object space 68608K, 24% used [0x0000000080000000,0x00000000810979f0,0x0000000084300000)
 Metaspace       used 30862K, committed 31872K, reserved 1114112K
  class space    used 3150K, committed 3584K, reserved 1048576K
}
Event: 43.088 GC heap before
{Heap before GC invocations=13 (full 1):
 PSYoungGen      total 24064K, used 23770K [0x00000000d5580000, 0x00000000d7180000, 0x0000000100000000)
  eden space 22528K, 100% used [0x00000000d5580000,0x00000000d6b80000,0x00000000d6b80000)
  from space 1536K, 80% used [0x00000000d6c00000,0x00000000d6d369c8,0x00000000d6d80000)
  to   space 2560K, 0% used [0x00000000d6f00000,0x00000000d6f00000,0x00000000d7180000)
 ParOldGen       total 68608K, used 16990K [0x0000000080000000, 0x0000000084300000, 0x00000000d5580000)
  object space 68608K, 24% used [0x0000000080000000,0x00000000810979f0,0x0000000084300000)
 Metaspace       used 33191K, committed 34240K, reserved 1114112K
  class space    used 3412K, committed 3840K, reserved 1048576K
}
Event: 43.090 GC heap after
{Heap after GC invocations=13 (full 1):
 PSYoungGen      total 23040K, used 940K [0x00000000d5580000, 0x00000000d7000000, 0x0000000100000000)
  eden space 22016K, 0% used [0x00000000d5580000,0x00000000d5580000,0x00000000d6b00000)
  from space 1024K, 91% used [0x00000000d6f00000,0x00000000d6feb0a8,0x00000000d7000000)
  to   space 1536K, 0% used [0x00000000d6d00000,0x00000000d6d00000,0x00000000d6e80000)
 ParOldGen       total 68608K, used 18174K [0x0000000080000000, 0x0000000084300000, 0x00000000d5580000)
  object space 68608K, 26% used [0x0000000080000000,0x00000000811bf970,0x0000000084300000)
 Metaspace       used 33191K, committed 34240K, reserved 1114112K
  class space    used 3412K, committed 3840K, reserved 1048576K
}
Event: 43.524 GC heap before
{Heap before GC invocations=14 (full 1):
 PSYoungGen      total 23040K, used 17697K [0x00000000d5580000, 0x00000000d7000000, 0x0000000100000000)
  eden space 22016K, 76% used [0x00000000d5580000,0x00000000d65dd5d8,0x00000000d6b00000)
  from space 1024K, 91% used [0x00000000d6f00000,0x00000000d6feb0a8,0x00000000d7000000)
  to   space 1536K, 0% used [0x00000000d6d00000,0x00000000d6d00000,0x00000000d6e80000)
 ParOldGen       total 68608K, used 18174K [0x0000000080000000, 0x0000000084300000, 0x00000000d5580000)
  object space 68608K, 26% used [0x0000000080000000,0x00000000811bf970,0x0000000084300000)
 Metaspace       used 34766K, committed 35840K, reserved 1114112K
  class space    used 3598K, committed 4032K, reserved 1048576K
}
Event: 43.528 GC heap after
{Heap after GC invocations=14 (full 1):
 PSYoungGen      total 23552K, used 1102K [0x00000000d5580000, 0x00000000d6f80000, 0x0000000100000000)
  eden space 22016K, 0% used [0x00000000d5580000,0x00000000d5580000,0x00000000d6b00000)
  from space 1536K, 71% used [0x00000000d6d00000,0x00000000d6e13b40,0x00000000d6e80000)
  to   space 1024K, 0% used [0x00000000d6e80000,0x00000000d6e80000,0x00000000d6f80000)
 ParOldGen       total 68608K, used 19027K [0x0000000080000000, 0x0000000084300000, 0x00000000d5580000)
  object space 68608K, 27% used [0x0000000080000000,0x0000000081294c68,0x0000000084300000)
 Metaspace       used 34766K, committed 35840K, reserved 1114112K
  class space    used 3598K, committed 4032K, reserved 1048576K
}
Event: 43.528 GC heap before
{Heap before GC invocations=15 (full 2):
 PSYoungGen      total 23552K, used 1102K [0x00000000d5580000, 0x00000000d6f80000, 0x0000000100000000)
  eden space 22016K, 0% used [0x00000000d5580000,0x00000000d5580000,0x00000000d6b00000)
  from space 1536K, 71% used [0x00000000d6d00000,0x00000000d6e13b40,0x00000000d6e80000)
  to   space 1024K, 0% used [0x00000000d6e80000,0x00000000d6e80000,0x00000000d6f80000)
 ParOldGen       total 68608K, used 19027K [0x0000000080000000, 0x0000000084300000, 0x00000000d5580000)
  object space 68608K, 27% used [0x0000000080000000,0x0000000081294c68,0x0000000084300000)
 Metaspace       used 34766K, committed 35840K, reserved 1114112K
  class space    used 3598K, committed 4032K, reserved 1048576K
}
Event: 43.595 GC heap after
{Heap after GC invocations=15 (full 2):
 PSYoungGen      total 23552K, used 0K [0x00000000d5580000, 0x00000000d6f80000, 0x0000000100000000)
  eden space 22016K, 0% used [0x00000000d5580000,0x00000000d5580000,0x00000000d6b00000)
  from space 1536K, 0% used [0x00000000d6d00000,0x00000000d6d00000,0x00000000d6e80000)
  to   space 1024K, 0% used [0x00000000d6e80000,0x00000000d6e80000,0x00000000d6f80000)
 ParOldGen       total 68608K, used 18785K [0x0000000080000000, 0x0000000084300000, 0x00000000d5580000)
  object space 68608K, 27% used [0x0000000080000000,0x00000000812587c8,0x0000000084300000)
 Metaspace       used 34766K, committed 35840K, reserved 1114112K
  class space    used 3598K, committed 4032K, reserved 1048576K
}
Event: 44.208 GC heap before
{Heap before GC invocations=16 (full 2):
 PSYoungGen      total 23552K, used 22016K [0x00000000d5580000, 0x00000000d6f80000, 0x0000000100000000)
  eden space 22016K, 100% used [0x00000000d5580000,0x00000000d6b00000,0x00000000d6b00000)
  from space 1536K, 0% used [0x00000000d6d00000,0x00000000d6d00000,0x00000000d6e80000)
  to   space 1024K, 0% used [0x00000000d6e80000,0x00000000d6e80000,0x00000000d6f80000)
 ParOldGen       total 68608K, used 18788K [0x0000000080000000, 0x0000000084300000, 0x00000000d5580000)
  object space 68608K, 27% used [0x0000000080000000,0x00000000812590b0,0x0000000084300000)
 Metaspace       used 37144K, committed 38272K, reserved 1114112K
  class space    used 3892K, committed 4416K, reserved 1048576K
}
Event: 44.214 GC heap after
{Heap after GC invocations=16 (full 2):
 PSYoungGen      total 23040K, used 1011K [0x00000000d5580000, 0x00000000d7000000, 0x0000000100000000)
  eden space 22016K, 0% used [0x00000000d5580000,0x00000000d5580000,0x00000000d6b00000)
  from space 1024K, 98% used [0x00000000d6e80000,0x00000000d6f7cf38,0x00000000d6f80000)
  to   space 2560K, 0% used [0x00000000d6b00000,0x00000000d6b00000,0x00000000d6d80000)
 ParOldGen       total 68608K, used 19860K [0x0000000080000000, 0x0000000084300000, 0x00000000d5580000)
  object space 68608K, 28% used [0x0000000080000000,0x00000000813650b0,0x0000000084300000)
 Metaspace       used 37144K, committed 38272K, reserved 1114112K
  class space    used 3892K, committed 4416K, reserved 1048576K
}
Event: 44.940 GC heap before
{Heap before GC invocations=17 (full 2):
 PSYoungGen      total 23040K, used 23027K [0x00000000d5580000, 0x00000000d7000000, 0x0000000100000000)
  eden space 22016K, 100% used [0x00000000d5580000,0x00000000d6b00000,0x00000000d6b00000)
  from space 1024K, 98% used [0x00000000d6e80000,0x00000000d6f7cf38,0x00000000d6f80000)
  to   space 2560K, 0% used [0x00000000d6b00000,0x00000000d6b00000,0x00000000d6d80000)
 ParOldGen       total 68608K, used 19860K [0x0000000080000000, 0x0000000084300000, 0x00000000d5580000)
  object space 68608K, 28% used [0x0000000080000000,0x00000000813650b0,0x0000000084300000)
 Metaspace       used 39586K, committed 40832K, reserved 1114112K
  class space    used 4213K, committed 4800K, reserved 1048576K
}
Event: 44.944 GC heap after
{Heap after GC invocations=17 (full 2):
 PSYoungGen      total 24576K, used 1200K [0x00000000d5580000, 0x00000000d6f00000, 0x0000000100000000)
  eden space 22016K, 0% used [0x00000000d5580000,0x00000000d5580000,0x00000000d6b00000)
  from space 2560K, 46% used [0x00000000d6b00000,0x00000000d6c2c010,0x00000000d6d80000)
  to   space 1536K, 0% used [0x00000000d6d80000,0x00000000d6d80000,0x00000000d6f00000)
 ParOldGen       total 68608K, used 20808K [0x0000000080000000, 0x0000000084300000, 0x00000000d5580000)
  object space 68608K, 30% used [0x0000000080000000,0x00000000814522a0,0x0000000084300000)
 Metaspace       used 39586K, committed 40832K, reserved 1114112K
  class space    used 4213K, committed 4800K, reserved 1048576K
}
Event: 46.262 GC heap before
{Heap before GC invocations=18 (full 2):
 PSYoungGen      total 24576K, used 23216K [0x00000000d5580000, 0x00000000d6f00000, 0x0000000100000000)
  eden space 22016K, 100% used [0x00000000d5580000,0x00000000d6b00000,0x00000000d6b00000)
  from space 2560K, 46% used [0x00000000d6b00000,0x00000000d6c2c010,0x00000000d6d80000)
  to   space 1536K, 0% used [0x00000000d6d80000,0x00000000d6d80000,0x00000000d6f00000)
 ParOldGen       total 68608K, used 20808K [0x0000000080000000, 0x0000000084300000, 0x00000000d5580000)
  object space 68608K, 30% used [0x0000000080000000,0x00000000814522a0,0x0000000084300000)
 Metaspace       used 42092K, committed 43328K, reserved 1114112K
  class space    used 4519K, committed 5056K, reserved 1048576K
}
Event: 46.267 GC heap after
{Heap after GC invocations=18 (full 2):
 PSYoungGen      total 23552K, used 1376K [0x00000000d5580000, 0x00000000d6f00000, 0x0000000100000000)
  eden space 22016K, 0% used [0x00000000d5580000,0x00000000d5580000,0x00000000d6b00000)
  from space 1536K, 89% used [0x00000000d6d80000,0x00000000d6ed8000,0x00000000d6f00000)
  to   space 1536K, 0% used [0x00000000d6c00000,0x00000000d6c00000,0x00000000d6d80000)
 ParOldGen       total 68608K, used 21878K [0x0000000080000000, 0x0000000084300000, 0x00000000d5580000)
  object space 68608K, 31% used [0x0000000080000000,0x000000008155db48,0x0000000084300000)
 Metaspace       used 42092K, committed 43328K, reserved 1114112K
  class space    used 4519K, committed 5056K, reserved 1048576K
}
Event: 47.100 GC heap before
{Heap before GC invocations=19 (full 2):
 PSYoungGen      total 23552K, used 23392K [0x00000000d5580000, 0x00000000d6f00000, 0x0000000100000000)
  eden space 22016K, 100% used [0x00000000d5580000,0x00000000d6b00000,0x00000000d6b00000)
  from space 1536K, 89% used [0x00000000d6d80000,0x00000000d6ed8000,0x00000000d6f00000)
  to   space 1536K, 0% used [0x00000000d6c00000,0x00000000d6c00000,0x00000000d6d80000)
 ParOldGen       total 68608K, used 21878K [0x0000000080000000, 0x0000000084300000, 0x00000000d5580000)
  object space 68608K, 31% used [0x0000000080000000,0x000000008155db48,0x0000000084300000)
 Metaspace       used 43483K, committed 44608K, reserved 1114112K
  class space    used 4694K, committed 5184K, reserved 1048576K
}
Event: 47.111 GC heap after
{Heap after GC invocations=19 (full 2):
 PSYoungGen      total 23552K, used 1536K [0x00000000d5580000, 0x00000000d7d00000, 0x0000000100000000)
  eden space 22016K, 0% used [0x00000000d5580000,0x00000000d5580000,0x00000000d6b00000)
  from space 1536K, 100% used [0x00000000d6c00000,0x00000000d6d80000,0x00000000d6d80000)
  to   space 9216K, 0% used [0x00000000d7400000,0x00000000d7400000,0x00000000d7d00000)
 ParOldGen       total 68608K, used 28392K [0x0000000080000000, 0x0000000084300000, 0x00000000d5580000)
  object space 68608K, 41% used [0x0000000080000000,0x0000000081bba180,0x0000000084300000)
 Metaspace       used 43483K, committed 44608K, reserved 1114112K
  class space    used 4694K, committed 5184K, reserved 1048576K
}

Dll operation events (10 events):
Event: 0.014 Loaded shared library c:\Users\LUIGGI\.vscode\extensions\redhat.java-1.46.0-win32-x64\jre\21.0.8-win32-x86_64\bin\java.dll
Event: 0.421 Loaded shared library c:\Users\LUIGGI\.vscode\extensions\redhat.java-1.46.0-win32-x64\jre\21.0.8-win32-x86_64\bin\zip.dll
Event: 0.500 Loaded shared library C:\Users\LUIGGI\.vscode\extensions\redhat.java-1.46.0-win32-x64\jre\21.0.8-win32-x86_64\bin\instrument.dll
Event: 0.517 Loaded shared library C:\Users\LUIGGI\.vscode\extensions\redhat.java-1.46.0-win32-x64\jre\21.0.8-win32-x86_64\bin\net.dll
Event: 0.521 Loaded shared library C:\Users\LUIGGI\.vscode\extensions\redhat.java-1.46.0-win32-x64\jre\21.0.8-win32-x86_64\bin\nio.dll
Event: 0.529 Loaded shared library C:\Users\LUIGGI\.vscode\extensions\redhat.java-1.46.0-win32-x64\jre\21.0.8-win32-x86_64\bin\zip.dll
Event: 0.605 Loaded shared library C:\Users\LUIGGI\.vscode\extensions\redhat.java-1.46.0-win32-x64\jre\21.0.8-win32-x86_64\bin\jimage.dll
Event: 0.850 Loaded shared library c:\Users\LUIGGI\.vscode\extensions\redhat.java-1.46.0-win32-x64\jre\21.0.8-win32-x86_64\bin\verify.dll
Event: 17.190 Loaded shared library C:\Users\LUIGGI\AppData\Roaming\Code\User\globalStorage\redhat.java\1.46.0\config_win\org.eclipse.equinox.launcher\org.eclipse.equinox.launcher.win32.win32.x86_64_1.2.1400.v20250801-0854\eclipse_11916.dll
Event: 38.424 Loaded shared library C:\Users\LUIGGI\AppData\Local\Temp\jna--2038407287\jna16767443634524653186.dll

Deoptimization events (20 events):
Event: 47.180 Thread 0x0000027fdb3a48d0 Uncommon trap: trap_request=0xffffff45 fr.pc=0x0000027f87b70e5c relative=0x000000000000063c
Event: 47.180 Thread 0x0000027fdb3a48d0 Uncommon trap: reason=unstable_if action=reinterpret pc=0x0000027f87b70e5c method=com.google.gson.internal.LinkedTreeMap.find(Ljava/lang/Object;Z)Lcom/google/gson/internal/LinkedTreeMap$Node; @ 72 c2
Event: 47.180 Thread 0x0000027fdb3a48d0 DEOPT PACKING pc=0x0000027f87b70e5c sp=0x000000c1da3fe080
Event: 47.180 Thread 0x0000027fdb3a48d0 DEOPT UNPACKING pc=0x0000027f87583aa2 sp=0x000000c1da3fe028 mode 2
Event: 47.314 Thread 0x0000027fdb3a48d0 Uncommon trap: trap_request=0xfffffff4 fr.pc=0x0000027f87d53c3c relative=0x000000000000037c
Event: 47.314 Thread 0x0000027fdb3a48d0 Uncommon trap: reason=null_check action=make_not_entrant pc=0x0000027f87d53c3c method=sun.invoke.util.VerifyType.isNullConversion(Ljava/lang/Class;Ljava/lang/Class;Z)Z @ 12 c2
Event: 47.314 Thread 0x0000027fdb3a48d0 DEOPT PACKING pc=0x0000027f87d53c3c sp=0x000000c1da3fc4a0
Event: 47.314 Thread 0x0000027fdb3a48d0 DEOPT UNPACKING pc=0x0000027f87583aa2 sp=0x000000c1da3fc428 mode 2
Event: 47.314 Thread 0x0000027fdb3a48d0 Uncommon trap: trap_request=0xffffff45 fr.pc=0x0000027f87b58aa8 relative=0x00000000000008a8
Event: 47.314 Thread 0x0000027fdb3a48d0 Uncommon trap: reason=unstable_if action=reinterpret pc=0x0000027f87b58aa8 method=jdk.internal.org.objectweb.asm.Frame.getAbstractTypeFromDescriptor(Ljdk/internal/org/objectweb/asm/SymbolTable;Ljava/lang/String;I)I @ 189 c2
Event: 47.314 Thread 0x0000027fdb3a48d0 DEOPT PACKING pc=0x0000027f87b58aa8 sp=0x000000c1da3fc210
Event: 47.314 Thread 0x0000027fdb3a48d0 DEOPT UNPACKING pc=0x0000027f87583aa2 sp=0x000000c1da3fc1d0 mode 2
Event: 47.317 Thread 0x0000027fdb3a48d0 Uncommon trap: trap_request=0xffffff45 fr.pc=0x0000027f87b4032c relative=0x000000000000010c
Event: 47.317 Thread 0x0000027fdb3a48d0 Uncommon trap: reason=unstable_if action=reinterpret pc=0x0000027f87b4032c method=jdk.internal.org.objectweb.asm.ByteVector.putShort(I)Ljdk/internal/org/objectweb/asm/ByteVector; @ 13 c2
Event: 47.317 Thread 0x0000027fdb3a48d0 DEOPT PACKING pc=0x0000027f87b4032c sp=0x000000c1da3fc0a0
Event: 47.317 Thread 0x0000027fdb3a48d0 DEOPT UNPACKING pc=0x0000027f87583aa2 sp=0x000000c1da3fc028 mode 2
Event: 47.527 Thread 0x0000027ffe3e4110 Uncommon trap: trap_request=0xffffff45 fr.pc=0x0000027f87d6eac0 relative=0x0000000000000960
Event: 47.527 Thread 0x0000027ffe3e4110 Uncommon trap: reason=unstable_if action=reinterpret pc=0x0000027f87d6eac0 method=java.util.TreeMap.put(Ljava/lang/Object;Ljava/lang/Object;Z)Ljava/lang/Object; @ 158 c2
Event: 47.527 Thread 0x0000027ffe3e4110 DEOPT PACKING pc=0x0000027f87d6eac0 sp=0x000000c1d95fd900
Event: 47.527 Thread 0x0000027ffe3e4110 DEOPT UNPACKING pc=0x0000027f87583aa2 sp=0x000000c1d95fd880 mode 2

Classes loaded (20 events):
Event: 45.604 Loading class sun/nio/cs/ThreadLocalCoders$1
Event: 45.604 Loading class sun/nio/cs/ThreadLocalCoders$Cache
Event: 45.604 Loading class sun/nio/cs/ThreadLocalCoders$Cache done
Event: 45.604 Loading class sun/nio/cs/ThreadLocalCoders$1 done
Event: 45.604 Loading class sun/nio/cs/ThreadLocalCoders$2
Event: 45.605 Loading class sun/nio/cs/ThreadLocalCoders$2 done
Event: 45.872 Loading class sun/reflect/generics/repository/FieldRepository
Event: 45.872 Loading class sun/reflect/generics/repository/FieldRepository done
Event: 45.928 Loading class java/io/UTFDataFormatException
Event: 45.928 Loading class java/io/UTFDataFormatException done
Event: 46.549 Loading class java/lang/ExceptionInInitializerError
Event: 46.549 Loading class java/lang/ExceptionInInitializerError done
Event: 46.550 Loading class sun/misc/Unsafe
Event: 46.550 Loading class sun/misc/Unsafe done
Event: 46.679 Loading class jdk/internal/org/objectweb/asm/ClassReader
Event: 46.682 Loading class jdk/internal/org/objectweb/asm/ClassReader done
Event: 46.851 Loading class java/util/concurrent/ForkJoinTask$AdaptedCallable
Event: 46.852 Loading class java/util/concurrent/ForkJoinTask$AdaptedCallable done
Event: 47.311 Loading class java/lang/invoke/MethodHandleImpl$CountingWrapper
Event: 47.313 Loading class java/lang/invoke/MethodHandleImpl$CountingWrapper done

Classes unloaded (7 events):
Event: 39.603 Thread 0x0000027ff97b3310 Unloading class 0x0000027f941a9400 'java/lang/invoke/LambdaForm$MH+0x0000027f941a9400'
Event: 39.603 Thread 0x0000027ff97b3310 Unloading class 0x0000027f941a9000 'java/lang/invoke/LambdaForm$MH+0x0000027f941a9000'
Event: 39.603 Thread 0x0000027ff97b3310 Unloading class 0x0000027f941a8c00 'java/lang/invoke/LambdaForm$MH+0x0000027f941a8c00'
Event: 39.603 Thread 0x0000027ff97b3310 Unloading class 0x0000027f941a8800 'java/lang/invoke/LambdaForm$MH+0x0000027f941a8800'
Event: 39.603 Thread 0x0000027ff97b3310 Unloading class 0x0000027f941a8400 'java/lang/invoke/LambdaForm$BMH+0x0000027f941a8400'
Event: 39.603 Thread 0x0000027ff97b3310 Unloading class 0x0000027f941a8000 'java/lang/invoke/LambdaForm$DMH+0x0000027f941a8000'
Event: 39.603 Thread 0x0000027ff97b3310 Unloading class 0x0000027f941a6c00 'java/lang/invoke/LambdaForm$DMH+0x0000027f941a6c00'

Classes redefined (0 events):
No events

Internal exceptions (20 events):
Event: 44.938 Thread 0x0000027ff96ef710 Exception <a 'java/lang/IncompatibleClassChangeError'{0x00000000d6ac13d8}: Found class java.lang.Object, but interface was expected> (0x00000000d6ac13d8) 
thrown [s\src\hotspot\share\interpreter\linkResolver.cpp, line 840]
Event: 45.776 Thread 0x0000027ffe3e33f0 Exception <a 'sun/nio/fs/WindowsException'{0x00000000d6400ee8}> (0x00000000d6400ee8) 
thrown [s\src\hotspot\share\prims\jni.cpp, line 520]
Event: 45.913 Thread 0x0000027ffe3e33f0 Exception <a 'java/io/FileNotFoundException'{0x00000000d6631c28}> (0x00000000d6631c28) 
thrown [s\src\hotspot\share\prims\jni.cpp, line 520]
Event: 45.913 Thread 0x0000027ffe3e33f0 Exception <a 'java/io/FileNotFoundException'{0x00000000d6632f10}> (0x00000000d6632f10) 
thrown [s\src\hotspot\share\prims\jni.cpp, line 520]
Event: 45.916 Thread 0x0000027ffe3e33f0 Exception <a 'java/lang/NoSuchMethodError'{0x00000000d6641080}: 'java.lang.Object java.lang.invoke.DirectMethodHandle$Holder.newInvokeSpecial(java.lang.Object, java.lang.Object, java.lang.Object, int)'> (0x00000000d6641080) 
thrown [s\src\hotspot\share\interpreter\linkResolver.cpp, line 773]
Event: 45.916 Thread 0x0000027ffe3e33f0 Exception <a 'java/lang/NoSuchMethodError'{0x00000000d6644d38}: 'java.lang.Object java.lang.invoke.DirectMethodHandle$Holder.invokeSpecial(java.lang.Object, java.lang.Object, java.lang.Object, java.lang.Object, int)'> (0x00000000d6644d38) 
thrown [s\src\hotspot\share\interpreter\linkResolver.cpp, line 773]
Event: 45.917 Thread 0x0000027ffe3e33f0 Exception <a 'java/lang/NoSuchMethodError'{0x00000000d66484a8}: 'java.lang.Object java.lang.invoke.Invokers$Holder.linkToTargetMethod(java.lang.Object, java.lang.Object, int, java.lang.Object)'> (0x00000000d66484a8) 
thrown [s\src\hotspot\share\interpreter\linkResolver.cpp, line 773]
Event: 45.919 Thread 0x0000027ffe3e33f0 Exception <a 'java/lang/NoSuchMethodError'{0x00000000d6654328}: 'void java.lang.invoke.DirectMethodHandle$Holder.invokeStaticInit(java.lang.Object, java.lang.Object, java.lang.Object)'> (0x00000000d6654328) 
thrown [s\src\hotspot\share\interpreter\linkResolver.cpp, line 773]
Event: 46.552 Thread 0x0000027ffe3e4110 Exception <a 'java/lang/ExceptionInInitializerError'{0x00000000d5bd12d8}> (0x00000000d5bd12d8) 
thrown [s\src\hotspot\share\oops\instanceKlass.cpp, line 1220]
Event: 46.664 Thread 0x0000027ffe3e4110 Implicit null exception at 0x0000027f87bc5e77 to 0x0000027f87bc60e8
Event: 46.683 Thread 0x0000027ffe3e4110 Implicit null exception at 0x0000027f87c1dbfe to 0x0000027f87c1ddfc
Event: 46.683 Thread 0x0000027ffe3e4110 Implicit null exception at 0x0000027f87b82f1c to 0x0000027f87b83e30
Event: 46.687 Thread 0x0000027ffe3e4110 Exception <a 'java/lang/NoSuchMethodError'{0x00000000d5c9e500}: 'java.lang.Object java.lang.invoke.Invokers$Holder.invokeExact_MT(java.lang.Object, int, java.lang.Object)'> (0x00000000d5c9e500) 
thrown [s\src\hotspot\share\interpreter\linkResolver.cpp, line 773]
Event: 46.849 Thread 0x0000027ffe3e33f0 Exception <a 'java/io/FileNotFoundException'{0x00000000d5f0f7e8}> (0x00000000d5f0f7e8) 
thrown [s\src\hotspot\share\prims\jni.cpp, line 520]
Event: 46.849 Thread 0x0000027ffe3e33f0 Exception <a 'java/io/FileNotFoundException'{0x00000000d5f10578}> (0x00000000d5f10578) 
thrown [s\src\hotspot\share\prims\jni.cpp, line 520]
Event: 47.186 Thread 0x0000027fdb3a48d0 Exception <a 'java/io/FileNotFoundException'{0x00000000d5712778}> (0x00000000d5712778) 
thrown [s\src\hotspot\share\prims\jni.cpp, line 520]
Event: 47.311 Thread 0x0000027fdb3a48d0 Exception <a 'java/lang/NoSuchMethodError'{0x00000000d5977cf8}: 'java.lang.Object java.lang.invoke.DirectMethodHandle$Holder.invokeStatic(java.lang.Object, int, java.lang.Object, java.lang.Object)'> (0x00000000d5977cf8) 
thrown [s\src\hotspot\share\interpreter\linkResolver.cpp, line 773]
Event: 47.311 Thread 0x0000027fdb3a48d0 Exception <a 'java/lang/NoSuchMethodError'{0x00000000d597b4f8}: 'java.lang.Object java.lang.invoke.DelegatingMethodHandle$Holder.delegate(java.lang.Object, int, java.lang.Object, java.lang.Object)'> (0x00000000d597b4f8) 
thrown [s\src\hotspot\share\interpreter\linkResolver.cpp, line 773]
Event: 47.314 Thread 0x0000027fdb3a48d0 Implicit null exception at 0x0000027f87d538f6 to 0x0000027f87d53c2c
Event: 47.318 Thread 0x0000027fdb3a48d0 Exception <a 'java/lang/NoSuchMethodError'{0x00000000d598f438}: 'int java.lang.invoke.Invokers$Holder.linkToTargetMethod(java.lang.Object, java.lang.Object, java.lang.Object)'> (0x00000000d598f438) 
thrown [s\src\hotspot\share\interpreter\linkResolver.cpp, line 773]

ZGC Phase Switch (0 events):
No events

VM Operations (20 events):
Event: 44.188 Executing VM operation: ParallelGCFailedAllocation (Allocation Failure)
Event: 44.202 Executing VM operation: ParallelGCFailedAllocation (Allocation Failure) done
Event: 44.208 Executing VM operation: ParallelGCFailedAllocation (Allocation Failure)
Event: 44.214 Executing VM operation: ParallelGCFailedAllocation (Allocation Failure) done
Event: 44.258 Executing VM operation: HandshakeAllThreads (Deoptimize)
Event: 44.262 Executing VM operation: HandshakeAllThreads (Deoptimize) done
Event: 44.729 Executing VM operation: HandshakeAllThreads (Deoptimize)
Event: 44.740 Executing VM operation: HandshakeAllThreads (Deoptimize) done
Event: 44.940 Executing VM operation: ParallelGCFailedAllocation (Allocation Failure)
Event: 44.944 Executing VM operation: ParallelGCFailedAllocation (Allocation Failure) done
Event: 45.945 Executing VM operation: Cleanup
Event: 45.977 Executing VM operation: Cleanup done
Event: 46.262 Executing VM operation: ParallelGCFailedAllocation (Allocation Failure)
Event: 46.267 Executing VM operation: ParallelGCFailedAllocation (Allocation Failure) done
Event: 46.854 Executing VM operation: HandshakeAllThreads (Deoptimize)
Event: 46.897 Executing VM operation: HandshakeAllThreads (Deoptimize) done
Event: 47.092 Executing VM operation: ParallelGCFailedAllocation (Allocation Failure)
Event: 47.111 Executing VM operation: ParallelGCFailedAllocation (Allocation Failure) done
Event: 47.172 Executing VM operation: HandshakeAllThreads (Deoptimize)
Event: 47.174 Executing VM operation: HandshakeAllThreads (Deoptimize) done

Memory protections (0 events):
No events

Nmethod flushes (20 events):
Event: 43.555 Thread 0x0000027ff97b3310 flushing  nmethod 0x0000027f80699b90
Event: 43.555 Thread 0x0000027ff97b3310 flushing  nmethod 0x0000027f8069ad90
Event: 43.555 Thread 0x0000027ff97b3310 flushing  nmethod 0x0000027f8069b990
Event: 43.555 Thread 0x0000027ff97b3310 flushing  nmethod 0x0000027f8069c110
Event: 43.555 Thread 0x0000027ff97b3310 flushing  nmethod 0x0000027f8069d690
Event: 43.555 Thread 0x0000027ff97b3310 flushing  nmethod 0x0000027f8069db90
Event: 43.555 Thread 0x0000027ff97b3310 flushing  nmethod 0x0000027f806a0110
Event: 43.555 Thread 0x0000027ff97b3310 flushing  nmethod 0x0000027f806a0590
Event: 43.555 Thread 0x0000027ff97b3310 flushing  nmethod 0x0000027f806aaf90
Event: 43.555 Thread 0x0000027ff97b3310 flushing  nmethod 0x0000027f806acd90
Event: 43.555 Thread 0x0000027ff97b3310 flushing  nmethod 0x0000027f806b1710
Event: 43.555 Thread 0x0000027ff97b3310 flushing  nmethod 0x0000027f806e6810
Event: 43.555 Thread 0x0000027ff97b3310 flushing  nmethod 0x0000027f806ea290
Event: 43.555 Thread 0x0000027ff97b3310 flushing  nmethod 0x0000027f806eec90
Event: 43.555 Thread 0x0000027ff97b3310 flushing  nmethod 0x0000027f80743790
Event: 43.555 Thread 0x0000027ff97b3310 flushing  nmethod 0x0000027f80744990
Event: 43.555 Thread 0x0000027ff97b3310 flushing  nmethod 0x0000027f80760810
Event: 43.555 Thread 0x0000027ff97b3310 flushing  nmethod 0x0000027f80773690
Event: 43.555 Thread 0x0000027ff97b3310 flushing  nmethod 0x0000027f807b5210
Event: 43.555 Thread 0x0000027ff97b3310 flushing  nmethod 0x0000027f807b5690

Events (20 events):
Event: 40.385 Thread 0x0000027ffded0df0 Thread exited: 0x0000027ffded0df0
Event: 40.992 Thread 0x0000027ff96597d0 Thread added: 0x0000027fff1cb040
Event: 41.161 Thread 0x0000027ffe3e47a0 Thread added: 0x0000027ffe3e33f0
Event: 41.982 Thread 0x0000027ffdcb8330 Thread added: 0x0000027ffe3e26d0
Event: 42.487 Thread 0x0000027fff1cb040 Thread exited: 0x0000027fff1cb040
Event: 42.543 Thread 0x0000027ff96597d0 Thread added: 0x0000027fff1cb040
Event: 43.360 Thread 0x0000027ffe3e47a0 Thread added: 0x0000027ffe3e2d60
Event: 43.755 Thread 0x0000027ffe3e2d60 Thread added: 0x0000027ffe3e3a80
Event: 43.890 Thread 0x0000027ff96ef710 Thread added: 0x0000027fdb3a5c80
Event: 43.890 Thread 0x0000027ff96ef710 Thread added: 0x0000027fdb3a4f60
Event: 43.890 Thread 0x0000027ff96ef710 Thread added: 0x0000027fdb3a00a0
Event: 43.891 Thread 0x0000027ff96ef710 Thread added: 0x0000027fdb3a2800
Event: 43.891 Thread 0x0000027ff96ef710 Thread added: 0x0000027fdb3a3520
Event: 44.048 Thread 0x0000027ff96ef710 Thread added: 0x0000027fdb3a0dc0
Event: 45.012 Thread 0x0000027ff96ef710 Thread added: 0x0000027fdb3a4240
Event: 45.013 Thread 0x0000027ff96ef710 Thread added: 0x0000027fdb3a48d0
Event: 45.154 Thread 0x0000027fff1cb040 Thread exited: 0x0000027fff1cb040
Event: 46.853 Thread 0x0000027ffe3e33f0 Thread added: 0x0000027fdb3a2e90
Event: 46.853 Thread 0x0000027ffe3e33f0 Thread added: 0x0000027fdb3a6310
Event: 46.869 Thread 0x0000027fdb3a6310 Thread added: 0x0000027fdb3a3bb0


Dynamic libraries:
0x00007ff7a2f30000 - 0x00007ff7a2f3e000 	c:\Users\LUIGGI\.vscode\extensions\redhat.java-1.46.0-win32-x64\jre\21.0.8-win32-x86_64\bin\java.exe
0x00007ffe14690000 - 0x00007ffe14888000 	C:\WINDOWS\SYSTEM32\ntdll.dll
0x00007ffe12f60000 - 0x00007ffe13022000 	C:\WINDOWS\System32\KERNEL32.DLL
0x00007ffe120b0000 - 0x00007ffe123a6000 	C:\WINDOWS\System32\KERNELBASE.dll
0x00007ffe11e50000 - 0x00007ffe11f50000 	C:\WINDOWS\System32\ucrtbase.dll
0x00007ffdf54d0000 - 0x00007ffdf54e8000 	c:\Users\LUIGGI\.vscode\extensions\redhat.java-1.46.0-win32-x64\jre\21.0.8-win32-x86_64\bin\jli.dll
0x00007ffe13490000 - 0x00007ffe1362d000 	C:\WINDOWS\System32\USER32.dll
0x00007ffe12690000 - 0x00007ffe126b2000 	C:\WINDOWS\System32\win32u.dll
0x00007ffe13030000 - 0x00007ffe1305b000 	C:\WINDOWS\System32\GDI32.dll
0x00007ffe11d30000 - 0x00007ffe11e49000 	C:\WINDOWS\System32\gdi32full.dll
0x00007ffe125f0000 - 0x00007ffe1268d000 	C:\WINDOWS\System32\msvcp_win.dll
0x00007ffded5d0000 - 0x00007ffded5ee000 	c:\Users\LUIGGI\.vscode\extensions\redhat.java-1.46.0-win32-x64\jre\21.0.8-win32-x86_64\bin\VCRUNTIME140.dll
0x00007ffe01060000 - 0x00007ffe012fb000 	C:\WINDOWS\WinSxS\amd64_microsoft.windows.common-controls_6595b64144ccf1df_6.0.19041.6280_none_60bc30a171f2f3f3\COMCTL32.dll
0x00007ffe13d20000 - 0x00007ffe13dbe000 	C:\WINDOWS\System32\msvcrt.dll
0x00007ffe14250000 - 0x00007ffe1427f000 	C:\WINDOWS\System32\IMM32.DLL
0x00007ffe03f50000 - 0x00007ffe03f5c000 	c:\Users\LUIGGI\.vscode\extensions\redhat.java-1.46.0-win32-x64\jre\21.0.8-win32-x86_64\bin\vcruntime140_1.dll
0x00007ffddf4e0000 - 0x00007ffddf56d000 	c:\Users\LUIGGI\.vscode\extensions\redhat.java-1.46.0-win32-x64\jre\21.0.8-win32-x86_64\bin\msvcp140.dll
0x00007ffd80500000 - 0x00007ffd81297000 	c:\Users\LUIGGI\.vscode\extensions\redhat.java-1.46.0-win32-x64\jre\21.0.8-win32-x86_64\bin\server\jvm.dll
0x00007ffe140e0000 - 0x00007ffe14191000 	C:\WINDOWS\System32\ADVAPI32.dll
0x00007ffe14280000 - 0x00007ffe1431f000 	C:\WINDOWS\System32\sechost.dll
0x00007ffe13b30000 - 0x00007ffe13c50000 	C:\WINDOWS\System32\RPCRT4.dll
0x00007ffe11fd0000 - 0x00007ffe11ff7000 	C:\WINDOWS\System32\bcrypt.dll
0x00007ffe12ef0000 - 0x00007ffe12f5b000 	C:\WINDOWS\System32\WS2_32.dll
0x00007ffe11b80000 - 0x00007ffe11bcb000 	C:\WINDOWS\SYSTEM32\POWRPROF.dll
0x00007ffe01340000 - 0x00007ffe01367000 	C:\WINDOWS\SYSTEM32\WINMM.dll
0x00007ffe01bb0000 - 0x00007ffe01bba000 	C:\WINDOWS\SYSTEM32\VERSION.dll
0x00007ffe11b60000 - 0x00007ffe11b72000 	C:\WINDOWS\SYSTEM32\UMPDC.dll
0x00007ffe0fbd0000 - 0x00007ffe0fbe2000 	C:\WINDOWS\SYSTEM32\kernel.appcore.dll
0x00007ffe03d30000 - 0x00007ffe03d3a000 	c:\Users\LUIGGI\.vscode\extensions\redhat.java-1.46.0-win32-x64\jre\21.0.8-win32-x86_64\bin\jimage.dll
0x00007ffe013f0000 - 0x00007ffe015f1000 	C:\WINDOWS\SYSTEM32\DBGHELP.DLL
0x00007ffdfb570000 - 0x00007ffdfb5a4000 	C:\WINDOWS\SYSTEM32\dbgcore.DLL
0x00007ffe12510000 - 0x00007ffe12592000 	C:\WINDOWS\System32\bcryptPrimitives.dll
0x00007ffe03c70000 - 0x00007ffe03c7f000 	c:\Users\LUIGGI\.vscode\extensions\redhat.java-1.46.0-win32-x64\jre\21.0.8-win32-x86_64\bin\instrument.dll
0x00007ffded330000 - 0x00007ffded34f000 	c:\Users\LUIGGI\.vscode\extensions\redhat.java-1.46.0-win32-x64\jre\21.0.8-win32-x86_64\bin\java.dll
0x00007ffe12780000 - 0x00007ffe12ef0000 	C:\WINDOWS\System32\SHELL32.dll
0x00007ffe0fdd0000 - 0x00007ffe10575000 	C:\WINDOWS\SYSTEM32\windows.storage.dll
0x00007ffe130d0000 - 0x00007ffe13423000 	C:\WINDOWS\System32\combase.dll
0x00007ffe11690000 - 0x00007ffe116bb000 	C:\WINDOWS\SYSTEM32\Wldp.dll
0x00007ffe13c50000 - 0x00007ffe13d1d000 	C:\WINDOWS\System32\OLEAUT32.dll
0x00007ffe141a0000 - 0x00007ffe1424d000 	C:\WINDOWS\System32\SHCORE.dll
0x00007ffe13dc0000 - 0x00007ffe13e1b000 	C:\WINDOWS\System32\shlwapi.dll
0x00007ffe11c60000 - 0x00007ffe11c84000 	C:\WINDOWS\SYSTEM32\profapi.dll
0x00007ffde8060000 - 0x00007ffde8078000 	c:\Users\LUIGGI\.vscode\extensions\redhat.java-1.46.0-win32-x64\jre\21.0.8-win32-x86_64\bin\zip.dll
0x00007ffe02090000 - 0x00007ffe020a0000 	C:\Users\LUIGGI\.vscode\extensions\redhat.java-1.46.0-win32-x64\jre\21.0.8-win32-x86_64\bin\net.dll
0x00007ffe0cdb0000 - 0x00007ffe0ceba000 	C:\WINDOWS\SYSTEM32\WINHTTP.dll
0x00007ffe113f0000 - 0x00007ffe1145a000 	C:\WINDOWS\system32\mswsock.dll
0x00007ffde74b0000 - 0x00007ffde74c6000 	C:\Users\LUIGGI\.vscode\extensions\redhat.java-1.46.0-win32-x64\jre\21.0.8-win32-x86_64\bin\nio.dll
0x00007ffdfa020000 - 0x00007ffdfa030000 	c:\Users\LUIGGI\.vscode\extensions\redhat.java-1.46.0-win32-x64\jre\21.0.8-win32-x86_64\bin\verify.dll
0x00007ffde6ab0000 - 0x00007ffde6af4000 	C:\Users\LUIGGI\AppData\Roaming\Code\User\globalStorage\redhat.java\1.46.0\config_win\org.eclipse.equinox.launcher\org.eclipse.equinox.launcher.win32.win32.x86_64_1.2.1400.v20250801-0854\eclipse_11916.dll
0x00007ffe14520000 - 0x00007ffe1464b000 	C:\WINDOWS\System32\ole32.dll
0x00007ffe115e0000 - 0x00007ffe115f8000 	C:\WINDOWS\SYSTEM32\CRYPTSP.dll
0x00007ffe10d10000 - 0x00007ffe10d48000 	C:\WINDOWS\system32\rsaenh.dll
0x00007ffe11be0000 - 0x00007ffe11c0e000 	C:\WINDOWS\SYSTEM32\USERENV.dll
0x00007ffe11600000 - 0x00007ffe1160c000 	C:\WINDOWS\SYSTEM32\CRYPTBASE.dll
0x00007ffe110d0000 - 0x00007ffe1110b000 	C:\WINDOWS\SYSTEM32\IPHLPAPI.DLL
0x00007ffe130c0000 - 0x00007ffe130c8000 	C:\WINDOWS\System32\NSI.dll
0x00007ffddaf30000 - 0x00007ffddaf79000 	C:\Users\LUIGGI\AppData\Local\Temp\jna--2038407287\jna16767443634524653186.dll
0x00007ffe140b0000 - 0x00007ffe140b8000 	C:\WINDOWS\System32\PSAPI.DLL
0x00007ffe0c3e0000 - 0x00007ffe0c3f7000 	C:\WINDOWS\SYSTEM32\dhcpcsvc6.DLL
0x00007ffe0f1d0000 - 0x00007ffe0f1ed000 	C:\WINDOWS\SYSTEM32\dhcpcsvc.DLL

JVMTI agents:
c:\Users\LUIGGI\.vscode\extensions\redhat.java-1.46.0-win32-x64\lombok\lombok-1.18.39-4050.jar path:c:\Users\LUIGGI\.vscode\extensions\redhat.java-1.46.0-win32-x64\jre\21.0.8-win32-x86_64\bin\instrument.dll, loaded, initialized, instrumentlib options:none

dbghelp: loaded successfully - version: 4.0.5 - missing functions: none
symbol engine: initialized successfully - sym options: 0x614 - pdb path: .;c:\Users\LUIGGI\.vscode\extensions\redhat.java-1.46.0-win32-x64\jre\21.0.8-win32-x86_64\bin;C:\WINDOWS\SYSTEM32;C:\WINDOWS\WinSxS\amd64_microsoft.windows.common-controls_6595b64144ccf1df_6.0.19041.6280_none_60bc30a171f2f3f3;c:\Users\LUIGGI\.vscode\extensions\redhat.java-1.46.0-win32-x64\jre\21.0.8-win32-x86_64\bin\server;C:\Users\LUIGGI\AppData\Roaming\Code\User\globalStorage\redhat.java\1.46.0\config_win\org.eclipse.equinox.launcher\org.eclipse.equinox.launcher.win32.win32.x86_64_1.2.1400.v20250801-0854;C:\Users\LUIGGI\AppData\Local\Temp\jna--2038407287

VM Arguments:
jvm_args: --add-modules=ALL-SYSTEM --add-opens=java.base/java.util=ALL-UNNAMED --add-opens=java.base/java.lang=ALL-UNNAMED --add-opens=java.base/sun.nio.fs=ALL-UNNAMED -Declipse.application=org.eclipse.jdt.ls.core.id1 -Dosgi.bundles.defaultStartLevel=4 -Declipse.product=org.eclipse.jdt.ls.core.product -Djava.import.generatesMetadataFilesAtProjectRoot=false -DDetectVMInstallationsJob.disabled=true -Dfile.encoding=utf8 -XX:+UseParallelGC -XX:GCTimeRatio=4 -XX:AdaptiveSizePolicyWeight=90 -Dsun.zip.disableMemoryMapping=true -Xmx2G -Xms100m -Xlog:disable -javaagent:c:\Users\LUIGGI\.vscode\extensions\redhat.java-1.46.0-win32-x64\lombok\lombok-1.18.39-4050.jar -XX:+HeapDumpOnOutOfMemoryError -XX:HeapDumpPath=c:\Users\LUIGGI\AppData\Roaming\Code\User\workspaceStorage\cdaab95eed81a43ac8717f4e79673a67\redhat.java -Daether.dependencyCollector.impl=bf 
java_command: c:\Users\LUIGGI\.vscode\extensions\redhat.java-1.46.0-win32-x64\server\plugins\org.eclipse.equinox.launcher_1.7.0.v20250519-0528.jar -configuration c:\Users\LUIGGI\AppData\Roaming\Code\User\globalStorage\redhat.java\1.46.0\config_win -data c:\Users\LUIGGI\AppData\Roaming\Code\User\workspaceStorage\cdaab95eed81a43ac8717f4e79673a67\redhat.java\jdt_ws --pipe=\\.\pipe\lsp-8601ab050e80a83ac7778dca13129299-sock
java_class_path (initial): c:\Users\LUIGGI\.vscode\extensions\redhat.java-1.46.0-win32-x64\server\plugins\org.eclipse.equinox.launcher_1.7.0.v20250519-0528.jar
Launcher Type: SUN_STANDARD

[Global flags]
    uintx AdaptiveSizePolicyWeight                 = 90                                        {product} {command line}
     intx CICompilerCount                          = 3                                         {product} {ergonomic}
    uintx GCTimeRatio                              = 4                                         {product} {command line}
     bool HeapDumpOnOutOfMemoryError               = true                                   {manageable} {command line}
    ccstr HeapDumpPath                             = c:\Users\LUIGGI\AppData\Roaming\Code\User\workspaceStorage\cdaab95eed81a43ac8717f4e79673a67\redhat.java         {manageable} {command line}
   size_t InitialHeapSize                          = 104857600                                 {product} {command line}
   size_t MaxHeapSize                              = 2147483648                                {product} {command line}
   size_t MaxNewSize                               = 715653120                                 {product} {ergonomic}
   size_t MinHeapDeltaBytes                        = 524288                                    {product} {ergonomic}
   size_t MinHeapSize                              = 104857600                                 {product} {command line}
   size_t NewSize                                  = 34603008                                  {product} {ergonomic}
    uintx NonNMethodCodeHeapSize                   = 5832780                                {pd product} {ergonomic}
    uintx NonProfiledCodeHeapSize                  = 122912730                              {pd product} {ergonomic}
   size_t OldSize                                  = 70254592                                  {product} {ergonomic}
    uintx ProfiledCodeHeapSize                     = 122912730                              {pd product} {ergonomic}
    uintx ReservedCodeCacheSize                    = 251658240                              {pd product} {ergonomic}
     bool SegmentedCodeCache                       = true                                      {product} {ergonomic}
   size_t SoftMaxHeapSize                          = 2147483648                             {manageable} {ergonomic}
     bool UseCompressedOops                        = true                           {product lp64_product} {ergonomic}
     bool UseLargePagesIndividualAllocation        = false                                  {pd product} {ergonomic}
     bool UseParallelGC                            = true                                      {product} {command line}

Logging:
Log output configuration:
 #0: stdout all=off uptime,level,tags foldmultilines=false
 #1: stderr all=off uptime,level,tags foldmultilines=false

Environment Variables:
JAVA_HOME=C:\Program Files\Java\jdk-22
CLASSPATH=D:\LINGO64_20\Lingo20.jar
PATH=C:\Program Files\Common Files\Oracle\Java\javapath;C:\WINDOWS\system32;C:\WINDOWS;C:\WINDOWS\System32\Wbem;C:\WINDOWS\System32\WindowsPowerShell\v1.0\;C:\WINDOWS\System32\OpenSSH\;C:\Program Files (x86)\Microsoft SQL Server\160\Tools\Binn\;C:\Program Files\Microsoft SQL Server\160\Tools\Binn\;C:\Program Files\Microsoft SQL Server\Client SDK\ODBC\170\Tools\Binn\;C:\Program Files\Microsoft SQL Server\160\DTS\Binn\;D:\LINGO64_20\;C:\Program Files\Java\jdk-22\bin;C:\ProgramData\chocolatey\bin;C:\php;C:\xampp\php;C:\ProgramData\ComposerSetup\bin;C:\Program Files\Git\cmd;C:\Users\LUIGGI\AppData\Local\nvm;C:\nvm4w\nodejs;C:\Users\LUIGGI\AppData\Local\Microsoft\WindowsApps;C:\Program Files\MongoDB\Server\5.0\bin;C:\Users\LUIGGI\AppData\Local\Programs\Microsoft VS Code\bin;C:\Users\LUIGGI\AppData\Local\GitHubDesktop\bin;C:\Program Files\Java\jdk-20.0.2\bin;C:\Program Files\Azure Data Studio\bin;C:\Program Files\Azure Data Studio\bin;C:\Program Files\Java\jdk-22\bin;C:\Users\LUIGGI\AppData\Roaming\Composer\vendor\bin;C:\Users\LUIGGI\AppData\Local\nvm;C:\nvm4w\nodejs
USERNAME=LUIGGI
OS=Windows_NT
PROCESSOR_IDENTIFIER=Intel64 Family 6 Model 58 Stepping 9, GenuineIntel
TMP=C:\Users\LUIGGI\AppData\Local\Temp
TEMP=C:\Users\LUIGGI\AppData\Local\Temp




Periodic native trim disabled

---------------  S Y S T E M  ---------------

OS:
 Windows 10 , 64 bit Build 19041 (10.0.19041.5915)
OS uptime: 0 days 1:18 hours

CPU: total 4 (initial active 4) (2 cores per cpu, 2 threads per core) family 6 model 58 stepping 9 microcode 0x21, cx8, cmov, fxsr, ht, mmx, sse, sse2, sse3, ssse3, sse4.1, sse4.2, popcnt, tsc, tscinvbit, avx, erms, clmul, vzeroupper, clflush, rdtscp, f16c
Processor Information for the first 4 processors :
  Max Mhz: 3300, Current Mhz: 3300, Mhz Limit: 3300

Memory: 4k page, system-wide physical 8079M (379M free)
TotalPageFile size 10914M (AvailPageFile size 2M)
current process WorkingSet (physical memory assigned to process): 197M, peak: 215M
current process commit charge ("private bytes"): 317M, peak: 324M

vm_info: OpenJDK 64-Bit Server VM (21.0.8+9-LTS) for windows-amd64 JRE (21.0.8+9-LTS), built on 2025-07-15T00:00:00Z by "admin" with MS VC++ 17.7 (VS2022)

END.
