#
# There is insufficient memory for the Java Runtime Environment to continue.
# Native memory allocation (malloc) failed to allocate 32744 bytes. Error detail: Chunk::new
# Possible reasons:
#   The system is out of physical RAM or swap space
#   This process is running with CompressedOops enabled, and the Java Heap may be blocking the growth of the native heap
# Possible solutions:
#   Reduce memory load on the system
#   Increase physical memory or swap space
#   Check if swap backing store is full
#   Decrease Java heap size (-Xmx/-Xms)
#   Decrease number of Java threads
#   Decrease Java thread stack sizes (-Xss)
#   Set larger code cache with -XX:ReservedCodeCacheSize=
#   JVM is running with Unscaled Compressed Oops mode in which the Java heap is
#     placed in the first 4GB address space. The Java Heap base address is the
#     maximum limit for the native heap growth. Please use -XX:HeapBaseMinAddress
#     to set the Java Heap base and to place the Java Heap above 4GB virtual address.
# This output file may be truncated or incomplete.
#
#  Out of Memory Error (arena.cpp:168), pid=14168, tid=7064
#
# JRE version: OpenJDK Runtime Environment Temurin-21.0.8+9 (21.0.8+9) (build 21.0.8+9-LTS)
# Java VM: OpenJDK 64-Bit Server VM Temurin-21.0.8+9 (21.0.8+9-LTS, mixed mode, sharing, tiered, compressed oops, compressed class ptrs, parallel gc, windows-amd64)
# No core dump will be written. Minidumps are not enabled by default on client versions of Windows
#

---------------  S U M M A R Y ------------

Command Line: --add-modules=ALL-SYSTEM --add-opens=java.base/java.util=ALL-UNNAMED --add-opens=java.base/java.lang=ALL-UNNAMED --add-opens=java.base/sun.nio.fs=ALL-UNNAMED -Declipse.application=org.eclipse.jdt.ls.core.id1 -Dosgi.bundles.defaultStartLevel=4 -Declipse.product=org.eclipse.jdt.ls.core.product -Djava.import.generatesMetadataFilesAtProjectRoot=false -DDetectVMInstallationsJob.disabled=true -Dfile.encoding=utf8 -XX:+UseParallelGC -XX:GCTimeRatio=4 -XX:AdaptiveSizePolicyWeight=90 -Dsun.zip.disableMemoryMapping=true -Xmx2G -Xms100m -Xlog:disable -javaagent:c:\Users\LUIGGI\.vscode\extensions\redhat.java-1.46.0-win32-x64\lombok\lombok-1.18.39-4050.jar -XX:+HeapDumpOnOutOfMemoryError -XX:HeapDumpPath=c:\Users\LUIGGI\AppData\Roaming\Code\User\workspaceStorage\cdaab95eed81a43ac8717f4e79673a67\redhat.java -Daether.dependencyCollector.impl=bf c:\Users\LUIGGI\.vscode\extensions\redhat.java-1.46.0-win32-x64\server\plugins\org.eclipse.equinox.launcher_1.7.0.v20250519-0528.jar -configuration c:\Users\LUIGGI\AppData\Roaming\Code\User\globalStorage\redhat.java\1.46.0\config_win -data c:\Users\LUIGGI\AppData\Roaming\Code\User\workspaceStorage\cdaab95eed81a43ac8717f4e79673a67\redhat.java\jdt_ws --pipe=\\.\pipe\lsp-92c9633136e2b873c9ee887204ae4dc6-sock

Host: Intel(R) Core(TM) i3-3220 CPU @ 3.30GHz, 4 cores, 7G,  Windows 10 , 64 bit Build 19041 (10.0.19041.5915)
Time: Sat Oct 11 20:17:24 2025 Hora est. Pacífico, Sudamérica elapsed time: 48.393232 seconds (0d 0h 0m 48s)

---------------  T H R E A D  ---------------

Current thread (0x0000023946d43a70):  JavaThread "C2 CompilerThread0" daemon [_thread_in_native, id=7064, stack(0x000000ebb2c00000,0x000000ebb2d00000) (1024K)]


Current CompileTask:
C2:48393 11975       4       org.eclipse.jdt.internal.compiler.lookup.LookupEnvironment::getTypeFromTypeSignature (770 bytes)

Stack: [0x000000ebb2c00000,0x000000ebb2d00000]
Native frames: (J=compiled Java code, j=interpreted, Vv=VM code, C=native code)
V  [jvm.dll+0x6d2449]
V  [jvm.dll+0x8ae341]
V  [jvm.dll+0x8b08be]
V  [jvm.dll+0x8b0fa3]
V  [jvm.dll+0x280c96]
V  [jvm.dll+0xc581d]
V  [jvm.dll+0xc5d53]
V  [jvm.dll+0x3be99d]
V  [jvm.dll+0x3be1c1]
V  [jvm.dll+0x3be204]
V  [jvm.dll+0x1e3dee]
V  [jvm.dll+0x3b935b]
V  [jvm.dll+0x3b8465]
V  [jvm.dll+0x1e143e]
V  [jvm.dll+0x249022]
V  [jvm.dll+0x2484af]
V  [jvm.dll+0x1c89ee]
V  [jvm.dll+0x257d4d]
V  [jvm.dll+0x2562ea]
V  [jvm.dll+0x3f2d16]
V  [jvm.dll+0x857e6b]
V  [jvm.dll+0x6d0b0d]
C  [ucrtbase.dll+0x21bb2]
C  [KERNEL32.DLL+0x17374]
C  [ntdll.dll+0x4cc91]


---------------  P R O C E S S  ---------------

Threads class SMR info:
_java_thread_list=0x000002398f8a34a0, length=38, elements={
0x000002393035fb70, 0x0000023946d3a090, 0x0000023946d3b990, 0x0000023946d3d510,
0x0000023946d3e420, 0x0000023946d401e0, 0x0000023946d42c40, 0x0000023946d43a70,
0x0000023946dadf90, 0x0000023988ae8d30, 0x0000023988d15570, 0x000002398d9820c0,
0x000002398d43b520, 0x000002398d33f690, 0x000002398d33fcf0, 0x000002398d9b1ee0,
0x000002398dd249e0, 0x000002398df64c70, 0x000002398df63f50, 0x000002398df65990,
0x000002398df645e0, 0x000002398df66020, 0x000002398df666b0, 0x000002398df66d40,
0x000002398df673d0, 0x000002398d5e6960, 0x000002398d5e2e50, 0x000002398d5e0d80,
0x000002398d5e1aa0, 0x000002398d5e34e0, 0x000002398d5e2130, 0x000002398d5e62d0,
0x000002398d5e6ff0, 0x000002398d5e0060, 0x000002398d5e55b0, 0x000002398d5e7680,
0x000002398d5e4890, 0x000002398e123df0
}

Java Threads: ( => current thread )
  0x000002393035fb70 JavaThread "main"                              [_thread_blocked, id=12776, stack(0x000000ebb2200000,0x000000ebb2300000) (1024K)]
  0x0000023946d3a090 JavaThread "Reference Handler"          daemon [_thread_blocked, id=12724, stack(0x000000ebb2600000,0x000000ebb2700000) (1024K)]
  0x0000023946d3b990 JavaThread "Finalizer"                  daemon [_thread_blocked, id=11268, stack(0x000000ebb2700000,0x000000ebb2800000) (1024K)]
  0x0000023946d3d510 JavaThread "Signal Dispatcher"          daemon [_thread_blocked, id=1520, stack(0x000000ebb2800000,0x000000ebb2900000) (1024K)]
  0x0000023946d3e420 JavaThread "Attach Listener"            daemon [_thread_blocked, id=12576, stack(0x000000ebb2900000,0x000000ebb2a00000) (1024K)]
  0x0000023946d401e0 JavaThread "Service Thread"             daemon [_thread_blocked, id=12704, stack(0x000000ebb2a00000,0x000000ebb2b00000) (1024K)]
  0x0000023946d42c40 JavaThread "Monitor Deflation Thread"   daemon [_thread_blocked, id=8416, stack(0x000000ebb2b00000,0x000000ebb2c00000) (1024K)]
=>0x0000023946d43a70 JavaThread "C2 CompilerThread0"         daemon [_thread_in_native, id=7064, stack(0x000000ebb2c00000,0x000000ebb2d00000) (1024K)]
  0x0000023946dadf90 JavaThread "C1 CompilerThread0"         daemon [_thread_blocked, id=7324, stack(0x000000ebb2d00000,0x000000ebb2e00000) (1024K)]
  0x0000023988ae8d30 JavaThread "Common-Cleaner"             daemon [_thread_blocked, id=9808, stack(0x000000ebb2e00000,0x000000ebb2f00000) (1024K)]
  0x0000023988d15570 JavaThread "Notification Thread"        daemon [_thread_blocked, id=7296, stack(0x000000ebb2f00000,0x000000ebb3000000) (1024K)]
  0x000002398d9820c0 JavaThread "Active Thread: Equinox Container: af992c22-2e6a-4b02-a662-038e70cdd035"        [_thread_blocked, id=10072, stack(0x000000ebb3400000,0x000000ebb3500000) (1024K)]
  0x000002398d43b520 JavaThread "Refresh Thread: Equinox Container: af992c22-2e6a-4b02-a662-038e70cdd035" daemon [_thread_blocked, id=11800, stack(0x000000ebb3500000,0x000000ebb3600000) (1024K)]
  0x000002398d33f690 JavaThread "Framework Event Dispatcher: Equinox Container: af992c22-2e6a-4b02-a662-038e70cdd035" daemon [_thread_blocked, id=11184, stack(0x000000ebb3600000,0x000000ebb3700000) (1024K)]
  0x000002398d33fcf0 JavaThread "Start Level: Equinox Container: af992c22-2e6a-4b02-a662-038e70cdd035" daemon [_thread_blocked, id=13160, stack(0x000000ebb3700000,0x000000ebb3800000) (1024K)]
  0x000002398d9b1ee0 JavaThread "Bundle File Closer"         daemon [_thread_blocked, id=5476, stack(0x000000ebb3800000,0x000000ebb3900000) (1024K)]
  0x000002398dd249e0 JavaThread "SCR Component Actor"        daemon [_thread_blocked, id=12712, stack(0x000000ebb3900000,0x000000ebb3a00000) (1024K)]
  0x000002398df64c70 JavaThread "Worker-JM"                         [_thread_blocked, id=10692, stack(0x000000ebb3a00000,0x000000ebb3b00000) (1024K)]
  0x000002398df63f50 JavaThread "JNA Cleaner"                daemon [_thread_blocked, id=11512, stack(0x000000ebb3000000,0x000000ebb3100000) (1024K)]
  0x000002398df65990 JavaThread "Worker-0"                          [_thread_blocked, id=12796, stack(0x000000ebb3b00000,0x000000ebb3c00000) (1024K)]
  0x000002398df645e0 JavaThread "Worker-1"                          [_thread_blocked, id=12264, stack(0x000000ebb3c00000,0x000000ebb3d00000) (1024K)]
  0x000002398df66020 JavaThread "Java indexing"              daemon [_thread_blocked, id=12828, stack(0x000000ebb3e00000,0x000000ebb3f00000) (1024K)]
  0x000002398df666b0 JavaThread "Worker-2"                          [_thread_blocked, id=12072, stack(0x000000ebb3f00000,0x000000ebb4000000) (1024K)]
  0x000002398df66d40 JavaThread "Worker-3: Initialize Workspace"        [_thread_blocked, id=13928, stack(0x000000ebb4000000,0x000000ebb4100000) (1024K)]
  0x000002398df673d0 JavaThread "Worker-4"                          [_thread_blocked, id=14256, stack(0x000000ebb4100000,0x000000ebb4200000) (1024K)]
  0x000002398d5e6960 JavaThread "Thread-1"                   daemon [_thread_in_native, id=13800, stack(0x000000ebb4200000,0x000000ebb4300000) (1024K)]
  0x000002398d5e2e50 JavaThread "Thread-2"                   daemon [_thread_in_native, id=13408, stack(0x000000ebb4300000,0x000000ebb4400000) (1024K)]
  0x000002398d5e0d80 JavaThread "Thread-3"                   daemon [_thread_in_native, id=13432, stack(0x000000ebb4400000,0x000000ebb4500000) (1024K)]
  0x000002398d5e1aa0 JavaThread "Thread-4"                   daemon [_thread_in_native, id=13924, stack(0x000000ebb4500000,0x000000ebb4600000) (1024K)]
  0x000002398d5e34e0 JavaThread "Thread-5"                   daemon [_thread_in_native, id=7644, stack(0x000000ebb4600000,0x000000ebb4700000) (1024K)]
  0x000002398d5e2130 JavaThread "pool-2-thread-1"                   [_thread_blocked, id=12464, stack(0x000000ebb4700000,0x000000ebb4800000) (1024K)]
  0x000002398d5e62d0 JavaThread "WorkspaceEventsHandler"            [_thread_blocked, id=6860, stack(0x000000ebb4800000,0x000000ebb4900000) (1024K)]
  0x000002398d5e6ff0 JavaThread "pool-1-thread-1"                   [_thread_blocked, id=12004, stack(0x000000ebb4900000,0x000000ebb4a00000) (1024K)]
  0x000002398d5e0060 JavaThread "ForkJoinPool.commonPool-worker-1" daemon [_thread_blocked, id=12912, stack(0x000000ebb4a00000,0x000000ebb4b00000) (1024K)]
  0x000002398d5e55b0 JavaThread "ForkJoinPool.commonPool-worker-2" daemon [_thread_blocked, id=12932, stack(0x000000ebb4b00000,0x000000ebb4c00000) (1024K)]
  0x000002398d5e7680 JavaThread "ForkJoinPool.commonPool-worker-3" daemon [_thread_blocked, id=10312, stack(0x000000ebb4c00000,0x000000ebb4d00000) (1024K)]
  0x000002398d5e4890 JavaThread "Cleaner-0"                  daemon [_thread_blocked, id=1576, stack(0x000000ebb4f00000,0x000000ebb5000000) (1024K)]
  0x000002398e123df0 JavaThread "C2 CompilerThread1"         daemon [_thread_blocked, id=8528, stack(0x000000ebb3d00000,0x000000ebb3e00000) (1024K)]
Total: 38

Other Threads:
  0x00000239304221d0 VMThread "VM Thread"                           [id=6972, stack(0x000000ebb2500000,0x000000ebb2600000) (1024K)]
  0x00000239303caf00 WatcherThread "VM Periodic Task Thread"        [id=9008, stack(0x000000ebb2400000,0x000000ebb2500000) (1024K)]
  0x000002393037ce80 WorkerThread "GC Thread#0"                     [id=7020, stack(0x000000ebb2300000,0x000000ebb2400000) (1024K)]
  0x000002398d684df0 WorkerThread "GC Thread#1"                     [id=12768, stack(0x000000ebb3100000,0x000000ebb3200000) (1024K)]
  0x000002398d2082e0 WorkerThread "GC Thread#2"                     [id=11412, stack(0x000000ebb3200000,0x000000ebb3300000) (1024K)]
  0x0000023988d741b0 WorkerThread "GC Thread#3"                     [id=4560, stack(0x000000ebb3300000,0x000000ebb3400000) (1024K)]
Total: 6

Threads with active compile tasks:
C2 CompilerThread0  48449 11975       4       org.eclipse.jdt.internal.compiler.lookup.LookupEnvironment::getTypeFromTypeSignature (770 bytes)
Total: 1

VM state: not at safepoint (normal execution)

VM Mutex/Monitor currently owned by a thread: None

Heap address: 0x0000000080000000, size: 2048 MB, Compressed Oops mode: 32-bit

CDS archive(s) mapped at: [0x0000023947000000-0x0000023947ba0000-0x0000023947ba0000), size 12189696, SharedBaseAddress: 0x0000023947000000, ArchiveRelocationMode: 1.
Compressed class space mapped at: 0x0000023948000000-0x0000023988000000, reserved size: 1073741824
Narrow klass base: 0x0000023947000000, Narrow klass shift: 0, Narrow klass range: 0x100000000

GC Precious Log:
 CardTable entry size: 512
 CPUs: 4 total, 4 available
 Memory: 8079M
 Large Page Support: Disabled
 NUMA Support: Disabled
 Compressed Oops: Enabled (32-bit)
 Alignments: Space 512K, Generation 512K, Heap 2M
 Heap Min Capacity: 100M
 Heap Initial Capacity: 100M
 Heap Max Capacity: 2G
 Pre-touch: Disabled
 Parallel Workers: 4

Heap:
 PSYoungGen      total 4608K, used 2888K [0x00000000d5580000, 0x00000000d5b00000, 0x0000000100000000)
  eden space 3584K, 63% used [0x00000000d5580000,0x00000000d57bb9f0,0x00000000d5900000)
  from space 1024K, 58% used [0x00000000d5900000,0x00000000d5996900,0x00000000d5a00000)
  to   space 1024K, 0% used [0x00000000d5a00000,0x00000000d5a00000,0x00000000d5b00000)
 ParOldGen       total 210432K, used 210024K [0x0000000080000000, 0x000000008cd80000, 0x00000000d5580000)
  object space 210432K, 99% used [0x0000000080000000,0x000000008cd1a360,0x000000008cd80000)
 Metaspace       used 68809K, committed 70528K, reserved 1114112K
  class space    used 7266K, committed 8064K, reserved 1048576K

Card table byte_map: [0x000002392fd20000,0x0000023930130000] _byte_map_base: 0x000002392f920000

Marking Bits: (ParMarkBitMap*) 0x00007ffd811ba340
 Begin Bits: [0x0000023942810000, 0x0000023944810000)
 End Bits:   [0x0000023944810000, 0x0000023946810000)

Polling page: 0x000002392e3d0000

Metaspace:

Usage:
  Non-class:     60.10 MB used.
      Class:      7.10 MB used.
       Both:     67.20 MB used.

Virtual space:
  Non-class space:       64.00 MB reserved,      61.00 MB ( 95%) committed,  1 nodes.
      Class space:        1.00 GB reserved,       7.88 MB ( <1%) committed,  1 nodes.
             Both:        1.06 GB reserved,      68.88 MB (  6%) committed. 

Chunk freelists:
   Non-Class:  2.94 MB
       Class:  8.04 MB
        Both:  10.97 MB

MaxMetaspaceSize: unlimited
CompressedClassSpaceSize: 1.00 GB
Initial GC threshold: 21.00 MB
Current GC threshold: 97.31 MB
CDS: on
 - commit_granule_bytes: 65536.
 - commit_granule_words: 8192.
 - virtual_space_node_default_size: 8388608.
 - enlarge_chunks_in_place: 1.
 - use_allocation_guard: 0.


Internal statistics:

num_allocs_failed_limit: 9.
num_arena_births: 1278.
num_arena_deaths: 14.
num_vsnodes_births: 2.
num_vsnodes_deaths: 0.
num_space_committed: 1102.
num_space_uncommitted: 0.
num_chunks_returned_to_freelist: 23.
num_chunks_taken_from_freelist: 4538.
num_chunk_merges: 15.
num_chunk_splits: 2796.
num_chunks_enlarged: 1602.
num_inconsistent_stats: 0.

CodeHeap 'non-profiled nmethods': size=120000Kb used=8278Kb max_used=8278Kb free=111721Kb
 bounds [0x000002393b030000, 0x000002393b850000, 0x0000023942560000]
CodeHeap 'profiled nmethods': size=120000Kb used=25813Kb max_used=25813Kb free=94187Kb
 bounds [0x0000023933560000, 0x0000023934ea0000, 0x000002393aa90000]
CodeHeap 'non-nmethods': size=5760Kb used=1446Kb max_used=1507Kb free=4313Kb
 bounds [0x000002393aa90000, 0x000002393ad00000, 0x000002393b030000]
CodeCache: size=245760Kb, used=35537Kb, max_used=35598Kb, free=210221Kb
 total_blobs=11982, nmethods=11218, adapters=669, full_count=0
Compilation: enabled, stopped_count=0, restarted_count=0

Compilation events (20 events):
Event: 46.017 Thread 0x0000023946dadf90 nmethod 11994 0x0000023934e92510 code [0x0000023934e92760, 0x0000023934e931a0]
Event: 46.017 Thread 0x0000023946dadf90 11995       3       com.google.gson.internal.bind.TypeAdapters$7::write (10 bytes)
Event: 46.018 Thread 0x0000023946dadf90 nmethod 11995 0x0000023934e93510 code [0x0000023934e93760, 0x0000023934e93f40]
Event: 46.018 Thread 0x0000023946dadf90 11996       3       com.google.gson.internal.bind.TypeAdapters$7::write (23 bytes)
Event: 46.019 Thread 0x0000023946dadf90 nmethod 11996 0x0000023934e94210 code [0x0000023934e94440, 0x0000023934e94ac0]
Event: 46.019 Thread 0x0000023946dadf90 11997       3       com.google.gson.stream.JsonWriter::value (21 bytes)
Event: 46.019 Thread 0x0000023946dadf90 nmethod 11997 0x0000023934e94d10 code [0x0000023934e94f00, 0x0000023934e952a8]
Event: 46.174 Thread 0x000002398e123df0 nmethod 11958 0x000002393b83c690 code [0x000002393b83cb80, 0x000002393b841a58]
Event: 46.176 Thread 0x000002398e123df0 11976       4       org.eclipse.jdt.internal.compiler.lookup.Binding::isValidBinding (11 bytes)
Event: 46.177 Thread 0x000002398e123df0 nmethod 11976 0x000002393b844010 code [0x000002393b8441a0, 0x000002393b844258]
Event: 46.177 Thread 0x000002398e123df0 11974       4       org.eclipse.jdt.internal.compiler.lookup.SignatureWrapper::computeEnd (248 bytes)
Event: 46.187 Thread 0x000002398e123df0 nmethod 11974 0x000002393b844310 code [0x000002393b8444a0, 0x000002393b8447d0]
Event: 46.187 Thread 0x000002398e123df0 11966       4       org.eclipse.jdt.internal.compiler.lookup.MethodBinding::<init> (136 bytes)
Event: 46.190 Thread 0x000002398e123df0 nmethod 11966 0x000002393b844990 code [0x000002393b844b20, 0x000002393b844c80]
Event: 46.190 Thread 0x000002398e123df0 11964       4       org.eclipse.jdt.internal.compiler.lookup.PackageBinding::problemId (17 bytes)
Event: 46.190 Thread 0x000002398e123df0 nmethod 11964 0x000002393b844d90 code [0x000002393b844f20, 0x000002393b844fe0]
Event: 46.190 Thread 0x000002398e123df0 11962       4       org.eclipse.jdt.internal.compiler.lookup.ModuleBinding::completeIfNeeded (53 bytes)
Event: 46.193 Thread 0x000002398e123df0 nmethod 11962 0x000002393b845090 code [0x000002393b845240, 0x000002393b8453e0]
Event: 46.193 Thread 0x000002398e123df0 11991       4       org.eclipse.jdt.core.dom.ASTVisitor::postVisit (1 bytes)
Event: 46.194 Thread 0x000002398e123df0 nmethod 11991 0x000002393b845590 code [0x000002393b845720, 0x000002393b8457a8]

GC Heap History (20 events):
Event: 40.638 GC heap before
{Heap before GC invocations=191 (full 3):
 PSYoungGen      total 4096K, used 4085K [0x00000000d5580000, 0x00000000d5c00000, 0x0000000100000000)
  eden space 3584K, 100% used [0x00000000d5580000,0x00000000d5900000,0x00000000d5900000)
  from space 512K, 97% used [0x00000000d5a00000,0x00000000d5a7d6f8,0x00000000d5a80000)
  to   space 1536K, 0% used [0x00000000d5a80000,0x00000000d5a80000,0x00000000d5c00000)
 ParOldGen       total 206848K, used 206590K [0x0000000080000000, 0x000000008ca00000, 0x00000000d5580000)
  object space 206848K, 99% used [0x0000000080000000,0x000000008c9bf870,0x000000008ca00000)
 Metaspace       used 67644K, committed 69312K, reserved 1114112K
  class space    used 7108K, committed 7872K, reserved 1048576K
}
Event: 40.639 GC heap after
{Heap after GC invocations=191 (full 3):
 PSYoungGen      total 4096K, used 224K [0x00000000d5580000, 0x00000000d5b00000, 0x0000000100000000)
  eden space 3584K, 0% used [0x00000000d5580000,0x00000000d5580000,0x00000000d5900000)
  from space 512K, 43% used [0x00000000d5a80000,0x00000000d5ab8000,0x00000000d5b00000)
  to   space 1024K, 0% used [0x00000000d5900000,0x00000000d5900000,0x00000000d5a00000)
 ParOldGen       total 207360K, used 206995K [0x0000000080000000, 0x000000008ca80000, 0x00000000d5580000)
  object space 207360K, 99% used [0x0000000080000000,0x000000008ca24dd0,0x000000008ca80000)
 Metaspace       used 67644K, committed 69312K, reserved 1114112K
  class space    used 7108K, committed 7872K, reserved 1048576K
}
Event: 40.917 GC heap before
{Heap before GC invocations=192 (full 3):
 PSYoungGen      total 4096K, used 3794K [0x00000000d5580000, 0x00000000d5b00000, 0x0000000100000000)
  eden space 3584K, 99% used [0x00000000d5580000,0x00000000d58fc8c0,0x00000000d5900000)
  from space 512K, 43% used [0x00000000d5a80000,0x00000000d5ab8000,0x00000000d5b00000)
  to   space 1024K, 0% used [0x00000000d5900000,0x00000000d5900000,0x00000000d5a00000)
 ParOldGen       total 207360K, used 206995K [0x0000000080000000, 0x000000008ca80000, 0x00000000d5580000)
  object space 207360K, 99% used [0x0000000080000000,0x000000008ca24dd0,0x000000008ca80000)
 Metaspace       used 68297K, committed 69952K, reserved 1114112K
  class space    used 7218K, committed 8000K, reserved 1048576K
}
Event: 40.920 GC heap after
{Heap after GC invocations=192 (full 3):
 PSYoungGen      total 4608K, used 352K [0x00000000d5580000, 0x00000000d5b00000, 0x0000000100000000)
  eden space 3584K, 0% used [0x00000000d5580000,0x00000000d5580000,0x00000000d5900000)
  from space 1024K, 34% used [0x00000000d5900000,0x00000000d5958000,0x00000000d5a00000)
  to   space 512K, 0% used [0x00000000d5a80000,0x00000000d5a80000,0x00000000d5b00000)
 ParOldGen       total 207360K, used 207152K [0x0000000080000000, 0x000000008ca80000, 0x00000000d5580000)
  object space 207360K, 99% used [0x0000000080000000,0x000000008ca4c058,0x000000008ca80000)
 Metaspace       used 68297K, committed 69952K, reserved 1114112K
  class space    used 7218K, committed 8000K, reserved 1048576K
}
Event: 41.839 GC heap before
{Heap before GC invocations=193 (full 3):
 PSYoungGen      total 4608K, used 3936K [0x00000000d5580000, 0x00000000d5b00000, 0x0000000100000000)
  eden space 3584K, 100% used [0x00000000d5580000,0x00000000d5900000,0x00000000d5900000)
  from space 1024K, 34% used [0x00000000d5900000,0x00000000d5958000,0x00000000d5a00000)
  to   space 512K, 0% used [0x00000000d5a80000,0x00000000d5a80000,0x00000000d5b00000)
 ParOldGen       total 207360K, used 207152K [0x0000000080000000, 0x000000008ca80000, 0x00000000d5580000)
  object space 207360K, 99% used [0x0000000080000000,0x000000008ca4c058,0x000000008ca80000)
 Metaspace       used 68483K, committed 70144K, reserved 1114112K
  class space    used 7239K, committed 8000K, reserved 1048576K
}
Event: 41.841 GC heap after
{Heap after GC invocations=193 (full 3):
 PSYoungGen      total 4096K, used 426K [0x00000000d5580000, 0x00000000d5b00000, 0x0000000100000000)
  eden space 3584K, 0% used [0x00000000d5580000,0x00000000d5580000,0x00000000d5900000)
  from space 512K, 83% used [0x00000000d5a80000,0x00000000d5aea910,0x00000000d5b00000)
  to   space 512K, 0% used [0x00000000d5a00000,0x00000000d5a00000,0x00000000d5a80000)
 ParOldGen       total 207872K, used 207376K [0x0000000080000000, 0x000000008cb00000, 0x00000000d5580000)
  object space 207872K, 99% used [0x0000000080000000,0x000000008ca84058,0x000000008cb00000)
 Metaspace       used 68483K, committed 70144K, reserved 1114112K
  class space    used 7239K, committed 8000K, reserved 1048576K
}
Event: 41.898 GC heap before
{Heap before GC invocations=194 (full 3):
 PSYoungGen      total 4096K, used 4010K [0x00000000d5580000, 0x00000000d5b00000, 0x0000000100000000)
  eden space 3584K, 100% used [0x00000000d5580000,0x00000000d5900000,0x00000000d5900000)
  from space 512K, 83% used [0x00000000d5a80000,0x00000000d5aea910,0x00000000d5b00000)
  to   space 512K, 0% used [0x00000000d5a00000,0x00000000d5a00000,0x00000000d5a80000)
 ParOldGen       total 207872K, used 207376K [0x0000000080000000, 0x000000008cb00000, 0x00000000d5580000)
  object space 207872K, 99% used [0x0000000080000000,0x000000008ca84058,0x000000008cb00000)
 Metaspace       used 68491K, committed 70144K, reserved 1114112K
  class space    used 7239K, committed 8000K, reserved 1048576K
}
Event: 41.900 GC heap after
{Heap after GC invocations=194 (full 3):
 PSYoungGen      total 4096K, used 352K [0x00000000d5580000, 0x00000000d5b00000, 0x0000000100000000)
  eden space 3584K, 0% used [0x00000000d5580000,0x00000000d5580000,0x00000000d5900000)
  from space 512K, 68% used [0x00000000d5a00000,0x00000000d5a58000,0x00000000d5a80000)
  to   space 512K, 0% used [0x00000000d5a80000,0x00000000d5a80000,0x00000000d5b00000)
 ParOldGen       total 207872K, used 207772K [0x0000000080000000, 0x000000008cb00000, 0x00000000d5580000)
  object space 207872K, 99% used [0x0000000080000000,0x000000008cae7268,0x000000008cb00000)
 Metaspace       used 68491K, committed 70144K, reserved 1114112K
  class space    used 7239K, committed 8000K, reserved 1048576K
}
Event: 41.954 GC heap before
{Heap before GC invocations=195 (full 3):
 PSYoungGen      total 4096K, used 3936K [0x00000000d5580000, 0x00000000d5b00000, 0x0000000100000000)
  eden space 3584K, 100% used [0x00000000d5580000,0x00000000d5900000,0x00000000d5900000)
  from space 512K, 68% used [0x00000000d5a00000,0x00000000d5a58000,0x00000000d5a80000)
  to   space 512K, 0% used [0x00000000d5a80000,0x00000000d5a80000,0x00000000d5b00000)
 ParOldGen       total 207872K, used 207772K [0x0000000080000000, 0x000000008cb00000, 0x00000000d5580000)
  object space 207872K, 99% used [0x0000000080000000,0x000000008cae7268,0x000000008cb00000)
 Metaspace       used 68504K, committed 70144K, reserved 1114112K
  class space    used 7239K, committed 8000K, reserved 1048576K
}
Event: 41.956 GC heap after
{Heap after GC invocations=195 (full 3):
 PSYoungGen      total 4096K, used 500K [0x00000000d5580000, 0x00000000d5b00000, 0x0000000100000000)
  eden space 3584K, 0% used [0x00000000d5580000,0x00000000d5580000,0x00000000d5900000)
  from space 512K, 97% used [0x00000000d5a80000,0x00000000d5afd200,0x00000000d5b00000)
  to   space 1024K, 0% used [0x00000000d5900000,0x00000000d5900000,0x00000000d5a00000)
 ParOldGen       total 208384K, used 208100K [0x0000000080000000, 0x000000008cb80000, 0x00000000d5580000)
  object space 208384K, 99% used [0x0000000080000000,0x000000008cb39268,0x000000008cb80000)
 Metaspace       used 68504K, committed 70144K, reserved 1114112K
  class space    used 7239K, committed 8000K, reserved 1048576K
}
Event: 42.008 GC heap before
{Heap before GC invocations=196 (full 3):
 PSYoungGen      total 4096K, used 4084K [0x00000000d5580000, 0x00000000d5b00000, 0x0000000100000000)
  eden space 3584K, 100% used [0x00000000d5580000,0x00000000d5900000,0x00000000d5900000)
  from space 512K, 97% used [0x00000000d5a80000,0x00000000d5afd200,0x00000000d5b00000)
  to   space 1024K, 0% used [0x00000000d5900000,0x00000000d5900000,0x00000000d5a00000)
 ParOldGen       total 208384K, used 208100K [0x0000000080000000, 0x000000008cb80000, 0x00000000d5580000)
  object space 208384K, 99% used [0x0000000080000000,0x000000008cb39268,0x000000008cb80000)
 Metaspace       used 68508K, committed 70144K, reserved 1114112K
  class space    used 7239K, committed 8000K, reserved 1048576K
}
Event: 42.011 GC heap after
{Heap after GC invocations=196 (full 3):
 PSYoungGen      total 4608K, used 256K [0x00000000d5580000, 0x00000000d5b00000, 0x0000000100000000)
  eden space 3584K, 0% used [0x00000000d5580000,0x00000000d5580000,0x00000000d5900000)
  from space 1024K, 25% used [0x00000000d5900000,0x00000000d5940000,0x00000000d5a00000)
  to   space 512K, 0% used [0x00000000d5a80000,0x00000000d5a80000,0x00000000d5b00000)
 ParOldGen       total 208896K, used 208613K [0x0000000080000000, 0x000000008cc00000, 0x00000000d5580000)
  object space 208896K, 99% used [0x0000000080000000,0x000000008cbb9488,0x000000008cc00000)
 Metaspace       used 68508K, committed 70144K, reserved 1114112K
  class space    used 7239K, committed 8000K, reserved 1048576K
}
Event: 44.116 GC heap before
{Heap before GC invocations=197 (full 3):
 PSYoungGen      total 4608K, used 3840K [0x00000000d5580000, 0x00000000d5b00000, 0x0000000100000000)
  eden space 3584K, 100% used [0x00000000d5580000,0x00000000d5900000,0x00000000d5900000)
  from space 1024K, 25% used [0x00000000d5900000,0x00000000d5940000,0x00000000d5a00000)
  to   space 512K, 0% used [0x00000000d5a80000,0x00000000d5a80000,0x00000000d5b00000)
 ParOldGen       total 208896K, used 208613K [0x0000000080000000, 0x000000008cc00000, 0x00000000d5580000)
  object space 208896K, 99% used [0x0000000080000000,0x000000008cbb9488,0x000000008cc00000)
 Metaspace       used 68650K, committed 70336K, reserved 1114112K
  class space    used 7253K, committed 8064K, reserved 1048576K
}
Event: 44.118 GC heap after
{Heap after GC invocations=197 (full 3):
 PSYoungGen      total 4096K, used 404K [0x00000000d5580000, 0x00000000d5b00000, 0x0000000100000000)
  eden space 3584K, 0% used [0x00000000d5580000,0x00000000d5580000,0x00000000d5900000)
  from space 512K, 79% used [0x00000000d5a80000,0x00000000d5ae5220,0x00000000d5b00000)
  to   space 512K, 0% used [0x00000000d5a00000,0x00000000d5a00000,0x00000000d5a80000)
 ParOldGen       total 208896K, used 208861K [0x0000000080000000, 0x000000008cc00000, 0x00000000d5580000)
  object space 208896K, 99% used [0x0000000080000000,0x000000008cbf7488,0x000000008cc00000)
 Metaspace       used 68650K, committed 70336K, reserved 1114112K
  class space    used 7253K, committed 8064K, reserved 1048576K
}
Event: 44.168 GC heap before
{Heap before GC invocations=198 (full 3):
 PSYoungGen      total 4096K, used 3988K [0x00000000d5580000, 0x00000000d5b00000, 0x0000000100000000)
  eden space 3584K, 100% used [0x00000000d5580000,0x00000000d5900000,0x00000000d5900000)
  from space 512K, 79% used [0x00000000d5a80000,0x00000000d5ae5220,0x00000000d5b00000)
  to   space 512K, 0% used [0x00000000d5a00000,0x00000000d5a00000,0x00000000d5a80000)
 ParOldGen       total 208896K, used 208861K [0x0000000080000000, 0x000000008cc00000, 0x00000000d5580000)
  object space 208896K, 99% used [0x0000000080000000,0x000000008cbf7488,0x000000008cc00000)
 Metaspace       used 68741K, committed 70400K, reserved 1114112K
  class space    used 7260K, committed 8064K, reserved 1048576K
}
Event: 44.170 GC heap after
{Heap after GC invocations=198 (full 3):
 PSYoungGen      total 4096K, used 512K [0x00000000d5580000, 0x00000000d5b00000, 0x0000000100000000)
  eden space 3584K, 0% used [0x00000000d5580000,0x00000000d5580000,0x00000000d5900000)
  from space 512K, 100% used [0x00000000d5a00000,0x00000000d5a80000,0x00000000d5a80000)
  to   space 512K, 0% used [0x00000000d5a80000,0x00000000d5a80000,0x00000000d5b00000)
 ParOldGen       total 209408K, used 209218K [0x0000000080000000, 0x000000008cc80000, 0x00000000d5580000)
  object space 209408K, 99% used [0x0000000080000000,0x000000008cc50bc8,0x000000008cc80000)
 Metaspace       used 68741K, committed 70400K, reserved 1114112K
  class space    used 7260K, committed 8064K, reserved 1048576K
}
Event: 45.926 GC heap before
{Heap before GC invocations=199 (full 3):
 PSYoungGen      total 4096K, used 4096K [0x00000000d5580000, 0x00000000d5b00000, 0x0000000100000000)
  eden space 3584K, 100% used [0x00000000d5580000,0x00000000d5900000,0x00000000d5900000)
  from space 512K, 100% used [0x00000000d5a00000,0x00000000d5a80000,0x00000000d5a80000)
  to   space 512K, 0% used [0x00000000d5a80000,0x00000000d5a80000,0x00000000d5b00000)
 ParOldGen       total 209408K, used 209218K [0x0000000080000000, 0x000000008cc80000, 0x00000000d5580000)
  object space 209408K, 99% used [0x0000000080000000,0x000000008cc50bc8,0x000000008cc80000)
 Metaspace       used 68763K, committed 70464K, reserved 1114112K
  class space    used 7262K, committed 8064K, reserved 1048576K
}
Event: 45.928 GC heap after
{Heap after GC invocations=199 (full 3):
 PSYoungGen      total 4096K, used 432K [0x00000000d5580000, 0x00000000d5b00000, 0x0000000100000000)
  eden space 3584K, 0% used [0x00000000d5580000,0x00000000d5580000,0x00000000d5900000)
  from space 512K, 84% used [0x00000000d5a80000,0x00000000d5aec010,0x00000000d5b00000)
  to   space 1024K, 0% used [0x00000000d5900000,0x00000000d5900000,0x00000000d5a00000)
 ParOldGen       total 209920K, used 209698K [0x0000000080000000, 0x000000008cd00000, 0x00000000d5580000)
  object space 209920K, 99% used [0x0000000080000000,0x000000008ccc8bc8,0x000000008cd00000)
 Metaspace       used 68763K, committed 70464K, reserved 1114112K
  class space    used 7262K, committed 8064K, reserved 1048576K
}
Event: 45.990 GC heap before
{Heap before GC invocations=200 (full 3):
 PSYoungGen      total 4096K, used 4016K [0x00000000d5580000, 0x00000000d5b00000, 0x0000000100000000)
  eden space 3584K, 100% used [0x00000000d5580000,0x00000000d5900000,0x00000000d5900000)
  from space 512K, 84% used [0x00000000d5a80000,0x00000000d5aec010,0x00000000d5b00000)
  to   space 1024K, 0% used [0x00000000d5900000,0x00000000d5900000,0x00000000d5a00000)
 ParOldGen       total 209920K, used 209698K [0x0000000080000000, 0x000000008cd00000, 0x00000000d5580000)
  object space 209920K, 99% used [0x0000000080000000,0x000000008ccc8bc8,0x000000008cd00000)
 Metaspace       used 68779K, committed 70464K, reserved 1114112K
  class space    used 7263K, committed 8064K, reserved 1048576K
}
Event: 45.991 GC heap after
{Heap after GC invocations=200 (full 3):
 PSYoungGen      total 4608K, used 602K [0x00000000d5580000, 0x00000000d5b00000, 0x0000000100000000)
  eden space 3584K, 0% used [0x00000000d5580000,0x00000000d5580000,0x00000000d5900000)
  from space 1024K, 58% used [0x00000000d5900000,0x00000000d5996900,0x00000000d5a00000)
  to   space 1024K, 0% used [0x00000000d5a00000,0x00000000d5a00000,0x00000000d5b00000)
 ParOldGen       total 210432K, used 210024K [0x0000000080000000, 0x000000008cd80000, 0x00000000d5580000)
  object space 210432K, 99% used [0x0000000080000000,0x000000008cd1a360,0x000000008cd80000)
 Metaspace       used 68779K, committed 70464K, reserved 1114112K
  class space    used 7263K, committed 8064K, reserved 1048576K
}

Dll operation events (11 events):
Event: 0.015 Loaded shared library c:\Users\LUIGGI\.vscode\extensions\redhat.java-1.46.0-win32-x64\jre\21.0.8-win32-x86_64\bin\java.dll
Event: 0.155 Loaded shared library c:\Users\LUIGGI\.vscode\extensions\redhat.java-1.46.0-win32-x64\jre\21.0.8-win32-x86_64\bin\zip.dll
Event: 0.216 Loaded shared library C:\Users\LUIGGI\.vscode\extensions\redhat.java-1.46.0-win32-x64\jre\21.0.8-win32-x86_64\bin\instrument.dll
Event: 0.225 Loaded shared library C:\Users\LUIGGI\.vscode\extensions\redhat.java-1.46.0-win32-x64\jre\21.0.8-win32-x86_64\bin\net.dll
Event: 0.229 Loaded shared library C:\Users\LUIGGI\.vscode\extensions\redhat.java-1.46.0-win32-x64\jre\21.0.8-win32-x86_64\bin\nio.dll
Event: 0.239 Loaded shared library C:\Users\LUIGGI\.vscode\extensions\redhat.java-1.46.0-win32-x64\jre\21.0.8-win32-x86_64\bin\zip.dll
Event: 0.275 Loaded shared library C:\Users\LUIGGI\.vscode\extensions\redhat.java-1.46.0-win32-x64\jre\21.0.8-win32-x86_64\bin\jimage.dll
Event: 0.511 Loaded shared library c:\Users\LUIGGI\.vscode\extensions\redhat.java-1.46.0-win32-x64\jre\21.0.8-win32-x86_64\bin\verify.dll
Event: 3.065 Loaded shared library C:\Users\LUIGGI\AppData\Roaming\Code\User\globalStorage\redhat.java\1.46.0\config_win\org.eclipse.equinox.launcher\org.eclipse.equinox.launcher.win32.win32.x86_64_1.2.1400.v20250801-0854\eclipse_11916.dll
Event: 5.590 Loaded shared library C:\Users\LUIGGI\AppData\Local\Temp\jna--2038407287\jna17388465642861468166.dll
Event: 20.704 Loaded shared library C:\Users\LUIGGI\.vscode\extensions\redhat.java-1.46.0-win32-x64\jre\21.0.8-win32-x86_64\bin\sunmscapi.dll

Deoptimization events (20 events):
Event: 42.039 Thread 0x000002398d5e7680 Uncommon trap: trap_request=0xffffffde fr.pc=0x000002393b460598 relative=0x0000000000000078
Event: 42.039 Thread 0x000002398d5e7680 Uncommon trap: reason=class_check action=maybe_recompile pc=0x000002393b460598 method=java.util.LinkedHashMap.afterNodeInsertion(Z)V @ 15 c2
Event: 42.039 Thread 0x000002398d5e7680 DEOPT PACKING pc=0x000002393b460598 sp=0x000000ebb4cfea10
Event: 42.039 Thread 0x000002398d5e7680 DEOPT UNPACKING pc=0x000002393aae3aa2 sp=0x000000ebb4cfe988 mode 2
Event: 44.106 Thread 0x000002398d5e7680 DEOPT PACKING pc=0x00000239347aad0b sp=0x000000ebb4cfdb50
Event: 44.106 Thread 0x000002398d5e7680 DEOPT UNPACKING pc=0x000002393aae4242 sp=0x000000ebb4cfd038 mode 0
Event: 44.120 Thread 0x000002398d5e7680 Uncommon trap: trap_request=0xffffff45 fr.pc=0x000002393b6739c0 relative=0x0000000000000280
Event: 44.120 Thread 0x000002398d5e7680 Uncommon trap: reason=unstable_if action=reinterpret pc=0x000002393b6739c0 method=org.eclipse.core.internal.watson.ElementTree.getElementData(Lorg/eclipse/core/runtime/IPath;)Ljava/lang/Object; @ 29 c2
Event: 44.120 Thread 0x000002398d5e7680 DEOPT PACKING pc=0x000002393b6739c0 sp=0x000000ebb4cfd3b0
Event: 44.120 Thread 0x000002398d5e7680 DEOPT UNPACKING pc=0x000002393aae3aa2 sp=0x000000ebb4cfd358 mode 2
Event: 44.120 Thread 0x000002398d5e0060 Uncommon trap: trap_request=0xffffff45 fr.pc=0x000002393b6739c0 relative=0x0000000000000280
Event: 44.120 Thread 0x000002398d5e0060 Uncommon trap: reason=unstable_if action=reinterpret pc=0x000002393b6739c0 method=org.eclipse.core.internal.watson.ElementTree.getElementData(Lorg/eclipse/core/runtime/IPath;)Ljava/lang/Object; @ 29 c2
Event: 44.120 Thread 0x000002398d5e0060 DEOPT PACKING pc=0x000002393b6739c0 sp=0x000000ebb4afedb0
Event: 44.120 Thread 0x000002398d5e0060 DEOPT UNPACKING pc=0x000002393aae3aa2 sp=0x000000ebb4afed58 mode 2
Event: 44.191 Thread 0x000002398d5e7680 Uncommon trap: trap_request=0xffffff45 fr.pc=0x000002393b80c804 relative=0x0000000000001e64
Event: 44.191 Thread 0x000002398d5e7680 Uncommon trap: reason=unstable_if action=reinterpret pc=0x000002393b80c804 method=org.eclipse.jdt.internal.core.Openable.exists()Z @ 16 c2
Event: 44.191 Thread 0x000002398d5e7680 DEOPT PACKING pc=0x000002393b80c804 sp=0x000000ebb4cfe1c0
Event: 44.191 Thread 0x000002398d5e7680 DEOPT UNPACKING pc=0x000002393aae3aa2 sp=0x000000ebb4cfe1d8 mode 2
Event: 44.206 Thread 0x000002398d5e7680 DEOPT PACKING pc=0x0000023933e38e95 sp=0x000000ebb4cfd9d0
Event: 44.206 Thread 0x000002398d5e7680 DEOPT UNPACKING pc=0x000002393aae4242 sp=0x000000ebb4cfcde0 mode 0

Classes loaded (20 events):
Event: 31.518 Loading class java/util/stream/DistinctOps
Event: 31.519 Loading class java/util/stream/DistinctOps done
Event: 31.519 Loading class java/util/stream/DistinctOps$1
Event: 31.519 Loading class java/util/stream/DistinctOps$1 done
Event: 31.522 Loading class java/util/stream/DistinctOps$1$2
Event: 31.522 Loading class java/util/stream/DistinctOps$1$2 done
Event: 33.030 Loading class sun/nio/cs/ISO_8859_1$Encoder
Event: 33.030 Loading class sun/nio/cs/ISO_8859_1$Encoder done
Event: 33.030 Loading class sun/nio/cs/Surrogate$Parser
Event: 33.031 Loading class sun/nio/cs/Surrogate$Parser done
Event: 33.031 Loading class sun/nio/cs/Surrogate
Event: 33.031 Loading class sun/nio/cs/Surrogate done
Event: 34.281 Loading class java/nio/BufferMismatch
Event: 34.283 Loading class java/nio/BufferMismatch done
Event: 34.283 Loading class java/nio/file/attribute/PosixFileAttributes
Event: 34.283 Loading class java/nio/file/attribute/PosixFileAttributes done
Event: 38.880 Loading class java/lang/UnsupportedClassVersionError
Event: 38.880 Loading class java/lang/UnsupportedClassVersionError done
Event: 40.175 Loading class jdk/internal/ref/CleanerImpl$InnocuousThreadFactory
Event: 40.176 Loading class jdk/internal/ref/CleanerImpl$InnocuousThreadFactory done

Classes unloaded (7 events):
Event: 6.780 Thread 0x00000239304221d0 Unloading class 0x00000239481aec00 'java/lang/invoke/LambdaForm$MH+0x00000239481aec00'
Event: 6.780 Thread 0x00000239304221d0 Unloading class 0x00000239481ae800 'java/lang/invoke/LambdaForm$MH+0x00000239481ae800'
Event: 6.780 Thread 0x00000239304221d0 Unloading class 0x00000239481ae400 'java/lang/invoke/LambdaForm$MH+0x00000239481ae400'
Event: 6.780 Thread 0x00000239304221d0 Unloading class 0x00000239481ae000 'java/lang/invoke/LambdaForm$MH+0x00000239481ae000'
Event: 6.780 Thread 0x00000239304221d0 Unloading class 0x00000239481adc00 'java/lang/invoke/LambdaForm$BMH+0x00000239481adc00'
Event: 6.780 Thread 0x00000239304221d0 Unloading class 0x00000239481ad800 'java/lang/invoke/LambdaForm$DMH+0x00000239481ad800'
Event: 6.780 Thread 0x00000239304221d0 Unloading class 0x00000239481ac400 'java/lang/invoke/LambdaForm$DMH+0x00000239481ac400'

Classes redefined (0 events):
No events

Internal exceptions (20 events):
Event: 29.997 Thread 0x000002398df645e0 Exception <a 'java/lang/NoSuchMethodError'{0x00000000d5985f50}: 'java.lang.Object java.lang.invoke.DirectMethodHandle$Holder.invokeStatic(java.lang.Object, java.lang.Object, int, java.lang.Object, java.lang.Object)'> (0x00000000d5985f50) 
thrown [s\src\hotspot\share\interpreter\linkResolver.cpp, line 773]
Event: 30.121 Thread 0x000002398df645e0 Implicit null exception at 0x000002393b1f3d49 to 0x000002393b1f3e84
Event: 31.429 Thread 0x000002398df645e0 Exception <a 'java/lang/NoSuchMethodError'{0x00000000d5650468}: 'void java.lang.invoke.DirectMethodHandle$Holder.invokeStatic(java.lang.Object, int, java.lang.Object)'> (0x00000000d5650468) 
thrown [s\src\hotspot\share\interpreter\linkResolver.cpp, line 773]
Event: 31.524 Thread 0x000002398df673d0 Exception <a 'java/lang/NoSuchMethodError'{0x00000000d56e0540}: 'java.lang.Object java.lang.invoke.DirectMethodHandle$Holder.newInvokeSpecial(java.lang.Object, java.lang.Object, int, java.lang.Object, java.lang.Object)'> (0x00000000d56e0540) 
thrown [s\src\hotspot\share\interpreter\linkResolver.cpp, line 773]
Event: 31.528 Thread 0x000002398df673d0 Exception <a 'java/lang/NoSuchMethodError'{0x00000000d56fadf8}: 'java.lang.Object java.lang.invoke.DirectMethodHandle$Holder.invokeSpecial(java.lang.Object, java.lang.Object, java.lang.Object, int, java.lang.Object, java.lang.Object, java.lang.Object)'> (0x00000000d56fadf8) 
thrown [s\src\hotspot\share\interpreter\linkResolver.cpp, line 773]
Event: 31.621 Thread 0x000002398df673d0 Exception <a 'java/lang/NoSuchMethodError'{0x00000000d5ae86c0}: 'void java.lang.invoke.DirectMethodHandle$Holder.invokeStatic(java.lang.Object, int)'> (0x00000000d5ae86c0) 
thrown [s\src\hotspot\share\interpreter\linkResolver.cpp, line 773]
Event: 33.510 Thread 0x000002398df673d0 Exception <a 'java/io/FileNotFoundException'{0x00000000d5952d90}> (0x00000000d5952d90) 
thrown [s\src\hotspot\share\prims\jni.cpp, line 520]
Event: 33.510 Thread 0x000002398df673d0 Exception <a 'java/io/FileNotFoundException'{0x00000000d5954078}> (0x00000000d5954078) 
thrown [s\src\hotspot\share\prims\jni.cpp, line 520]
Event: 33.511 Thread 0x000002398df673d0 Exception <a 'java/io/FileNotFoundException'{0x00000000d59550a8}> (0x00000000d59550a8) 
thrown [s\src\hotspot\share\prims\jni.cpp, line 520]
Event: 38.747 Thread 0x000002398d5e6ff0 Exception <a 'java/lang/IncompatibleClassChangeError'{0x00000000d566a738}: Found class java.lang.Object, but interface was expected> (0x00000000d566a738) 
thrown [s\src\hotspot\share\interpreter\linkResolver.cpp, line 840]
Event: 38.914 Thread 0x000002398d5e7680 Exception <a 'java/lang/NoSuchMethodError'{0x00000000d58a6888}: 'int java.lang.invoke.Invokers$Holder.invokeExact_MT(java.lang.Object, java.lang.Object)'> (0x00000000d58a6888) 
thrown [s\src\hotspot\share\interpreter\linkResolver.cpp, line 773]
Event: 40.398 Thread 0x000002398d5e7680 Exception <a 'java/lang/NoSuchMethodError'{0x00000000d56c5e10}: 'java.lang.Object java.lang.invoke.DirectMethodHandle$Holder.newInvokeSpecial(java.lang.Object, int, java.lang.Object, java.lang.Object, java.lang.Object)'> (0x00000000d56c5e10) 
thrown [s\src\hotspot\share\interpreter\linkResolver.cpp, line 773]
Event: 40.654 Thread 0x000002398d5e7680 Exception <a 'java/lang/NoSuchMethodError'{0x00000000d55d8038}: 'int java.lang.invoke.DirectMethodHandle$Holder.invokeVirtual(java.lang.Object, java.lang.Object, java.lang.Object, int)'> (0x00000000d55d8038) 
thrown [s\src\hotspot\share\interpreter\linkResolver.cpp, line 773]
Event: 40.671 Thread 0x000002398d5e7680 Exception <a 'java/lang/NoSuchMethodError'{0x00000000d5672b20}: 'void java.lang.invoke.DirectMethodHandle$Holder.invokeSpecial(java.lang.Object, java.lang.Object, int)'> (0x00000000d5672b20) 
thrown [s\src\hotspot\share\interpreter\linkResolver.cpp, line 773]
Event: 44.098 Thread 0x000002398d5e6ff0 Exception <a 'java/lang/IncompatibleClassChangeError'{0x00000000d56b8a78}: Found class java.lang.Object, but interface was expected> (0x00000000d56b8a78) 
thrown [s\src\hotspot\share\interpreter\linkResolver.cpp, line 840]
Event: 44.100 Thread 0x000002398d5e6ff0 Exception <a 'java/lang/IncompatibleClassChangeError'{0x00000000d56d7290}: Found class java.lang.Object, but interface was expected> (0x00000000d56d7290) 
thrown [s\src\hotspot\share\interpreter\linkResolver.cpp, line 840]
Event: 44.103 Thread 0x000002398d5e6ff0 Exception <a 'java/lang/IncompatibleClassChangeError'{0x00000000d5707020}: Found class java.lang.Object, but interface was expected> (0x00000000d5707020) 
thrown [s\src\hotspot\share\interpreter\linkResolver.cpp, line 840]
Event: 44.111 Thread 0x000002398d5e55b0 Exception <a 'java/lang/NoSuchMethodError'{0x00000000d585cfb8}: 'java.lang.Object java.lang.invoke.DirectMethodHandle$Holder.invokeSpecial(java.lang.Object, java.lang.Object, java.lang.Object, java.lang.Object, int, java.lang.Object, java.lang.Object)'> (0x00000000d585cfb8) 
thrown [s\src\hotspot\share\interpreter\linkResolver.cpp, line 773]
Event: 44.119 Thread 0x000002398d5e0060 Exception <a 'java/lang/ArrayIndexOutOfBoundsException'{0x00000000d55a8e80}> (0x00000000d55a8e80) 
thrown [s\src\hotspot\share\runtime\sharedRuntime.cpp, line 625]
Event: 45.918 Thread 0x000002398d5e6ff0 Exception <a 'java/lang/IncompatibleClassChangeError'{0x00000000d5869cf0}: Found class java.lang.Object, but interface was expected> (0x00000000d5869cf0) 
thrown [s\src\hotspot\share\interpreter\linkResolver.cpp, line 840]

ZGC Phase Switch (0 events):
No events

VM Operations (20 events):
Event: 41.898 Executing VM operation: ParallelGCFailedAllocation (Allocation Failure)
Event: 41.900 Executing VM operation: ParallelGCFailedAllocation (Allocation Failure) done
Event: 41.954 Executing VM operation: ParallelGCFailedAllocation (Allocation Failure)
Event: 41.956 Executing VM operation: ParallelGCFailedAllocation (Allocation Failure) done
Event: 42.008 Executing VM operation: ParallelGCFailedAllocation (Allocation Failure)
Event: 42.011 Executing VM operation: ParallelGCFailedAllocation (Allocation Failure) done
Event: 43.022 Executing VM operation: Cleanup
Event: 43.022 Executing VM operation: Cleanup done
Event: 44.116 Executing VM operation: ParallelGCFailedAllocation (Allocation Failure)
Event: 44.118 Executing VM operation: ParallelGCFailedAllocation (Allocation Failure) done
Event: 44.168 Executing VM operation: ParallelGCFailedAllocation (Allocation Failure)
Event: 44.170 Executing VM operation: ParallelGCFailedAllocation (Allocation Failure) done
Event: 45.173 Executing VM operation: Cleanup
Event: 45.173 Executing VM operation: Cleanup done
Event: 45.926 Executing VM operation: ParallelGCFailedAllocation (Allocation Failure)
Event: 45.928 Executing VM operation: ParallelGCFailedAllocation (Allocation Failure) done
Event: 45.990 Executing VM operation: ParallelGCFailedAllocation (Allocation Failure)
Event: 45.991 Executing VM operation: ParallelGCFailedAllocation (Allocation Failure) done
Event: 47.005 Executing VM operation: Cleanup
Event: 47.005 Executing VM operation: Cleanup done

Memory protections (0 events):
No events

Nmethod flushes (20 events):
Event: 27.315 Thread 0x00000239304221d0 flushing  nmethod 0x0000023933e2df90
Event: 27.315 Thread 0x00000239304221d0 flushing  nmethod 0x0000023933e34490
Event: 27.315 Thread 0x00000239304221d0 flushing  nmethod 0x0000023933e3b390
Event: 27.315 Thread 0x00000239304221d0 flushing  nmethod 0x0000023933e3b910
Event: 27.315 Thread 0x00000239304221d0 flushing  nmethod 0x0000023933e3bf10
Event: 27.315 Thread 0x00000239304221d0 flushing  nmethod 0x0000023933e3c310
Event: 27.315 Thread 0x00000239304221d0 flushing  nmethod 0x0000023933e3c790
Event: 27.315 Thread 0x00000239304221d0 flushing  nmethod 0x0000023933e3cd90
Event: 27.315 Thread 0x00000239304221d0 flushing  nmethod 0x0000023933e7ba90
Event: 27.315 Thread 0x00000239304221d0 flushing  nmethod 0x0000023933e7c310
Event: 27.315 Thread 0x00000239304221d0 flushing  nmethod 0x0000023933e80c10
Event: 27.315 Thread 0x00000239304221d0 flushing  nmethod 0x0000023933e80f90
Event: 27.315 Thread 0x00000239304221d0 flushing  nmethod 0x0000023933e82a10
Event: 27.315 Thread 0x00000239304221d0 flushing  nmethod 0x0000023933e88990
Event: 27.315 Thread 0x00000239304221d0 flushing  nmethod 0x0000023933ea7d90
Event: 27.315 Thread 0x00000239304221d0 flushing  nmethod 0x0000023933eb5810
Event: 27.315 Thread 0x00000239304221d0 flushing  nmethod 0x0000023933ec6490
Event: 27.315 Thread 0x00000239304221d0 flushing  nmethod 0x0000023933ec7c10
Event: 27.315 Thread 0x00000239304221d0 flushing  nmethod 0x0000023933eca210
Event: 27.315 Thread 0x00000239304221d0 flushing  nmethod 0x0000023933eccd90

Events (20 events):
Event: 29.140 Thread 0x0000023946dadf90 Thread added: 0x000002398e126da0
Event: 32.309 Thread 0x000002398e126da0 Thread exited: 0x000002398e126da0
Event: 32.764 Thread 0x0000023946dadf90 Thread added: 0x000002398e123df0
Event: 33.671 Thread 0x000002398df673d0 Thread added: 0x000002398d5e4200
Event: 33.672 Thread 0x000002398df673d0 Thread added: 0x000002398d5e27c0
Event: 33.672 Thread 0x000002398df673d0 Thread added: 0x000002398d5e3b70
Event: 33.672 Thread 0x000002398df673d0 Thread added: 0x000002398d5e4890
Event: 33.672 Thread 0x000002398df673d0 Thread added: 0x000002398d5e4f20
Event: 33.892 Thread 0x000002398d5e4f20 Thread exited: 0x000002398d5e4f20
Event: 33.894 Thread 0x000002398d5e4890 Thread exited: 0x000002398d5e4890
Event: 33.894 Thread 0x000002398d5e4200 Thread exited: 0x000002398d5e4200
Event: 33.894 Thread 0x000002398d5e3b70 Thread exited: 0x000002398d5e3b70
Event: 33.895 Thread 0x000002398d5e27c0 Thread exited: 0x000002398d5e27c0
Event: 37.930 Thread 0x000002398e123df0 Thread exited: 0x000002398e123df0
Event: 38.971 Thread 0x0000023946d43a70 Thread added: 0x000002398e123df0
Event: 40.176 Thread 0x000002398d5e7680 Thread added: 0x000002398d5e4890
Event: 41.822 Thread 0x000002398e123df0 Thread exited: 0x000002398e123df0
Event: 41.833 Thread 0x0000023946dadf90 Thread added: 0x000002398e126da0
Event: 44.097 Thread 0x000002398e126da0 Thread exited: 0x000002398e126da0
Event: 44.137 Thread 0x0000023946dadf90 Thread added: 0x000002398e123df0


Dynamic libraries:
0x00007ff7a2f30000 - 0x00007ff7a2f3e000 	c:\Users\LUIGGI\.vscode\extensions\redhat.java-1.46.0-win32-x64\jre\21.0.8-win32-x86_64\bin\java.exe
0x00007ffe14690000 - 0x00007ffe14888000 	C:\WINDOWS\SYSTEM32\ntdll.dll
0x00007ffe12f60000 - 0x00007ffe13022000 	C:\WINDOWS\System32\KERNEL32.DLL
0x00007ffe120b0000 - 0x00007ffe123a6000 	C:\WINDOWS\System32\KERNELBASE.dll
0x00007ffe11e50000 - 0x00007ffe11f50000 	C:\WINDOWS\System32\ucrtbase.dll
0x00007ffdf54d0000 - 0x00007ffdf54e8000 	c:\Users\LUIGGI\.vscode\extensions\redhat.java-1.46.0-win32-x64\jre\21.0.8-win32-x86_64\bin\jli.dll
0x00007ffe13490000 - 0x00007ffe1362d000 	C:\WINDOWS\System32\USER32.dll
0x00007ffe12690000 - 0x00007ffe126b2000 	C:\WINDOWS\System32\win32u.dll
0x00007ffe13030000 - 0x00007ffe1305b000 	C:\WINDOWS\System32\GDI32.dll
0x00007ffe11d30000 - 0x00007ffe11e49000 	C:\WINDOWS\System32\gdi32full.dll
0x00007ffe125f0000 - 0x00007ffe1268d000 	C:\WINDOWS\System32\msvcp_win.dll
0x00007ffded5d0000 - 0x00007ffded5ee000 	c:\Users\LUIGGI\.vscode\extensions\redhat.java-1.46.0-win32-x64\jre\21.0.8-win32-x86_64\bin\VCRUNTIME140.dll
0x00007ffe01060000 - 0x00007ffe012fb000 	C:\WINDOWS\WinSxS\amd64_microsoft.windows.common-controls_6595b64144ccf1df_6.0.19041.6280_none_60bc30a171f2f3f3\COMCTL32.dll
0x00007ffe13d20000 - 0x00007ffe13dbe000 	C:\WINDOWS\System32\msvcrt.dll
0x00007ffe14250000 - 0x00007ffe1427f000 	C:\WINDOWS\System32\IMM32.DLL
0x00007ffe03f50000 - 0x00007ffe03f5c000 	c:\Users\LUIGGI\.vscode\extensions\redhat.java-1.46.0-win32-x64\jre\21.0.8-win32-x86_64\bin\vcruntime140_1.dll
0x00007ffddf4e0000 - 0x00007ffddf56d000 	c:\Users\LUIGGI\.vscode\extensions\redhat.java-1.46.0-win32-x64\jre\21.0.8-win32-x86_64\bin\msvcp140.dll
0x00007ffd80500000 - 0x00007ffd81297000 	c:\Users\LUIGGI\.vscode\extensions\redhat.java-1.46.0-win32-x64\jre\21.0.8-win32-x86_64\bin\server\jvm.dll
0x00007ffe140e0000 - 0x00007ffe14191000 	C:\WINDOWS\System32\ADVAPI32.dll
0x00007ffe14280000 - 0x00007ffe1431f000 	C:\WINDOWS\System32\sechost.dll
0x00007ffe13b30000 - 0x00007ffe13c50000 	C:\WINDOWS\System32\RPCRT4.dll
0x00007ffe11fd0000 - 0x00007ffe11ff7000 	C:\WINDOWS\System32\bcrypt.dll
0x00007ffe12ef0000 - 0x00007ffe12f5b000 	C:\WINDOWS\System32\WS2_32.dll
0x00007ffe11b80000 - 0x00007ffe11bcb000 	C:\WINDOWS\SYSTEM32\POWRPROF.dll
0x00007ffe01340000 - 0x00007ffe01367000 	C:\WINDOWS\SYSTEM32\WINMM.dll
0x00007ffe01bb0000 - 0x00007ffe01bba000 	C:\WINDOWS\SYSTEM32\VERSION.dll
0x00007ffe11b60000 - 0x00007ffe11b72000 	C:\WINDOWS\SYSTEM32\UMPDC.dll
0x00007ffe0fbd0000 - 0x00007ffe0fbe2000 	C:\WINDOWS\SYSTEM32\kernel.appcore.dll
0x00007ffe03d30000 - 0x00007ffe03d3a000 	c:\Users\LUIGGI\.vscode\extensions\redhat.java-1.46.0-win32-x64\jre\21.0.8-win32-x86_64\bin\jimage.dll
0x00007ffe013f0000 - 0x00007ffe015f1000 	C:\WINDOWS\SYSTEM32\DBGHELP.DLL
0x00007ffdfb570000 - 0x00007ffdfb5a4000 	C:\WINDOWS\SYSTEM32\dbgcore.DLL
0x00007ffe12510000 - 0x00007ffe12592000 	C:\WINDOWS\System32\bcryptPrimitives.dll
0x00007ffe03c70000 - 0x00007ffe03c7f000 	c:\Users\LUIGGI\.vscode\extensions\redhat.java-1.46.0-win32-x64\jre\21.0.8-win32-x86_64\bin\instrument.dll
0x00007ffded330000 - 0x00007ffded34f000 	c:\Users\LUIGGI\.vscode\extensions\redhat.java-1.46.0-win32-x64\jre\21.0.8-win32-x86_64\bin\java.dll
0x00007ffe12780000 - 0x00007ffe12ef0000 	C:\WINDOWS\System32\SHELL32.dll
0x00007ffe0fdd0000 - 0x00007ffe10575000 	C:\WINDOWS\SYSTEM32\windows.storage.dll
0x00007ffe130d0000 - 0x00007ffe13423000 	C:\WINDOWS\System32\combase.dll
0x00007ffe11690000 - 0x00007ffe116bb000 	C:\WINDOWS\SYSTEM32\Wldp.dll
0x00007ffe13c50000 - 0x00007ffe13d1d000 	C:\WINDOWS\System32\OLEAUT32.dll
0x00007ffe141a0000 - 0x00007ffe1424d000 	C:\WINDOWS\System32\SHCORE.dll
0x00007ffe13dc0000 - 0x00007ffe13e1b000 	C:\WINDOWS\System32\shlwapi.dll
0x00007ffe11c60000 - 0x00007ffe11c84000 	C:\WINDOWS\SYSTEM32\profapi.dll
0x00007ffde8060000 - 0x00007ffde8078000 	c:\Users\LUIGGI\.vscode\extensions\redhat.java-1.46.0-win32-x64\jre\21.0.8-win32-x86_64\bin\zip.dll
0x00007ffe02090000 - 0x00007ffe020a0000 	C:\Users\LUIGGI\.vscode\extensions\redhat.java-1.46.0-win32-x64\jre\21.0.8-win32-x86_64\bin\net.dll
0x00007ffe0cdb0000 - 0x00007ffe0ceba000 	C:\WINDOWS\SYSTEM32\WINHTTP.dll
0x00007ffe113f0000 - 0x00007ffe1145a000 	C:\WINDOWS\system32\mswsock.dll
0x00007ffde74b0000 - 0x00007ffde74c6000 	C:\Users\LUIGGI\.vscode\extensions\redhat.java-1.46.0-win32-x64\jre\21.0.8-win32-x86_64\bin\nio.dll
0x00007ffdfa020000 - 0x00007ffdfa030000 	c:\Users\LUIGGI\.vscode\extensions\redhat.java-1.46.0-win32-x64\jre\21.0.8-win32-x86_64\bin\verify.dll
0x00007ffde6ab0000 - 0x00007ffde6af4000 	C:\Users\LUIGGI\AppData\Roaming\Code\User\globalStorage\redhat.java\1.46.0\config_win\org.eclipse.equinox.launcher\org.eclipse.equinox.launcher.win32.win32.x86_64_1.2.1400.v20250801-0854\eclipse_11916.dll
0x00007ffe14520000 - 0x00007ffe1464b000 	C:\WINDOWS\System32\ole32.dll
0x00007ffe115e0000 - 0x00007ffe115f8000 	C:\WINDOWS\SYSTEM32\CRYPTSP.dll
0x00007ffe10d10000 - 0x00007ffe10d48000 	C:\WINDOWS\system32\rsaenh.dll
0x00007ffe11be0000 - 0x00007ffe11c0e000 	C:\WINDOWS\SYSTEM32\USERENV.dll
0x00007ffe11600000 - 0x00007ffe1160c000 	C:\WINDOWS\SYSTEM32\CRYPTBASE.dll
0x00007ffe110d0000 - 0x00007ffe1110b000 	C:\WINDOWS\SYSTEM32\IPHLPAPI.DLL
0x00007ffe130c0000 - 0x00007ffe130c8000 	C:\WINDOWS\System32\NSI.dll
0x00007ffddaf30000 - 0x00007ffddaf79000 	C:\Users\LUIGGI\AppData\Local\Temp\jna--2038407287\jna17388465642861468166.dll
0x00007ffe140b0000 - 0x00007ffe140b8000 	C:\WINDOWS\System32\PSAPI.DLL
0x00007ffe0c3e0000 - 0x00007ffe0c3f7000 	C:\WINDOWS\SYSTEM32\dhcpcsvc6.DLL
0x00007ffe0f1d0000 - 0x00007ffe0f1ed000 	C:\WINDOWS\SYSTEM32\dhcpcsvc.DLL
0x00007ffdf2cc0000 - 0x00007ffdf2cce000 	C:\Users\LUIGGI\.vscode\extensions\redhat.java-1.46.0-win32-x64\jre\21.0.8-win32-x86_64\bin\sunmscapi.dll
0x00007ffe123b0000 - 0x00007ffe1250d000 	C:\WINDOWS\System32\CRYPT32.dll
0x00007ffe11700000 - 0x00007ffe11727000 	C:\WINDOWS\SYSTEM32\ncrypt.dll
0x00007ffe116c0000 - 0x00007ffe116fb000 	C:\WINDOWS\SYSTEM32\NTASN1.dll

JVMTI agents:
c:\Users\LUIGGI\.vscode\extensions\redhat.java-1.46.0-win32-x64\lombok\lombok-1.18.39-4050.jar path:c:\Users\LUIGGI\.vscode\extensions\redhat.java-1.46.0-win32-x64\jre\21.0.8-win32-x86_64\bin\instrument.dll, loaded, initialized, instrumentlib options:none

dbghelp: loaded successfully - version: 4.0.5 - missing functions: none
symbol engine: initialized successfully - sym options: 0x614 - pdb path: .;c:\Users\LUIGGI\.vscode\extensions\redhat.java-1.46.0-win32-x64\jre\21.0.8-win32-x86_64\bin;C:\WINDOWS\SYSTEM32;C:\WINDOWS\WinSxS\amd64_microsoft.windows.common-controls_6595b64144ccf1df_6.0.19041.6280_none_60bc30a171f2f3f3;c:\Users\LUIGGI\.vscode\extensions\redhat.java-1.46.0-win32-x64\jre\21.0.8-win32-x86_64\bin\server;C:\Users\LUIGGI\AppData\Roaming\Code\User\globalStorage\redhat.java\1.46.0\config_win\org.eclipse.equinox.launcher\org.eclipse.equinox.launcher.win32.win32.x86_64_1.2.1400.v20250801-0854;C:\Users\LUIGGI\AppData\Local\Temp\jna--2038407287

VM Arguments:
jvm_args: --add-modules=ALL-SYSTEM --add-opens=java.base/java.util=ALL-UNNAMED --add-opens=java.base/java.lang=ALL-UNNAMED --add-opens=java.base/sun.nio.fs=ALL-UNNAMED -Declipse.application=org.eclipse.jdt.ls.core.id1 -Dosgi.bundles.defaultStartLevel=4 -Declipse.product=org.eclipse.jdt.ls.core.product -Djava.import.generatesMetadataFilesAtProjectRoot=false -DDetectVMInstallationsJob.disabled=true -Dfile.encoding=utf8 -XX:+UseParallelGC -XX:GCTimeRatio=4 -XX:AdaptiveSizePolicyWeight=90 -Dsun.zip.disableMemoryMapping=true -Xmx2G -Xms100m -Xlog:disable -javaagent:c:\Users\LUIGGI\.vscode\extensions\redhat.java-1.46.0-win32-x64\lombok\lombok-1.18.39-4050.jar -XX:+HeapDumpOnOutOfMemoryError -XX:HeapDumpPath=c:\Users\LUIGGI\AppData\Roaming\Code\User\workspaceStorage\cdaab95eed81a43ac8717f4e79673a67\redhat.java -Daether.dependencyCollector.impl=bf 
java_command: c:\Users\LUIGGI\.vscode\extensions\redhat.java-1.46.0-win32-x64\server\plugins\org.eclipse.equinox.launcher_1.7.0.v20250519-0528.jar -configuration c:\Users\LUIGGI\AppData\Roaming\Code\User\globalStorage\redhat.java\1.46.0\config_win -data c:\Users\LUIGGI\AppData\Roaming\Code\User\workspaceStorage\cdaab95eed81a43ac8717f4e79673a67\redhat.java\jdt_ws --pipe=\\.\pipe\lsp-92c9633136e2b873c9ee887204ae4dc6-sock
java_class_path (initial): c:\Users\LUIGGI\.vscode\extensions\redhat.java-1.46.0-win32-x64\server\plugins\org.eclipse.equinox.launcher_1.7.0.v20250519-0528.jar
Launcher Type: SUN_STANDARD

[Global flags]
    uintx AdaptiveSizePolicyWeight                 = 90                                        {product} {command line}
     intx CICompilerCount                          = 3                                         {product} {ergonomic}
    uintx GCTimeRatio                              = 4                                         {product} {command line}
     bool HeapDumpOnOutOfMemoryError               = true                                   {manageable} {command line}
    ccstr HeapDumpPath                             = c:\Users\LUIGGI\AppData\Roaming\Code\User\workspaceStorage\cdaab95eed81a43ac8717f4e79673a67\redhat.java         {manageable} {command line}
   size_t InitialHeapSize                          = 104857600                                 {product} {command line}
   size_t MaxHeapSize                              = 2147483648                                {product} {command line}
   size_t MaxNewSize                               = 715653120                                 {product} {ergonomic}
   size_t MinHeapDeltaBytes                        = 524288                                    {product} {ergonomic}
   size_t MinHeapSize                              = 104857600                                 {product} {command line}
   size_t NewSize                                  = 34603008                                  {product} {ergonomic}
    uintx NonNMethodCodeHeapSize                   = 5832780                                {pd product} {ergonomic}
    uintx NonProfiledCodeHeapSize                  = 122912730                              {pd product} {ergonomic}
   size_t OldSize                                  = 70254592                                  {product} {ergonomic}
    uintx ProfiledCodeHeapSize                     = 122912730                              {pd product} {ergonomic}
    uintx ReservedCodeCacheSize                    = 251658240                              {pd product} {ergonomic}
     bool SegmentedCodeCache                       = true                                      {product} {ergonomic}
   size_t SoftMaxHeapSize                          = 2147483648                             {manageable} {ergonomic}
     bool UseCompressedOops                        = true                           {product lp64_product} {ergonomic}
     bool UseLargePagesIndividualAllocation        = false                                  {pd product} {ergonomic}
     bool UseParallelGC                            = true                                      {product} {command line}

Logging:
Log output configuration:
 #0: stdout all=off uptime,level,tags foldmultilines=false
 #1: stderr all=off uptime,level,tags foldmultilines=false

Environment Variables:
JAVA_HOME=C:\Program Files\Java\jdk-22
CLASSPATH=D:\LINGO64_20\Lingo20.jar
PATH=C:\Program Files\Common Files\Oracle\Java\javapath;C:\WINDOWS\system32;C:\WINDOWS;C:\WINDOWS\System32\Wbem;C:\WINDOWS\System32\WindowsPowerShell\v1.0\;C:\WINDOWS\System32\OpenSSH\;C:\Program Files (x86)\Microsoft SQL Server\160\Tools\Binn\;C:\Program Files\Microsoft SQL Server\160\Tools\Binn\;C:\Program Files\Microsoft SQL Server\Client SDK\ODBC\170\Tools\Binn\;C:\Program Files\Microsoft SQL Server\160\DTS\Binn\;D:\LINGO64_20\;C:\Program Files\Java\jdk-22\bin;C:\ProgramData\chocolatey\bin;C:\php;C:\xampp\php;C:\ProgramData\ComposerSetup\bin;C:\Program Files\Git\cmd;C:\Users\LUIGGI\AppData\Local\nvm;C:\nvm4w\nodejs;C:\Users\LUIGGI\AppData\Local\Microsoft\WindowsApps;C:\Program Files\MongoDB\Server\5.0\bin;C:\Users\LUIGGI\AppData\Local\Programs\Microsoft VS Code\bin;C:\Users\LUIGGI\AppData\Local\GitHubDesktop\bin;C:\Program Files\Java\jdk-20.0.2\bin;C:\Program Files\Azure Data Studio\bin;C:\Program Files\Azure Data Studio\bin;C:\Program Files\Java\jdk-22\bin;C:\Users\LUIGGI\AppData\Roaming\Composer\vendor\bin;C:\Users\LUIGGI\AppData\Local\nvm;C:\nvm4w\nodejs
USERNAME=LUIGGI
OS=Windows_NT
PROCESSOR_IDENTIFIER=Intel64 Family 6 Model 58 Stepping 9, GenuineIntel
TMP=C:\Users\LUIGGI\AppData\Local\Temp
TEMP=C:\Users\LUIGGI\AppData\Local\Temp




Periodic native trim disabled

---------------  S Y S T E M  ---------------

OS:
 Windows 10 , 64 bit Build 19041 (10.0.19041.5915)
OS uptime: 0 days 1:19 hours

CPU: total 4 (initial active 4) (2 cores per cpu, 2 threads per core) family 6 model 58 stepping 9 microcode 0x21, cx8, cmov, fxsr, ht, mmx, sse, sse2, sse3, ssse3, sse4.1, sse4.2, popcnt, tsc, tscinvbit, avx, erms, clmul, vzeroupper, clflush, rdtscp, f16c
Processor Information for the first 4 processors :
  Max Mhz: 3300, Current Mhz: 3300, Mhz Limit: 3300

Memory: 4k page, system-wide physical 8079M (563M free)
TotalPageFile size 10914M (AvailPageFile size 7M)
current process WorkingSet (physical memory assigned to process): 454M, peak: 464M
current process commit charge ("private bytes"): 513M, peak: 522M

vm_info: OpenJDK 64-Bit Server VM (21.0.8+9-LTS) for windows-amd64 JRE (21.0.8+9-LTS), built on 2025-07-15T00:00:00Z by "admin" with MS VC++ 17.7 (VS2022)

END.
