#
# There is insufficient memory for the Java Runtime Environment to continue.
# Native memory allocation (malloc) failed to allocate 396544 bytes. Error detail: Chunk::new
# Possible reasons:
#   The system is out of physical RAM or swap space
#   This process is running with CompressedOops enabled, and the Java Heap may be blocking the growth of the native heap
# Possible solutions:
#   Reduce memory load on the system
#   Increase physical memory or swap space
#   Check if swap backing store is full
#   Decrease Java heap size (-Xmx/-Xms)
#   Decrease number of Java threads
#   Decrease Java thread stack sizes (-Xss)
#   Set larger code cache with -XX:ReservedCodeCacheSize=
#   JVM is running with Unscaled Compressed Oops mode in which the Java heap is
#     placed in the first 4GB address space. The Java Heap base address is the
#     maximum limit for the native heap growth. Please use -XX:HeapBaseMinAddress
#     to set the Java Heap base and to place the Java Heap above 4GB virtual address.
# This output file may be truncated or incomplete.
#
#  Out of Memory Error (arena.cpp:168), pid=12380, tid=12252
#
# JRE version: OpenJDK Runtime Environment Temurin-21.0.8+9 (21.0.8+9) (build 21.0.8+9-LTS)
# Java VM: OpenJDK 64-Bit Server VM Temurin-21.0.8+9 (21.0.8+9-LTS, mixed mode, sharing, tiered, compressed oops, compressed class ptrs, parallel gc, windows-amd64)
# No core dump will be written. Minidumps are not enabled by default on client versions of Windows
#

---------------  S U M M A R Y ------------

Command Line: --add-modules=ALL-SYSTEM --add-opens=java.base/java.util=ALL-UNNAMED --add-opens=java.base/java.lang=ALL-UNNAMED --add-opens=java.base/sun.nio.fs=ALL-UNNAMED -Declipse.application=org.eclipse.jdt.ls.core.id1 -Dosgi.bundles.defaultStartLevel=4 -Declipse.product=org.eclipse.jdt.ls.core.product -Djava.import.generatesMetadataFilesAtProjectRoot=false -DDetectVMInstallationsJob.disabled=true -Dfile.encoding=utf8 -XX:+UseParallelGC -XX:GCTimeRatio=4 -XX:AdaptiveSizePolicyWeight=90 -Dsun.zip.disableMemoryMapping=true -Xmx2G -Xms100m -Xlog:disable -javaagent:c:\Users\LUIGGI\.vscode\extensions\redhat.java-1.46.0-win32-x64\lombok\lombok-1.18.39-4050.jar c:\Users\LUIGGI\.vscode\extensions\redhat.java-1.46.0-win32-x64\server\plugins\org.eclipse.equinox.launcher_1.7.0.v20250519-0528.jar -configuration c:\Users\LUIGGI\AppData\Roaming\Code\User\globalStorage\redhat.java\1.46.0\config_ss_win -data c:\Users\LUIGGI\AppData\Roaming\Code\User\workspaceStorage\cdaab95eed81a43ac8717f4e79673a67\redhat.java\ss_ws --pipe=\\.\pipe\lsp-22778cca4f6c83d84c54a68d1ad3fb4a-sock

Host: Intel(R) Core(TM) i3-3220 CPU @ 3.30GHz, 4 cores, 7G,  Windows 10 , 64 bit Build 19041 (10.0.19041.5915)
Time: Sat Oct 11 20:49:06 2025 Hora est. Pacífico, Sudamérica elapsed time: 3.131037 seconds (0d 0h 0m 3s)

---------------  T H R E A D  ---------------

Current thread (0x0000027c12ee3d40):  JavaThread "C2 CompilerThread0" daemon [_thread_in_native, id=12252, stack(0x000000844f800000,0x000000844f900000) (1024K)]


Current CompileTask:
C2:3131 1309       4       java.io.DataInputStream::readUTF (501 bytes)

Stack: [0x000000844f800000,0x000000844f900000]
Native frames: (J=compiled Java code, j=interpreted, Vv=VM code, C=native code)
V  [jvm.dll+0x6d2449]
V  [jvm.dll+0x8ae341]
V  [jvm.dll+0x8b08be]
V  [jvm.dll+0x8b0fa3]
V  [jvm.dll+0x280c96]
V  [jvm.dll+0xc581d]
V  [jvm.dll+0xc5d53]
V  [jvm.dll+0x3b919c]
V  [jvm.dll+0x1e1409]
V  [jvm.dll+0x249022]
V  [jvm.dll+0x2484af]
V  [jvm.dll+0x1c89ee]
V  [jvm.dll+0x257d4d]
V  [jvm.dll+0x2562ea]
V  [jvm.dll+0x3f2d16]
V  [jvm.dll+0x857e6b]
V  [jvm.dll+0x6d0b0d]
C  [ucrtbase.dll+0x21bb2]
C  [KERNEL32.DLL+0x17374]
C  [ntdll.dll+0x4cc91]


---------------  P R O C E S S  ---------------

Threads class SMR info:
_java_thread_list=0x0000027c700cc500, length=12, elements={
0x0000027c12ff0cf0, 0x0000027c12ed9f50, 0x0000027c12edb850, 0x0000027c12edd9e0,
0x0000027c12ede8f0, 0x0000027c12ee24c0, 0x0000027c12ee2f10, 0x0000027c12ee3d40,
0x0000027c12f5b9a0, 0x0000027c1305e760, 0x0000027c6b8e7e40, 0x0000027c704ac4c0
}

Java Threads: ( => current thread )
  0x0000027c12ff0cf0 JavaThread "main"                              [_thread_in_Java, id=6840, stack(0x000000844ee00000,0x000000844ef00000) (1024K)]
  0x0000027c12ed9f50 JavaThread "Reference Handler"          daemon [_thread_blocked, id=12992, stack(0x000000844f200000,0x000000844f300000) (1024K)]
  0x0000027c12edb850 JavaThread "Finalizer"                  daemon [_thread_blocked, id=9424, stack(0x000000844f300000,0x000000844f400000) (1024K)]
  0x0000027c12edd9e0 JavaThread "Signal Dispatcher"          daemon [_thread_blocked, id=9572, stack(0x000000844f400000,0x000000844f500000) (1024K)]
  0x0000027c12ede8f0 JavaThread "Attach Listener"            daemon [_thread_blocked, id=9380, stack(0x000000844f500000,0x000000844f600000) (1024K)]
  0x0000027c12ee24c0 JavaThread "Service Thread"             daemon [_thread_blocked, id=4132, stack(0x000000844f600000,0x000000844f700000) (1024K)]
  0x0000027c12ee2f10 JavaThread "Monitor Deflation Thread"   daemon [_thread_blocked, id=4876, stack(0x000000844f700000,0x000000844f800000) (1024K)]
=>0x0000027c12ee3d40 JavaThread "C2 CompilerThread0"         daemon [_thread_in_native, id=12252, stack(0x000000844f800000,0x000000844f900000) (1024K)]
  0x0000027c12f5b9a0 JavaThread "C1 CompilerThread0"         daemon [_thread_blocked, id=13084, stack(0x000000844f900000,0x000000844fa00000) (1024K)]
  0x0000027c1305e760 JavaThread "Common-Cleaner"             daemon [_thread_blocked, id=7712, stack(0x000000844fa00000,0x000000844fb00000) (1024K)]
  0x0000027c6b8e7e40 JavaThread "Notification Thread"        daemon [_thread_blocked, id=12948, stack(0x000000844fb00000,0x000000844fc00000) (1024K)]
  0x0000027c704ac4c0 JavaThread "C2 CompilerThread1"         daemon [_thread_in_native, id=6776, stack(0x000000844ff00000,0x0000008450000000) (1024K)]
Total: 12

Other Threads:
  0x0000027c130b0050 VMThread "VM Thread"                           [id=12036, stack(0x000000844f100000,0x000000844f200000) (1024K)]
  0x0000027c1305cf50 WatcherThread "VM Periodic Task Thread"        [id=12788, stack(0x000000844f000000,0x000000844f100000) (1024K)]
  0x0000027c1300df50 WorkerThread "GC Thread#0"                     [id=9700, stack(0x000000844ef00000,0x000000844f000000) (1024K)]
  0x0000027c701d6e00 WorkerThread "GC Thread#1"                     [id=7112, stack(0x000000844fc00000,0x000000844fd00000) (1024K)]
  0x0000027c701d71a0 WorkerThread "GC Thread#2"                     [id=9544, stack(0x000000844fd00000,0x000000844fe00000) (1024K)]
  0x0000027c701d7540 WorkerThread "GC Thread#3"                     [id=9088, stack(0x000000844fe00000,0x000000844ff00000) (1024K)]
Total: 6

Threads with active compile tasks:
C2 CompilerThread0  3169 1309       4       java.io.DataInputStream::readUTF (501 bytes)
C2 CompilerThread1  3169 1318   !   4       java.io.BufferedInputStream::read (69 bytes)
Total: 2

VM state: not at safepoint (normal execution)

VM Mutex/Monitor currently owned by a thread: None

Heap address: 0x0000000080000000, size: 2048 MB, Compressed Oops mode: 32-bit

CDS archive(s) mapped at: [0x0000027c2a000000-0x0000027c2aba0000-0x0000027c2aba0000), size 12189696, SharedBaseAddress: 0x0000027c2a000000, ArchiveRelocationMode: 1.
Compressed class space mapped at: 0x0000027c2b000000-0x0000027c6b000000, reserved size: 1073741824
Narrow klass base: 0x0000027c2a000000, Narrow klass shift: 0, Narrow klass range: 0x100000000

GC Precious Log:
 CardTable entry size: 512
 CPUs: 4 total, 4 available
 Memory: 8079M
 Large Page Support: Disabled
 NUMA Support: Disabled
 Compressed Oops: Enabled (32-bit)
 Alignments: Space 512K, Generation 512K, Heap 2M
 Heap Min Capacity: 100M
 Heap Initial Capacity: 100M
 Heap Max Capacity: 2G
 Pre-touch: Disabled
 Parallel Workers: 4

Heap:
 PSYoungGen      total 29696K, used 11256K [0x00000000d5580000, 0x00000000d7680000, 0x0000000100000000)
  eden space 25600K, 30% used [0x00000000d5580000,0x00000000d5d3a298,0x00000000d6e80000)
  from space 4096K, 81% used [0x00000000d6e80000,0x00000000d71c40c8,0x00000000d7280000)
  to   space 4096K, 0% used [0x00000000d7280000,0x00000000d7280000,0x00000000d7680000)
 ParOldGen       total 68608K, used 0K [0x0000000080000000, 0x0000000084300000, 0x00000000d5580000)
  object space 68608K, 0% used [0x0000000080000000,0x0000000080000000,0x0000000084300000)
 Metaspace       used 5857K, committed 6144K, reserved 1114112K
  class space    used 609K, committed 768K, reserved 1048576K

Card table byte_map: [0x0000027c129a0000,0x0000027c12db0000] _byte_map_base: 0x0000027c125a0000

Marking Bits: (ParMarkBitMap*) 0x00007ffdd093a340
 Begin Bits: [0x0000027c254a0000, 0x0000027c274a0000)
 End Bits:   [0x0000027c274a0000, 0x0000027c294a0000)

Polling page: 0x0000027c10e20000

Metaspace:

Usage:
  Non-class:      5.13 MB used.
      Class:    609.52 KB used.
       Both:      5.72 MB used.

Virtual space:
  Non-class space:       64.00 MB reserved,       5.25 MB (  8%) committed,  1 nodes.
      Class space:        1.00 GB reserved,     768.00 KB ( <1%) committed,  1 nodes.
             Both:        1.06 GB reserved,       6.00 MB ( <1%) committed. 

Chunk freelists:
   Non-Class:  10.20 MB
       Class:  15.08 MB
        Both:  25.28 MB

MaxMetaspaceSize: unlimited
CompressedClassSpaceSize: 1.00 GB
Initial GC threshold: 21.00 MB
Current GC threshold: 21.00 MB
CDS: on
 - commit_granule_bytes: 65536.
 - commit_granule_words: 8192.
 - virtual_space_node_default_size: 8388608.
 - enlarge_chunks_in_place: 1.
 - use_allocation_guard: 0.


Internal statistics:

num_allocs_failed_limit: 0.
num_arena_births: 190.
num_arena_deaths: 0.
num_vsnodes_births: 2.
num_vsnodes_deaths: 0.
num_space_committed: 96.
num_space_uncommitted: 0.
num_chunks_returned_to_freelist: 0.
num_chunks_taken_from_freelist: 306.
num_chunk_merges: 0.
num_chunk_splits: 194.
num_chunks_enlarged: 124.
num_inconsistent_stats: 0.

CodeHeap 'non-profiled nmethods': size=120000Kb used=546Kb max_used=546Kb free=119453Kb
 bounds [0x0000027c1dcc0000, 0x0000027c1df30000, 0x0000027c251f0000]
CodeHeap 'profiled nmethods': size=120000Kb used=2236Kb max_used=2236Kb free=117764Kb
 bounds [0x0000027c161f0000, 0x0000027c16460000, 0x0000027c1d720000]
CodeHeap 'non-nmethods': size=5760Kb used=1206Kb max_used=1225Kb free=4553Kb
 bounds [0x0000027c1d720000, 0x0000027c1d990000, 0x0000027c1dcc0000]
CodeCache: size=245760Kb, used=3988Kb, max_used=4007Kb, free=241770Kb
 total_blobs=1798, nmethods=1328, adapters=377, full_count=0
Compilation: enabled, stopped_count=0, restarted_count=0

Compilation events (20 events):
Event: 3.066 Thread 0x0000027c704ac4c0 nmethod 1313 0x0000027c1dd42590 code [0x0000027c1dd42720, 0x0000027c1dd427f8]
Event: 3.073 Thread 0x0000027c12f5b9a0 1315       3       org.eclipse.osgi.container.ModuleDatabase$Persistence::readMapValue (111 bytes)
Event: 3.075 Thread 0x0000027c12f5b9a0 nmethod 1315 0x0000027c1640eb10 code [0x0000027c1640eec0, 0x0000027c164104e8]
Event: 3.076 Thread 0x0000027c704ac4c0 1316       4       java.io.BufferedInputStream::read1 (121 bytes)
Event: 3.081 Thread 0x0000027c704ac4c0 nmethod 1316 0x0000027c1dd42890 code [0x0000027c1dd42a60, 0x0000027c1dd42d40]
Event: 3.083 Thread 0x0000027c704ac4c0 1317       4       java.io.DataInputStream::readFully (59 bytes)
Event: 3.084 Thread 0x0000027c12f5b9a0 1320       3       org.eclipse.osgi.container.ModuleDatabase$Persistence::readVersion0 (96 bytes)
Event: 3.086 Thread 0x0000027c12f5b9a0 nmethod 1320 0x0000027c16410c10 code [0x0000027c16411060, 0x0000027c16412e80]
Event: 3.090 Thread 0x0000027c12f5b9a0 1321       3       org.eclipse.osgi.container.ModuleDatabase$Persistence::readIndexedMap (16 bytes)
Event: 3.091 Thread 0x0000027c12f5b9a0 nmethod 1321 0x0000027c16413890 code [0x0000027c16413ac0, 0x0000027c164141b8]
Event: 3.092 Thread 0x0000027c12f5b9a0 1322       3       java.util.Collections::unmodifiableMap (22 bytes)
Event: 3.093 Thread 0x0000027c12f5b9a0 nmethod 1322 0x0000027c16414510 code [0x0000027c16414700, 0x0000027c16414b50]
Event: 3.093 Thread 0x0000027c12f5b9a0 1323       3       org.eclipse.osgi.container.ModuleDatabase$Persistence::readMap (118 bytes)
Event: 3.095 Thread 0x0000027c12f5b9a0 nmethod 1323 0x0000027c16414d10 code [0x0000027c164150c0, 0x0000027c16416648]
Event: 3.102 Thread 0x0000027c12f5b9a0 1324       3       org.eclipse.osgi.container.ModuleDatabase$Persistence::readListValue (97 bytes)
Event: 3.103 Thread 0x0000027c12f5b9a0 nmethod 1324 0x0000027c16416f90 code [0x0000027c16417320, 0x0000027c164188c0]
Event: 3.118 Thread 0x0000027c704ac4c0 nmethod 1317 0x0000027c1dd42f90 code [0x0000027c1dd43260, 0x0000027c1dd44b18]
Event: 3.118 Thread 0x0000027c704ac4c0 1319       4       java.io.BufferedInputStream::implRead (112 bytes)
Event: 3.123 Thread 0x0000027c12f5b9a0 1329       3       org.eclipse.osgi.container.ModuleDatabase$Persistence::readList (78 bytes)
Event: 3.125 Thread 0x0000027c12f5b9a0 nmethod 1329 0x0000027c16418f90 code [0x0000027c164192c0, 0x0000027c1641a468]

GC Heap History (2 events):
Event: 2.444 GC heap before
{Heap before GC invocations=1 (full 0):
 PSYoungGen      total 29696K, used 25600K [0x00000000d5580000, 0x00000000d7680000, 0x0000000100000000)
  eden space 25600K, 100% used [0x00000000d5580000,0x00000000d6e80000,0x00000000d6e80000)
  from space 4096K, 0% used [0x00000000d7280000,0x00000000d7280000,0x00000000d7680000)
  to   space 4096K, 0% used [0x00000000d6e80000,0x00000000d6e80000,0x00000000d7280000)
 ParOldGen       total 68608K, used 0K [0x0000000080000000, 0x0000000084300000, 0x00000000d5580000)
  object space 68608K, 0% used [0x0000000080000000,0x0000000080000000,0x0000000084300000)
 Metaspace       used 4325K, committed 4608K, reserved 1114112K
  class space    used 471K, committed 576K, reserved 1048576K
}
Event: 2.471 GC heap after
{Heap after GC invocations=1 (full 0):
 PSYoungGen      total 29696K, used 3344K [0x00000000d5580000, 0x00000000d7680000, 0x0000000100000000)
  eden space 25600K, 0% used [0x00000000d5580000,0x00000000d5580000,0x00000000d6e80000)
  from space 4096K, 81% used [0x00000000d6e80000,0x00000000d71c40c8,0x00000000d7280000)
  to   space 4096K, 0% used [0x00000000d7280000,0x00000000d7280000,0x00000000d7680000)
 ParOldGen       total 68608K, used 0K [0x0000000080000000, 0x0000000084300000, 0x00000000d5580000)
  object space 68608K, 0% used [0x0000000080000000,0x0000000080000000,0x0000000084300000)
 Metaspace       used 4325K, committed 4608K, reserved 1114112K
  class space    used 471K, committed 576K, reserved 1048576K
}

Dll operation events (8 events):
Event: 0.015 Loaded shared library c:\Users\LUIGGI\.vscode\extensions\redhat.java-1.46.0-win32-x64\jre\21.0.8-win32-x86_64\bin\java.dll
Event: 0.215 Loaded shared library c:\Users\LUIGGI\.vscode\extensions\redhat.java-1.46.0-win32-x64\jre\21.0.8-win32-x86_64\bin\zip.dll
Event: 0.303 Loaded shared library C:\Users\LUIGGI\.vscode\extensions\redhat.java-1.46.0-win32-x64\jre\21.0.8-win32-x86_64\bin\instrument.dll
Event: 0.314 Loaded shared library C:\Users\LUIGGI\.vscode\extensions\redhat.java-1.46.0-win32-x64\jre\21.0.8-win32-x86_64\bin\net.dll
Event: 0.319 Loaded shared library C:\Users\LUIGGI\.vscode\extensions\redhat.java-1.46.0-win32-x64\jre\21.0.8-win32-x86_64\bin\nio.dll
Event: 0.329 Loaded shared library C:\Users\LUIGGI\.vscode\extensions\redhat.java-1.46.0-win32-x64\jre\21.0.8-win32-x86_64\bin\zip.dll
Event: 0.385 Loaded shared library C:\Users\LUIGGI\.vscode\extensions\redhat.java-1.46.0-win32-x64\jre\21.0.8-win32-x86_64\bin\jimage.dll
Event: 0.584 Loaded shared library c:\Users\LUIGGI\.vscode\extensions\redhat.java-1.46.0-win32-x64\jre\21.0.8-win32-x86_64\bin\verify.dll

Deoptimization events (20 events):
Event: 2.626 Thread 0x0000027c12ff0cf0 Uncommon trap: trap_request=0xffffff45 fr.pc=0x0000027c1dd323c0 relative=0x0000000000000280
Event: 2.626 Thread 0x0000027c12ff0cf0 Uncommon trap: reason=unstable_if action=reinterpret pc=0x0000027c1dd323c0 method=java.util.HashMap.hash(Ljava/lang/Object;)I @ 1 c2
Event: 2.626 Thread 0x0000027c12ff0cf0 DEOPT PACKING pc=0x0000027c1dd323c0 sp=0x000000844eefe760
Event: 2.626 Thread 0x0000027c12ff0cf0 DEOPT UNPACKING pc=0x0000027c1d773aa2 sp=0x000000844eefe5f8 mode 2
Event: 2.631 Thread 0x0000027c12ff0cf0 Uncommon trap: trap_request=0xffffff45 fr.pc=0x0000027c1dd2d440 relative=0x0000000000000280
Event: 2.631 Thread 0x0000027c12ff0cf0 Uncommon trap: reason=unstable_if action=reinterpret pc=0x0000027c1dd2d440 method=java.util.HashMap.hash(Ljava/lang/Object;)I @ 1 c2
Event: 2.631 Thread 0x0000027c12ff0cf0 DEOPT PACKING pc=0x0000027c1dd2d440 sp=0x000000844eefe700
Event: 2.631 Thread 0x0000027c12ff0cf0 DEOPT UNPACKING pc=0x0000027c1d773aa2 sp=0x000000844eefe608 mode 2
Event: 2.631 Thread 0x0000027c12ff0cf0 Uncommon trap: trap_request=0xffffff45 fr.pc=0x0000027c1dd23cd0 relative=0x00000000000000b0
Event: 2.631 Thread 0x0000027c12ff0cf0 Uncommon trap: reason=unstable_if action=reinterpret pc=0x0000027c1dd23cd0 method=java.util.HashMap.hash(Ljava/lang/Object;)I @ 1 c2
Event: 2.631 Thread 0x0000027c12ff0cf0 DEOPT PACKING pc=0x0000027c1dd23cd0 sp=0x000000844eefe780
Event: 2.631 Thread 0x0000027c12ff0cf0 DEOPT UNPACKING pc=0x0000027c1d773aa2 sp=0x000000844eefe718 mode 2
Event: 2.632 Thread 0x0000027c12ff0cf0 Uncommon trap: trap_request=0xffffffde fr.pc=0x0000027c1dd087f8 relative=0x0000000000000558
Event: 2.632 Thread 0x0000027c12ff0cf0 Uncommon trap: reason=class_check action=maybe_recompile pc=0x0000027c1dd087f8 method=java.util.Collections$UnmodifiableCollection$1.<init>(Ljava/util/Collections$UnmodifiableCollection;)V @ 17 c2
Event: 2.632 Thread 0x0000027c12ff0cf0 DEOPT PACKING pc=0x0000027c1dd087f8 sp=0x000000844eefe7b0
Event: 2.632 Thread 0x0000027c12ff0cf0 DEOPT UNPACKING pc=0x0000027c1d773aa2 sp=0x000000844eefe6f8 mode 2
Event: 2.829 Thread 0x0000027c12ff0cf0 Uncommon trap: trap_request=0xffffff45 fr.pc=0x0000027c1dd0b578 relative=0x0000000000000198
Event: 2.829 Thread 0x0000027c12ff0cf0 Uncommon trap: reason=unstable_if action=reinterpret pc=0x0000027c1dd0b578 method=java.lang.invoke.VarHandle.checkAccessModeThenIsDirect(Ljava/lang/invoke/VarHandle$AccessDescriptor;)Z @ 4 c2
Event: 2.831 Thread 0x0000027c12ff0cf0 DEOPT PACKING pc=0x0000027c1dd0b578 sp=0x000000844eefe760
Event: 2.831 Thread 0x0000027c12ff0cf0 DEOPT UNPACKING pc=0x0000027c1d773aa2 sp=0x000000844eefe6b8 mode 2

Classes loaded (20 events):
Event: 2.979 Loading class java/util/AbstractQueue done
Event: 2.979 Loading class java/util/concurrent/SynchronousQueue done
Event: 2.980 Loading class java/util/concurrent/SynchronousQueue$Transferer
Event: 2.980 Loading class java/util/concurrent/LinkedTransferQueue
Event: 2.982 Loading class java/util/concurrent/TransferQueue
Event: 2.983 Loading class java/util/concurrent/TransferQueue done
Event: 2.983 Loading class java/util/concurrent/LinkedTransferQueue done
Event: 2.983 Loading class java/util/concurrent/SynchronousQueue$Transferer done
Event: 2.983 Loading class java/util/concurrent/LinkedTransferQueue$DualNode
Event: 2.984 Loading class java/util/concurrent/LinkedTransferQueue$DualNode done
Event: 2.986 Loading class java/util/concurrent/RejectedExecutionHandler
Event: 2.986 Loading class java/util/concurrent/RejectedExecutionHandler done
Event: 2.986 Loading class java/util/concurrent/LinkedBlockingQueue
Event: 2.987 Loading class java/util/concurrent/LinkedBlockingQueue done
Event: 2.987 Loading class java/util/concurrent/LinkedBlockingQueue$Node
Event: 2.987 Loading class java/util/concurrent/LinkedBlockingQueue$Node done
Event: 3.019 Loading class java/util/concurrent/Semaphore$NonfairSync
Event: 3.020 Loading class java/util/concurrent/Semaphore$Sync
Event: 3.020 Loading class java/util/concurrent/Semaphore$Sync done
Event: 3.020 Loading class java/util/concurrent/Semaphore$NonfairSync done

Classes unloaded (0 events):
No events

Classes redefined (0 events):
No events

Internal exceptions (20 events):
Event: 1.604 Thread 0x0000027c12ff0cf0 Exception <a 'java/io/FileNotFoundException'{0x00000000d64c1758}> (0x00000000d64c1758) 
thrown [s\src\hotspot\share\prims\jni.cpp, line 520]
Event: 1.604 Thread 0x0000027c12ff0cf0 Exception <a 'java/io/FileNotFoundException'{0x00000000d64c2408}> (0x00000000d64c2408) 
thrown [s\src\hotspot\share\prims\jni.cpp, line 520]
Event: 1.605 Thread 0x0000027c12ff0cf0 Exception <a 'java/io/FileNotFoundException'{0x00000000d64c2f80}> (0x00000000d64c2f80) 
thrown [s\src\hotspot\share\prims\jni.cpp, line 520]
Event: 1.616 Thread 0x0000027c12ff0cf0 Implicit null exception at 0x0000027c1dcf4024 to 0x0000027c1dcf4594
Event: 1.636 Thread 0x0000027c12ff0cf0 Exception <a 'java/io/FileNotFoundException'{0x00000000d64fb428}> (0x00000000d64fb428) 
thrown [s\src\hotspot\share\prims\jni.cpp, line 520]
Event: 1.657 Thread 0x0000027c12ff0cf0 Exception <a 'java/lang/NoSuchMethodError'{0x00000000d6533998}: 'java.lang.Object java.lang.invoke.DirectMethodHandle$Holder.invokeInterface(java.lang.Object, java.lang.Object)'> (0x00000000d6533998) 
thrown [s\src\hotspot\share\interpreter\linkResolver.cpp, line 773]
Event: 1.667 Thread 0x0000027c12ff0cf0 Exception <a 'java/lang/NoSuchMethodError'{0x00000000d6547288}: 'java.lang.Object java.lang.invoke.Invokers$Holder.invokeExact_MT(java.lang.Object, java.lang.Object, java.lang.Object, java.lang.Object, java.lang.Object, java.lang.Object)'> (0x00000000d6547288) 
thrown [s\src\hotspot\share\interpreter\linkResolver.cpp, line 773]
Event: 1.674 Thread 0x0000027c12ff0cf0 Exception <a 'java/lang/NoSuchMethodError'{0x00000000d655e4e0}: 'int java.lang.invoke.DirectMethodHandle$Holder.invokeStatic(java.lang.Object, java.lang.Object, java.lang.Object, java.lang.Object, java.lang.Object)'> (0x00000000d655e4e0) 
thrown [s\src\hotspot\share\interpreter\linkResolver.cpp, line 773]
Event: 1.725 Thread 0x0000027c12ff0cf0 Exception <a 'java/lang/NoSuchMethodError'{0x00000000d65f1fa8}: 'java.lang.Object java.lang.invoke.DirectMethodHandle$Holder.invokeInterface(java.lang.Object, java.lang.Object, int)'> (0x00000000d65f1fa8) 
thrown [s\src\hotspot\share\interpreter\linkResolver.cpp, line 773]
Event: 2.235 Thread 0x0000027c12ff0cf0 Exception <a 'java/lang/NoSuchMethodError'{0x00000000d6a78da0}: 'java.lang.ClassLoader java.lang.ClassLoader.getPlatformClassLoader(java.lang.Class)'> (0x00000000d6a78da0) 
thrown [s\src\hotspot\share\interpreter\linkResolver.cpp, line 773]
Event: 2.480 Thread 0x0000027c12ff0cf0 Exception <a 'java/lang/ClassNotFoundException'{0x00000000d5597770}: sun/net/www/protocol/c/Handler> (0x00000000d5597770) 
thrown [s\src\hotspot\share\classfile\systemDictionary.cpp, line 312]
Event: 2.481 Thread 0x0000027c12ff0cf0 Exception <a 'java/lang/ClassNotFoundException'{0x00000000d5598b88}: sun/net/www/protocol/d/Handler> (0x00000000d5598b88) 
thrown [s\src\hotspot\share\classfile\systemDictionary.cpp, line 312]
Event: 2.481 Thread 0x0000027c12ff0cf0 Exception <a 'java/lang/ClassNotFoundException'{0x00000000d5599e38}: sun/net/www/protocol/c/Handler> (0x00000000d5599e38) 
thrown [s\src\hotspot\share\classfile\systemDictionary.cpp, line 312]
Event: 2.502 Thread 0x0000027c12ff0cf0 Exception <a 'java/io/FileNotFoundException'{0x00000000d55beaa8}> (0x00000000d55beaa8) 
thrown [s\src\hotspot\share\prims\jni.cpp, line 520]
Event: 2.626 Thread 0x0000027c12ff0cf0 Implicit null exception at 0x0000027c1dd201c9 to 0x0000027c1dd20b34
Event: 2.626 Thread 0x0000027c12ff0cf0 Implicit null exception at 0x0000027c1dd3219a to 0x0000027c1dd323a8
Event: 2.627 Thread 0x0000027c12ff0cf0 Exception <a 'java/lang/NoSuchMethodError'{0x00000000d57aeb58}: 'void java.lang.invoke.DirectMethodHandle$Holder.invokeStatic(java.lang.Object, java.lang.Object, java.lang.Object, java.lang.Object)'> (0x00000000d57aeb58) 
thrown [s\src\hotspot\share\interpreter\linkResolver.cpp, line 773]
Event: 2.629 Thread 0x0000027c12ff0cf0 Implicit null exception at 0x0000027c1dd2d21a to 0x0000027c1dd2d428
Event: 2.631 Thread 0x0000027c12ff0cf0 Implicit null exception at 0x0000027c1dd23c3d to 0x0000027c1dd23cc1
Event: 2.856 Thread 0x0000027c12ff0cf0 Exception <a 'java/lang/NoSuchMethodError'{0x00000000d5a28e90}: 'void java.lang.invoke.DirectMethodHandle$Holder.invokeSpecial(java.lang.Object, java.lang.Object, java.lang.Object)'> (0x00000000d5a28e90) 
thrown [s\src\hotspot\share\interpreter\linkResolver.cpp, line 773]

ZGC Phase Switch (0 events):
No events

VM Operations (14 events):
Event: 0.212 Executing VM operation: HandshakeAllThreads (Deoptimize)
Event: 0.212 Executing VM operation: HandshakeAllThreads (Deoptimize) done
Event: 0.419 Executing VM operation: HandshakeAllThreads (Deoptimize)
Event: 0.419 Executing VM operation: HandshakeAllThreads (Deoptimize) done
Event: 1.431 Executing VM operation: Cleanup
Event: 1.432 Executing VM operation: Cleanup done
Event: 1.453 Executing VM operation: HandshakeAllThreads (Deoptimize)
Event: 1.453 Executing VM operation: HandshakeAllThreads (Deoptimize) done
Event: 1.518 Executing VM operation: HandshakeAllThreads (Deoptimize)
Event: 1.518 Executing VM operation: HandshakeAllThreads (Deoptimize) done
Event: 2.409 Executing VM operation: HandshakeAllThreads (Deoptimize)
Event: 2.410 Executing VM operation: HandshakeAllThreads (Deoptimize) done
Event: 2.444 Executing VM operation: ParallelGCFailedAllocation (Allocation Failure)
Event: 2.471 Executing VM operation: ParallelGCFailedAllocation (Allocation Failure) done

Memory protections (0 events):
No events

Nmethod flushes (0 events):
No events

Events (14 events):
Event: 0.042 Thread 0x0000027c12ff0cf0 Thread added: 0x0000027c12ff0cf0
Event: 0.078 Thread 0x0000027c12ff0cf0 Thread added: 0x0000027c12ed9f50
Event: 0.078 Thread 0x0000027c12ff0cf0 Thread added: 0x0000027c12edb850
Event: 0.078 Thread 0x0000027c12ff0cf0 Thread added: 0x0000027c12edd9e0
Event: 0.078 Thread 0x0000027c12ff0cf0 Thread added: 0x0000027c12ede8f0
Event: 0.079 Thread 0x0000027c12ff0cf0 Thread added: 0x0000027c12ee24c0
Event: 0.079 Thread 0x0000027c12ff0cf0 Thread added: 0x0000027c12ee2f10
Event: 0.079 Thread 0x0000027c12ff0cf0 Thread added: 0x0000027c12ee3d40
Event: 0.082 Thread 0x0000027c12ff0cf0 Thread added: 0x0000027c12f5b9a0
Event: 0.175 Thread 0x0000027c12ff0cf0 Thread added: 0x0000027c1305e760
Event: 0.888 Thread 0x0000027c12ff0cf0 Thread added: 0x0000027c6b8e7e40
Event: 1.189 Thread 0x0000027c12f5b9a0 Thread added: 0x0000027c6b8eee10
Event: 1.783 Thread 0x0000027c6b8eee10 Thread exited: 0x0000027c6b8eee10
Event: 3.061 Thread 0x0000027c12f5b9a0 Thread added: 0x0000027c704ac4c0


Dynamic libraries:
0x00007ff7a2f30000 - 0x00007ff7a2f3e000 	c:\Users\LUIGGI\.vscode\extensions\redhat.java-1.46.0-win32-x64\jre\21.0.8-win32-x86_64\bin\java.exe
0x00007ffe14690000 - 0x00007ffe14888000 	C:\WINDOWS\SYSTEM32\ntdll.dll
0x00007ffe12f60000 - 0x00007ffe13022000 	C:\WINDOWS\System32\KERNEL32.DLL
0x00007ffe120b0000 - 0x00007ffe123a6000 	C:\WINDOWS\System32\KERNELBASE.dll
0x00007ffe11e50000 - 0x00007ffe11f50000 	C:\WINDOWS\System32\ucrtbase.dll
0x00007ffe0b680000 - 0x00007ffe0b698000 	c:\Users\LUIGGI\.vscode\extensions\redhat.java-1.46.0-win32-x64\jre\21.0.8-win32-x86_64\bin\jli.dll
0x00007ffe13490000 - 0x00007ffe1362d000 	C:\WINDOWS\System32\USER32.dll
0x00007ffe12690000 - 0x00007ffe126b2000 	C:\WINDOWS\System32\win32u.dll
0x00007ffe13030000 - 0x00007ffe1305b000 	C:\WINDOWS\System32\GDI32.dll
0x00007ffe11d30000 - 0x00007ffe11e49000 	C:\WINDOWS\System32\gdi32full.dll
0x00007ffe125f0000 - 0x00007ffe1268d000 	C:\WINDOWS\System32\msvcp_win.dll
0x00007ffe09390000 - 0x00007ffe093ae000 	c:\Users\LUIGGI\.vscode\extensions\redhat.java-1.46.0-win32-x64\jre\21.0.8-win32-x86_64\bin\VCRUNTIME140.dll
0x00007ffe01060000 - 0x00007ffe012fb000 	C:\WINDOWS\WinSxS\amd64_microsoft.windows.common-controls_6595b64144ccf1df_6.0.19041.6280_none_60bc30a171f2f3f3\COMCTL32.dll
0x00007ffe13d20000 - 0x00007ffe13dbe000 	C:\WINDOWS\System32\msvcrt.dll
0x00007ffe14250000 - 0x00007ffe1427f000 	C:\WINDOWS\System32\IMM32.DLL
0x00007ffe0b670000 - 0x00007ffe0b67c000 	c:\Users\LUIGGI\.vscode\extensions\redhat.java-1.46.0-win32-x64\jre\21.0.8-win32-x86_64\bin\vcruntime140_1.dll
0x00007ffdef7d0000 - 0x00007ffdef85d000 	c:\Users\LUIGGI\.vscode\extensions\redhat.java-1.46.0-win32-x64\jre\21.0.8-win32-x86_64\bin\msvcp140.dll
0x00007ffdcfc80000 - 0x00007ffdd0a17000 	c:\Users\LUIGGI\.vscode\extensions\redhat.java-1.46.0-win32-x64\jre\21.0.8-win32-x86_64\bin\server\jvm.dll
0x00007ffe140e0000 - 0x00007ffe14191000 	C:\WINDOWS\System32\ADVAPI32.dll
0x00007ffe14280000 - 0x00007ffe1431f000 	C:\WINDOWS\System32\sechost.dll
0x00007ffe13b30000 - 0x00007ffe13c50000 	C:\WINDOWS\System32\RPCRT4.dll
0x00007ffe11fd0000 - 0x00007ffe11ff7000 	C:\WINDOWS\System32\bcrypt.dll
0x00007ffe12ef0000 - 0x00007ffe12f5b000 	C:\WINDOWS\System32\WS2_32.dll
0x00007ffe11b80000 - 0x00007ffe11bcb000 	C:\WINDOWS\SYSTEM32\POWRPROF.dll
0x00007ffe01bb0000 - 0x00007ffe01bba000 	C:\WINDOWS\SYSTEM32\VERSION.dll
0x00007ffe01340000 - 0x00007ffe01367000 	C:\WINDOWS\SYSTEM32\WINMM.dll
0x00007ffe11b60000 - 0x00007ffe11b72000 	C:\WINDOWS\SYSTEM32\UMPDC.dll
0x00007ffe0fbd0000 - 0x00007ffe0fbe2000 	C:\WINDOWS\SYSTEM32\kernel.appcore.dll
0x00007ffe03f50000 - 0x00007ffe03f5a000 	c:\Users\LUIGGI\.vscode\extensions\redhat.java-1.46.0-win32-x64\jre\21.0.8-win32-x86_64\bin\jimage.dll
0x00007ffe013f0000 - 0x00007ffe015f1000 	C:\WINDOWS\SYSTEM32\DBGHELP.DLL
0x00007ffdfb570000 - 0x00007ffdfb5a4000 	C:\WINDOWS\SYSTEM32\dbgcore.DLL
0x00007ffe12510000 - 0x00007ffe12592000 	C:\WINDOWS\System32\bcryptPrimitives.dll
0x00007ffe03d30000 - 0x00007ffe03d3f000 	c:\Users\LUIGGI\.vscode\extensions\redhat.java-1.46.0-win32-x64\jre\21.0.8-win32-x86_64\bin\instrument.dll
0x00007ffe037d0000 - 0x00007ffe037ef000 	c:\Users\LUIGGI\.vscode\extensions\redhat.java-1.46.0-win32-x64\jre\21.0.8-win32-x86_64\bin\java.dll
0x00007ffe12780000 - 0x00007ffe12ef0000 	C:\WINDOWS\System32\SHELL32.dll
0x00007ffe0fdd0000 - 0x00007ffe10575000 	C:\WINDOWS\SYSTEM32\windows.storage.dll
0x00007ffe130d0000 - 0x00007ffe13423000 	C:\WINDOWS\System32\combase.dll
0x00007ffe11690000 - 0x00007ffe116bb000 	C:\WINDOWS\SYSTEM32\Wldp.dll
0x00007ffe13c50000 - 0x00007ffe13d1d000 	C:\WINDOWS\System32\OLEAUT32.dll
0x00007ffe141a0000 - 0x00007ffe1424d000 	C:\WINDOWS\System32\SHCORE.dll
0x00007ffe13dc0000 - 0x00007ffe13e1b000 	C:\WINDOWS\System32\shlwapi.dll
0x00007ffe11c60000 - 0x00007ffe11c84000 	C:\WINDOWS\SYSTEM32\profapi.dll
0x00007ffdffaf0000 - 0x00007ffdffb08000 	c:\Users\LUIGGI\.vscode\extensions\redhat.java-1.46.0-win32-x64\jre\21.0.8-win32-x86_64\bin\zip.dll
0x00007ffe03c70000 - 0x00007ffe03c80000 	C:\Users\LUIGGI\.vscode\extensions\redhat.java-1.46.0-win32-x64\jre\21.0.8-win32-x86_64\bin\net.dll
0x00007ffe0cdb0000 - 0x00007ffe0ceba000 	C:\WINDOWS\SYSTEM32\WINHTTP.dll
0x00007ffe113f0000 - 0x00007ffe1145a000 	C:\WINDOWS\system32\mswsock.dll
0x00007ffdf54d0000 - 0x00007ffdf54e6000 	C:\Users\LUIGGI\.vscode\extensions\redhat.java-1.46.0-win32-x64\jre\21.0.8-win32-x86_64\bin\nio.dll
0x00007ffdffb70000 - 0x00007ffdffb80000 	c:\Users\LUIGGI\.vscode\extensions\redhat.java-1.46.0-win32-x64\jre\21.0.8-win32-x86_64\bin\verify.dll

JVMTI agents:
c:\Users\LUIGGI\.vscode\extensions\redhat.java-1.46.0-win32-x64\lombok\lombok-1.18.39-4050.jar path:c:\Users\LUIGGI\.vscode\extensions\redhat.java-1.46.0-win32-x64\jre\21.0.8-win32-x86_64\bin\instrument.dll, loaded, initialized, instrumentlib options:none

dbghelp: loaded successfully - version: 4.0.5 - missing functions: none
symbol engine: initialized successfully - sym options: 0x614 - pdb path: .;c:\Users\LUIGGI\.vscode\extensions\redhat.java-1.46.0-win32-x64\jre\21.0.8-win32-x86_64\bin;C:\WINDOWS\SYSTEM32;C:\WINDOWS\WinSxS\amd64_microsoft.windows.common-controls_6595b64144ccf1df_6.0.19041.6280_none_60bc30a171f2f3f3;c:\Users\LUIGGI\.vscode\extensions\redhat.java-1.46.0-win32-x64\jre\21.0.8-win32-x86_64\bin\server

VM Arguments:
jvm_args: --add-modules=ALL-SYSTEM --add-opens=java.base/java.util=ALL-UNNAMED --add-opens=java.base/java.lang=ALL-UNNAMED --add-opens=java.base/sun.nio.fs=ALL-UNNAMED -Declipse.application=org.eclipse.jdt.ls.core.id1 -Dosgi.bundles.defaultStartLevel=4 -Declipse.product=org.eclipse.jdt.ls.core.product -Djava.import.generatesMetadataFilesAtProjectRoot=false -DDetectVMInstallationsJob.disabled=true -Dfile.encoding=utf8 -XX:+UseParallelGC -XX:GCTimeRatio=4 -XX:AdaptiveSizePolicyWeight=90 -Dsun.zip.disableMemoryMapping=true -Xmx2G -Xms100m -Xlog:disable -javaagent:c:\Users\LUIGGI\.vscode\extensions\redhat.java-1.46.0-win32-x64\lombok\lombok-1.18.39-4050.jar 
java_command: c:\Users\LUIGGI\.vscode\extensions\redhat.java-1.46.0-win32-x64\server\plugins\org.eclipse.equinox.launcher_1.7.0.v20250519-0528.jar -configuration c:\Users\LUIGGI\AppData\Roaming\Code\User\globalStorage\redhat.java\1.46.0\config_ss_win -data c:\Users\LUIGGI\AppData\Roaming\Code\User\workspaceStorage\cdaab95eed81a43ac8717f4e79673a67\redhat.java\ss_ws --pipe=\\.\pipe\lsp-22778cca4f6c83d84c54a68d1ad3fb4a-sock
java_class_path (initial): c:\Users\LUIGGI\.vscode\extensions\redhat.java-1.46.0-win32-x64\server\plugins\org.eclipse.equinox.launcher_1.7.0.v20250519-0528.jar
Launcher Type: SUN_STANDARD

[Global flags]
    uintx AdaptiveSizePolicyWeight                 = 90                                        {product} {command line}
     intx CICompilerCount                          = 3                                         {product} {ergonomic}
    uintx GCTimeRatio                              = 4                                         {product} {command line}
   size_t InitialHeapSize                          = 104857600                                 {product} {command line}
   size_t MaxHeapSize                              = 2147483648                                {product} {command line}
   size_t MaxNewSize                               = 715653120                                 {product} {ergonomic}
   size_t MinHeapDeltaBytes                        = 524288                                    {product} {ergonomic}
   size_t MinHeapSize                              = 104857600                                 {product} {command line}
   size_t NewSize                                  = 34603008                                  {product} {ergonomic}
    uintx NonNMethodCodeHeapSize                   = 5832780                                {pd product} {ergonomic}
    uintx NonProfiledCodeHeapSize                  = 122912730                              {pd product} {ergonomic}
   size_t OldSize                                  = 70254592                                  {product} {ergonomic}
    uintx ProfiledCodeHeapSize                     = 122912730                              {pd product} {ergonomic}
    uintx ReservedCodeCacheSize                    = 251658240                              {pd product} {ergonomic}
     bool SegmentedCodeCache                       = true                                      {product} {ergonomic}
   size_t SoftMaxHeapSize                          = 2147483648                             {manageable} {ergonomic}
     bool UseCompressedOops                        = true                           {product lp64_product} {ergonomic}
     bool UseLargePagesIndividualAllocation        = false                                  {pd product} {ergonomic}
     bool UseParallelGC                            = true                                      {product} {command line}

Logging:
Log output configuration:
 #0: stdout all=off uptime,level,tags foldmultilines=false
 #1: stderr all=off uptime,level,tags foldmultilines=false

Environment Variables:
JAVA_HOME=C:\Program Files\Java\jdk-22
CLASSPATH=D:\LINGO64_20\Lingo20.jar
PATH=C:\Program Files\Common Files\Oracle\Java\javapath;C:\WINDOWS\system32;C:\WINDOWS;C:\WINDOWS\System32\Wbem;C:\WINDOWS\System32\WindowsPowerShell\v1.0\;C:\WINDOWS\System32\OpenSSH\;C:\Program Files (x86)\Microsoft SQL Server\160\Tools\Binn\;C:\Program Files\Microsoft SQL Server\160\Tools\Binn\;C:\Program Files\Microsoft SQL Server\Client SDK\ODBC\170\Tools\Binn\;C:\Program Files\Microsoft SQL Server\160\DTS\Binn\;D:\LINGO64_20\;C:\Program Files\Java\jdk-22\bin;C:\ProgramData\chocolatey\bin;C:\php;C:\xampp\php;C:\ProgramData\ComposerSetup\bin;C:\Program Files\Git\cmd;C:\Users\LUIGGI\AppData\Local\nvm;C:\nvm4w\nodejs;C:\Users\LUIGGI\AppData\Local\Microsoft\WindowsApps;C:\Program Files\MongoDB\Server\5.0\bin;C:\Users\LUIGGI\AppData\Local\Programs\Microsoft VS Code\bin;C:\Users\LUIGGI\AppData\Local\GitHubDesktop\bin;C:\Program Files\Java\jdk-20.0.2\bin;C:\Program Files\Azure Data Studio\bin;C:\Program Files\Azure Data Studio\bin;C:\Program Files\Java\jdk-22\bin;C:\Users\LUIGGI\AppData\Roaming\Composer\vendor\bin;C:\Users\LUIGGI\AppData\Local\nvm;C:\nvm4w\nodejs
USERNAME=LUIGGI
OS=Windows_NT
PROCESSOR_IDENTIFIER=Intel64 Family 6 Model 58 Stepping 9, GenuineIntel
TMP=C:\Users\LUIGGI\AppData\Local\Temp
TEMP=C:\Users\LUIGGI\AppData\Local\Temp




Periodic native trim disabled

---------------  S Y S T E M  ---------------

OS:
 Windows 10 , 64 bit Build 19041 (10.0.19041.5915)
OS uptime: 0 days 1:51 hours

CPU: total 4 (initial active 4) (2 cores per cpu, 2 threads per core) family 6 model 58 stepping 9 microcode 0x21, cx8, cmov, fxsr, ht, mmx, sse, sse2, sse3, ssse3, sse4.1, sse4.2, popcnt, tsc, tscinvbit, avx, erms, clmul, vzeroupper, clflush, rdtscp, f16c
Processor Information for the first 4 processors :
  Max Mhz: 3300, Current Mhz: 3300, Mhz Limit: 3300

Memory: 4k page, system-wide physical 8079M (967M free)
TotalPageFile size 10998M (AvailPageFile size 3M)
current process WorkingSet (physical memory assigned to process): 82M, peak: 83M
current process commit charge ("private bytes"): 224M, peak: 225M

vm_info: OpenJDK 64-Bit Server VM (21.0.8+9-LTS) for windows-amd64 JRE (21.0.8+9-LTS), built on 2025-07-15T00:00:00Z by "admin" with MS VC++ 17.7 (VS2022)

END.
